-- The C compiler identification is GNU 11.4.0
-- The CXX compiler identification is GNU 11.4.0
-- Detecting C compiler ABI info
-- Detecting C compiler ABI info - done
-- Check for working C compiler: /usr/bin/cc - skipped
-- Detecting C compile features
-- Detecting C compile features - done
-- Detecting CXX compiler ABI info
-- Detecting CXX compiler ABI info - done
-- Check for working CXX compiler: /usr/bin/c++ - skipped
-- Detecting CXX compile features
-- Detecting CXX compile features - done
-- Found ament_cmake: 1.3.12 (/opt/ros/humble/share/ament_cmake/cmake)
-- Found Python3: /usr/bin/python3 (found version "3.10.12") found components: Interpreter 
-- Found rclcpp: 16.0.14 (/opt/ros/humble/share/rclcpp/cmake)
-- Found rosidl_generator_c: 3.1.7 (/opt/ros/humble/share/rosidl_generator_c/cmake)
-- Found rosidl_adapter: 3.1.7 (/opt/ros/humble/share/rosidl_adapter/cmake)
-- Found rosidl_generator_cpp: 3.1.7 (/opt/ros/humble/share/rosidl_generator_cpp/cmake)
-- Using all available rosidl_typesupport_c: rosidl_typesupport_fastrtps_c;rosidl_typesupport_introspection_c
-- Using all available rosidl_typesupport_cpp: rosidl_typesupport_fastrtps_cpp;rosidl_typesupport_introspection_cpp
-- Found rmw_implementation_cmake: 6.1.2 (/opt/ros/humble/share/rmw_implementation_cmake/cmake)
-- Found rmw_cyclonedds_cpp: 1.3.4 (/opt/ros/humble/share/rmw_cyclonedds_cpp/cmake)
-- Using RMW implementation 'rmw_cyclonedds_cpp' as default
-- Looking for pthread.h
-- Looking for pthread.h - found
-- Performing Test CMAKE_HAVE_LIBC_PTHREAD
-- Performing Test CMAKE_HAVE_LIBC_PTHREAD - Success
-- Found Threads: TRUE  
-- Found interface_protocol: 0.0.1 (/home/ubuntu/code/engineai_ros2_workspace/install/interface_protocol/share/interface_protocol/cmake)
-- Found GTest: /usr/lib/x86_64-linux-gnu/cmake/GTest/GTestConfig.cmake (found version "1.11.0")  
-- Found OpenGL: /usr/lib/x86_64-linux-gnu/libOpenGL.so   
-- Configuring done
-- Generating done
-- Build files have been written to: /home/ubuntu/code/engineai_ros2_workspace/build/mujoco_simulator
[ 33%] [32mBuilding CXX object simulate/CMakeFiles/platform_ui_adapter.dir/glfw_dispatch.cc.o[0m
[ 33%] [32mBuilding CXX object simulate/CMakeFiles/platform_ui_adapter.dir/platform_ui_adapter.cc.o[0m
[ 33%] [32mBuilding CXX object simulate/CMakeFiles/lodepng.dir/__/_deps/lodepng-src/lodepng.cpp.o[0m
[ 33%] [32mBuilding CXX object simulate/CMakeFiles/platform_ui_adapter.dir/glfw_adapter.cc.o[0m
[ 33%] Built target platform_ui_adapter
[ 41%] [32m[1mLinking CXX static library liblodepng.a[0m
[ 41%] Built target lodepng
[ 50%] [32mBuilding CXX object simulate/CMakeFiles/libsimulate.dir/simulate.cc.o[0m
[ 58%] [32m[1mLinking CXX static library libsimulate.a[0m
[ 58%] Built target libsimulate
[ 91%] [32mBuilding CXX object CMakeFiles/mujoco_simulator.dir/src/config_loader.cc.o[0m
[ 91%] [32mBuilding CXX object CMakeFiles/mujoco_simulator.dir/src/main.cc.o[0m
[ 91%] [32mBuilding CXX object CMakeFiles/mujoco_simulator.dir/src/ros_interface.cc.o[0m
[ 91%] [32mBuilding CXX object CMakeFiles/mujoco_simulator.dir/src/sim_manager.cc.o[0m
[100%] [32m[1mLinking CXX executable mujoco_simulator[0m
[100%] Built target mujoco_simulator
-- Install configuration: "Release"
-- Installing: /home/ubuntu/code/engineai_ros2_workspace/install/mujoco_simulator/lib/mujoco_simulator/mujoco_simulator
-- Set runtime path of "/home/ubuntu/code/engineai_ros2_workspace/install/mujoco_simulator/lib/mujoco_simulator/mujoco_simulator" to ""
-- Installing: /home/ubuntu/code/engineai_ros2_workspace/install/mujoco_simulator/share/mujoco_simulator/launch
-- Installing: /home/ubuntu/code/engineai_ros2_workspace/install/mujoco_simulator/share/mujoco_simulator/launch/mujoco_simulator.launch.py
-- Installing: /home/ubuntu/code/engineai_ros2_workspace/install/mujoco_simulator/share/mujoco_simulator/assets
-- Installing: /home/ubuntu/code/engineai_ros2_workspace/install/mujoco_simulator/share/mujoco_simulator/assets/resource
-- Installing: /home/ubuntu/code/engineai_ros2_workspace/install/mujoco_simulator/share/mujoco_simulator/assets/resource/environment
-- Installing: /home/ubuntu/code/engineai_ros2_workspace/install/mujoco_simulator/share/mujoco_simulator/assets/resource/environment/chair.xml
-- Installing: /home/ubuntu/code/engineai_ros2_workspace/install/mujoco_simulator/share/mujoco_simulator/assets/resource/environment/ground.xml
-- Installing: /home/ubuntu/code/engineai_ros2_workspace/install/mujoco_simulator/share/mujoco_simulator/assets/resource/robot
-- Installing: /home/ubuntu/code/engineai_ros2_workspace/install/mujoco_simulator/share/mujoco_simulator/assets/resource/robot/pm_v2
-- Installing: /home/ubuntu/code/engineai_ros2_workspace/install/mujoco_simulator/share/mujoco_simulator/assets/resource/robot/pm_v2/urdf
-- Installing: /home/ubuntu/code/engineai_ros2_workspace/install/mujoco_simulator/share/mujoco_simulator/assets/resource/robot/pm_v2/urdf/serial_pm_v2.urdf
-- Installing: /home/ubuntu/code/engineai_ros2_workspace/install/mujoco_simulator/share/mujoco_simulator/assets/resource/robot/pm_v2/urdf/serial_pm_v2_command.urdf
-- Installing: /home/ubuntu/code/engineai_ros2_workspace/install/mujoco_simulator/share/mujoco_simulator/assets/resource/robot/pm_v2/meshes
-- Installing: /home/ubuntu/code/engineai_ros2_workspace/install/mujoco_simulator/share/mujoco_simulator/assets/resource/robot/pm_v2/meshes/LINK_KNEE_PITCH_L.STL
-- Installing: /home/ubuntu/code/engineai_ros2_workspace/install/mujoco_simulator/share/mujoco_simulator/assets/resource/robot/pm_v2/meshes/LINK_BASE.STL
-- Installing: /home/ubuntu/code/engineai_ros2_workspace/install/mujoco_simulator/share/mujoco_simulator/assets/resource/robot/pm_v2/meshes/LINK_HIP_PITCH_R.STL
-- Installing: /home/ubuntu/code/engineai_ros2_workspace/install/mujoco_simulator/share/mujoco_simulator/assets/resource/robot/pm_v2/meshes/LINK_SHOULDER_ROLL_R.STL
-- Installing: /home/ubuntu/code/engineai_ros2_workspace/install/mujoco_simulator/share/mujoco_simulator/assets/resource/robot/pm_v2/meshes/LINK_HIP_ROLL_R.STL
-- Installing: /home/ubuntu/code/engineai_ros2_workspace/install/mujoco_simulator/share/mujoco_simulator/assets/resource/robot/pm_v2/meshes/LINK_TORSO_YAW.STL
-- Installing: /home/ubuntu/code/engineai_ros2_workspace/install/mujoco_simulator/share/mujoco_simulator/assets/resource/robot/pm_v2/meshes/LINK_KNEE_PITCH_R.STL
-- Installing: /home/ubuntu/code/engineai_ros2_workspace/install/mujoco_simulator/share/mujoco_simulator/assets/resource/robot/pm_v2/meshes/LINK_ELBOW_YAW_L.STL
-- Installing: /home/ubuntu/code/engineai_ros2_workspace/install/mujoco_simulator/share/mujoco_simulator/assets/resource/robot/pm_v2/meshes/LINK_ANKLE_ROLL_L.STL
-- Installing: /home/ubuntu/code/engineai_ros2_workspace/install/mujoco_simulator/share/mujoco_simulator/assets/resource/robot/pm_v2/meshes/LINK_ELBOW_YAW_R.STL
-- Installing: /home/ubuntu/code/engineai_ros2_workspace/install/mujoco_simulator/share/mujoco_simulator/assets/resource/robot/pm_v2/meshes/LINK_HIP_YAW_L.STL
-- Installing: /home/ubuntu/code/engineai_ros2_workspace/install/mujoco_simulator/share/mujoco_simulator/assets/resource/robot/pm_v2/meshes/LINK_SHOULDER_YAW_R.STL
-- Installing: /home/ubuntu/code/engineai_ros2_workspace/install/mujoco_simulator/share/mujoco_simulator/assets/resource/robot/pm_v2/meshes/LINK_ELBOW_PITCH_R.STL
-- Installing: /home/ubuntu/code/engineai_ros2_workspace/install/mujoco_simulator/share/mujoco_simulator/assets/resource/robot/pm_v2/meshes/LINK_SHOULDER_ROLL_L.STL
-- Installing: /home/ubuntu/code/engineai_ros2_workspace/install/mujoco_simulator/share/mujoco_simulator/assets/resource/robot/pm_v2/meshes/LINK_HIP_ROLL_L.STL
-- Installing: /home/ubuntu/code/engineai_ros2_workspace/install/mujoco_simulator/share/mujoco_simulator/assets/resource/robot/pm_v2/meshes/LINK_ANKLE_PITCH_L.STL
-- Installing: /home/ubuntu/code/engineai_ros2_workspace/install/mujoco_simulator/share/mujoco_simulator/assets/resource/robot/pm_v2/meshes/LINK_ANKLE_PITCH_R.STL
-- Installing: /home/ubuntu/code/engineai_ros2_workspace/install/mujoco_simulator/share/mujoco_simulator/assets/resource/robot/pm_v2/meshes/LINK_HEAD_YAW.STL
-- Installing: /home/ubuntu/code/engineai_ros2_workspace/install/mujoco_simulator/share/mujoco_simulator/assets/resource/robot/pm_v2/meshes/LINK_SHOULDER_PITCH_R.STL
-- Installing: /home/ubuntu/code/engineai_ros2_workspace/install/mujoco_simulator/share/mujoco_simulator/assets/resource/robot/pm_v2/meshes/LINK_ELBOW_PITCH_L.STL
-- Installing: /home/ubuntu/code/engineai_ros2_workspace/install/mujoco_simulator/share/mujoco_simulator/assets/resource/robot/pm_v2/meshes/LINK_HIP_PITCH_L.STL
-- Installing: /home/ubuntu/code/engineai_ros2_workspace/install/mujoco_simulator/share/mujoco_simulator/assets/resource/robot/pm_v2/meshes/LINK_HIP_YAW_R.STL
-- Installing: /home/ubuntu/code/engineai_ros2_workspace/install/mujoco_simulator/share/mujoco_simulator/assets/resource/robot/pm_v2/meshes/LINK_ANKLE_ROLL_R.STL
-- Installing: /home/ubuntu/code/engineai_ros2_workspace/install/mujoco_simulator/share/mujoco_simulator/assets/resource/robot/pm_v2/meshes/LINK_SHOULDER_PITCH_L.STL
-- Installing: /home/ubuntu/code/engineai_ros2_workspace/install/mujoco_simulator/share/mujoco_simulator/assets/resource/robot/pm_v2/meshes/LINK_SHOULDER_YAW_L.STL
-- Installing: /home/ubuntu/code/engineai_ros2_workspace/install/mujoco_simulator/share/mujoco_simulator/assets/resource/robot/pm_v2/xml
-- Installing: /home/ubuntu/code/engineai_ros2_workspace/install/mujoco_simulator/share/mujoco_simulator/assets/resource/robot/pm_v2/xml/serial_actuators.xml
-- Installing: /home/ubuntu/code/engineai_ros2_workspace/install/mujoco_simulator/share/mujoco_simulator/assets/resource/robot/pm_v2/xml/serial_links.xml
-- Installing: /home/ubuntu/code/engineai_ros2_workspace/install/mujoco_simulator/share/mujoco_simulator/assets/resource/robot/pm_v2/xml/serial_sensors.xml
-- Installing: /home/ubuntu/code/engineai_ros2_workspace/install/mujoco_simulator/share/mujoco_simulator/assets/resource/robot/pm_v2/xml/serial_pm_v2.xml
-- Installing: /home/ubuntu/code/engineai_ros2_workspace/install/mujoco_simulator/share/mujoco_simulator/assets/resource/robot/pm_v2/xml/assets.xml
-- Installing: /home/ubuntu/code/engineai_ros2_workspace/install/mujoco_simulator/share/mujoco_simulator/assets/resource/pm_v2.xml
-- Installing: /home/ubuntu/code/engineai_ros2_workspace/install/mujoco_simulator/share/mujoco_simulator/assets/config
-- Installing: /home/ubuntu/code/engineai_ros2_workspace/install/mujoco_simulator/share/mujoco_simulator/assets/config/pm_v2.yaml
-- Installing: /home/ubuntu/code/engineai_ros2_workspace/install/mujoco_simulator/share/ament_index/resource_index/package_run_dependencies/mujoco_simulator
-- Installing: /home/ubuntu/code/engineai_ros2_workspace/install/mujoco_simulator/share/ament_index/resource_index/parent_prefix_path/mujoco_simulator
-- Installing: /home/ubuntu/code/engineai_ros2_workspace/install/mujoco_simulator/share/mujoco_simulator/environment/ament_prefix_path.sh
-- Installing: /home/ubuntu/code/engineai_ros2_workspace/install/mujoco_simulator/share/mujoco_simulator/environment/ament_prefix_path.dsv
-- Installing: /home/ubuntu/code/engineai_ros2_workspace/install/mujoco_simulator/share/mujoco_simulator/environment/path.sh
-- Installing: /home/ubuntu/code/engineai_ros2_workspace/install/mujoco_simulator/share/mujoco_simulator/environment/path.dsv
-- Installing: /home/ubuntu/code/engineai_ros2_workspace/install/mujoco_simulator/share/mujoco_simulator/local_setup.bash
-- Installing: /home/ubuntu/code/engineai_ros2_workspace/install/mujoco_simulator/share/mujoco_simulator/local_setup.sh
-- Installing: /home/ubuntu/code/engineai_ros2_workspace/install/mujoco_simulator/share/mujoco_simulator/local_setup.zsh
-- Installing: /home/ubuntu/code/engineai_ros2_workspace/install/mujoco_simulator/share/mujoco_simulator/local_setup.dsv
-- Installing: /home/ubuntu/code/engineai_ros2_workspace/install/mujoco_simulator/share/mujoco_simulator/package.dsv
-- Installing: /home/ubuntu/code/engineai_ros2_workspace/install/mujoco_simulator/share/ament_index/resource_index/packages/mujoco_simulator
-- Installing: /home/ubuntu/code/engineai_ros2_workspace/install/mujoco_simulator/share/mujoco_simulator/cmake/mujoco_simulatorConfig.cmake
-- Installing: /home/ubuntu/code/engineai_ros2_workspace/install/mujoco_simulator/share/mujoco_simulator/cmake/mujoco_simulatorConfig-version.cmake
-- Installing: /home/ubuntu/code/engineai_ros2_workspace/install/mujoco_simulator/share/mujoco_simulator/package.xml
