[0.005s] Invoking command in '/home/ubuntu/code/engineai_ros2_workspace/build/mujoco_simulator': AMENT_PREFIX_PATH=/home/ubuntu/code/engineai_ros2_workspace/install/interface_protocol:${AMENT_PREFIX_PATH} CMAKE_PREFIX_PATH=/home/ubuntu/code/engineai_ros2_workspace/install/interface_protocol:/opt/ros/humble LD_LIBRARY_PATH=/home/ubuntu/code/engineai_ros2_workspace/install/interface_protocol/lib:${LD_LIBRARY_PATH} PYTHONPATH=/home/ubuntu/code/engineai_ros2_workspace/install/interface_protocol/local/lib/python3.10/dist-packages:${PYTHONPATH} /usr/bin/cmake /home/ubuntu/code/engineai_ros2_workspace/src/simulation/mujoco -DCMAKE_BUILD_TYPE=Release -DCMAKE_INSTALL_PREFIX=/home/ubuntu/code/engineai_ros2_workspace/install/mujoco_simulator
[0.038s] -- The C compiler identification is GNU 11.4.0
[0.065s] -- The CXX compiler identification is GNU 11.4.0
[0.069s] -- Detecting C compiler ABI info
[0.111s] -- Detecting C compiler ABI info - done
[0.114s] -- Check for working C compiler: /usr/bin/cc - skipped
[0.114s] -- Detecting C compile features
[0.115s] -- Detecting C compile features - done
[0.116s] -- Detecting CXX compiler ABI info
[0.161s] -- Detecting CXX compiler ABI info - done
[0.164s] -- Check for working CXX compiler: /usr/bin/c++ - skipped
[0.164s] -- Detecting CXX compile features
[0.165s] -- Detecting CXX compile features - done
[0.165s] -- Found ament_cmake: 1.3.12 (/opt/ros/humble/share/ament_cmake/cmake)
[0.239s] -- Found Python3: /usr/bin/python3 (found version "3.10.12") found components: Interpreter 
[0.277s] -- Found rclcpp: 16.0.14 (/opt/ros/humble/share/rclcpp/cmake)
[0.297s] -- Found rosidl_generator_c: 3.1.7 (/opt/ros/humble/share/rosidl_generator_c/cmake)
[0.299s] -- Found rosidl_adapter: 3.1.7 (/opt/ros/humble/share/rosidl_adapter/cmake)
[0.302s] -- Found rosidl_generator_cpp: 3.1.7 (/opt/ros/humble/share/rosidl_generator_cpp/cmake)
[0.308s] -- Using all available rosidl_typesupport_c: rosidl_typesupport_fastrtps_c;rosidl_typesupport_introspection_c
[0.314s] -- Using all available rosidl_typesupport_cpp: rosidl_typesupport_fastrtps_cpp;rosidl_typesupport_introspection_cpp
[0.332s] -- Found rmw_implementation_cmake: 6.1.2 (/opt/ros/humble/share/rmw_implementation_cmake/cmake)
[0.333s] -- Found rmw_cyclonedds_cpp: 1.3.4 (/opt/ros/humble/share/rmw_cyclonedds_cpp/cmake)
[0.342s] -- Using RMW implementation 'rmw_cyclonedds_cpp' as default
[0.346s] -- Looking for pthread.h
[0.383s] -- Looking for pthread.h - found
[0.383s] -- Performing Test CMAKE_HAVE_LIBC_PTHREAD
[0.420s] -- Performing Test CMAKE_HAVE_LIBC_PTHREAD - Success
[0.421s] -- Found Threads: TRUE  
[0.443s] -- Found interface_protocol: 0.0.1 (/home/ubuntu/code/engineai_ros2_workspace/install/interface_protocol/share/interface_protocol/cmake)
[0.465s] -- Found GTest: /usr/lib/x86_64-linux-gnu/cmake/GTest/GTestConfig.cmake (found version "1.11.0")  
[0.468s] -- Found OpenGL: /usr/lib/x86_64-linux-gnu/libOpenGL.so   
[2.495s] -- Configuring done
[2.530s] -- Generating done
[2.534s] -- Build files have been written to: /home/ubuntu/code/engineai_ros2_workspace/build/mujoco_simulator
[2.539s] Invoked command in '/home/ubuntu/code/engineai_ros2_workspace/build/mujoco_simulator' returned '0': AMENT_PREFIX_PATH=/home/ubuntu/code/engineai_ros2_workspace/install/interface_protocol:${AMENT_PREFIX_PATH} CMAKE_PREFIX_PATH=/home/ubuntu/code/engineai_ros2_workspace/install/interface_protocol:/opt/ros/humble LD_LIBRARY_PATH=/home/ubuntu/code/engineai_ros2_workspace/install/interface_protocol/lib:${LD_LIBRARY_PATH} PYTHONPATH=/home/ubuntu/code/engineai_ros2_workspace/install/interface_protocol/local/lib/python3.10/dist-packages:${PYTHONPATH} /usr/bin/cmake /home/ubuntu/code/engineai_ros2_workspace/src/simulation/mujoco -DCMAKE_BUILD_TYPE=Release -DCMAKE_INSTALL_PREFIX=/home/ubuntu/code/engineai_ros2_workspace/install/mujoco_simulator
[2.540s] Invoking command in '/home/ubuntu/code/engineai_ros2_workspace/build/mujoco_simulator': AMENT_PREFIX_PATH=/home/ubuntu/code/engineai_ros2_workspace/install/interface_protocol:${AMENT_PREFIX_PATH} CMAKE_PREFIX_PATH=/home/ubuntu/code/engineai_ros2_workspace/install/interface_protocol:/opt/ros/humble LD_LIBRARY_PATH=/home/ubuntu/code/engineai_ros2_workspace/install/interface_protocol/lib:${LD_LIBRARY_PATH} PYTHONPATH=/home/ubuntu/code/engineai_ros2_workspace/install/interface_protocol/local/lib/python3.10/dist-packages:${PYTHONPATH} /usr/bin/cmake --build /home/ubuntu/code/engineai_ros2_workspace/build/mujoco_simulator -- -j32 -l32
[2.573s] [ 33%] [32mBuilding CXX object simulate/CMakeFiles/platform_ui_adapter.dir/glfw_dispatch.cc.o[0m
[2.573s] [ 33%] [32mBuilding CXX object simulate/CMakeFiles/platform_ui_adapter.dir/platform_ui_adapter.cc.o[0m
[2.573s] [ 33%] [32mBuilding CXX object simulate/CMakeFiles/lodepng.dir/__/_deps/lodepng-src/lodepng.cpp.o[0m
[2.574s] [ 33%] [32mBuilding CXX object simulate/CMakeFiles/platform_ui_adapter.dir/glfw_adapter.cc.o[0m
[2.912s] [ 33%] Built target platform_ui_adapter
[4.330s] [ 41%] [32m[1mLinking CXX static library liblodepng.a[0m
[4.352s] [ 41%] Built target lodepng
[4.364s] [ 50%] [32mBuilding CXX object simulate/CMakeFiles/libsimulate.dir/simulate.cc.o[0m
[5.739s] [ 58%] [32m[1mLinking CXX static library libsimulate.a[0m
[5.759s] [ 58%] Built target libsimulate
[5.774s] [ 91%] [32mBuilding CXX object CMakeFiles/mujoco_simulator.dir/src/config_loader.cc.o[0m
[5.774s] [ 91%] [32mBuilding CXX object CMakeFiles/mujoco_simulator.dir/src/main.cc.o[0m
[5.774s] [ 91%] [32mBuilding CXX object CMakeFiles/mujoco_simulator.dir/src/ros_interface.cc.o[0m
[5.774s] [ 91%] [32mBuilding CXX object CMakeFiles/mujoco_simulator.dir/src/sim_manager.cc.o[0m
[12.160s] [100%] [32m[1mLinking CXX executable mujoco_simulator[0m
[12.371s] [100%] Built target mujoco_simulator
[12.378s] Invoked command in '/home/ubuntu/code/engineai_ros2_workspace/build/mujoco_simulator' returned '0': AMENT_PREFIX_PATH=/home/ubuntu/code/engineai_ros2_workspace/install/interface_protocol:${AMENT_PREFIX_PATH} CMAKE_PREFIX_PATH=/home/ubuntu/code/engineai_ros2_workspace/install/interface_protocol:/opt/ros/humble LD_LIBRARY_PATH=/home/ubuntu/code/engineai_ros2_workspace/install/interface_protocol/lib:${LD_LIBRARY_PATH} PYTHONPATH=/home/ubuntu/code/engineai_ros2_workspace/install/interface_protocol/local/lib/python3.10/dist-packages:${PYTHONPATH} /usr/bin/cmake --build /home/ubuntu/code/engineai_ros2_workspace/build/mujoco_simulator -- -j32 -l32
[12.379s] Invoking command in '/home/ubuntu/code/engineai_ros2_workspace/build/mujoco_simulator': AMENT_PREFIX_PATH=/home/ubuntu/code/engineai_ros2_workspace/install/interface_protocol:${AMENT_PREFIX_PATH} CMAKE_PREFIX_PATH=/home/ubuntu/code/engineai_ros2_workspace/install/interface_protocol:/opt/ros/humble LD_LIBRARY_PATH=/home/ubuntu/code/engineai_ros2_workspace/install/interface_protocol/lib:${LD_LIBRARY_PATH} PYTHONPATH=/home/ubuntu/code/engineai_ros2_workspace/install/interface_protocol/local/lib/python3.10/dist-packages:${PYTHONPATH} /usr/bin/cmake --install /home/ubuntu/code/engineai_ros2_workspace/build/mujoco_simulator
[12.382s] -- Install configuration: "Release"
[12.382s] -- Installing: /home/ubuntu/code/engineai_ros2_workspace/install/mujoco_simulator/lib/mujoco_simulator/mujoco_simulator
[12.382s] -- Set runtime path of "/home/ubuntu/code/engineai_ros2_workspace/install/mujoco_simulator/lib/mujoco_simulator/mujoco_simulator" to ""
[12.382s] -- Installing: /home/ubuntu/code/engineai_ros2_workspace/install/mujoco_simulator/share/mujoco_simulator/launch
[12.382s] -- Installing: /home/ubuntu/code/engineai_ros2_workspace/install/mujoco_simulator/share/mujoco_simulator/launch/mujoco_simulator.launch.py
[12.383s] -- Installing: /home/ubuntu/code/engineai_ros2_workspace/install/mujoco_simulator/share/mujoco_simulator/assets
[12.383s] -- Installing: /home/ubuntu/code/engineai_ros2_workspace/install/mujoco_simulator/share/mujoco_simulator/assets/resource
[12.383s] -- Installing: /home/ubuntu/code/engineai_ros2_workspace/install/mujoco_simulator/share/mujoco_simulator/assets/resource/environment
[12.383s] -- Installing: /home/ubuntu/code/engineai_ros2_workspace/install/mujoco_simulator/share/mujoco_simulator/assets/resource/environment/chair.xml
[12.383s] -- Installing: /home/ubuntu/code/engineai_ros2_workspace/install/mujoco_simulator/share/mujoco_simulator/assets/resource/environment/ground.xml
[12.383s] -- Installing: /home/ubuntu/code/engineai_ros2_workspace/install/mujoco_simulator/share/mujoco_simulator/assets/resource/robot
[12.383s] -- Installing: /home/ubuntu/code/engineai_ros2_workspace/install/mujoco_simulator/share/mujoco_simulator/assets/resource/robot/pm_v2
[12.383s] -- Installing: /home/ubuntu/code/engineai_ros2_workspace/install/mujoco_simulator/share/mujoco_simulator/assets/resource/robot/pm_v2/urdf
[12.383s] -- Installing: /home/ubuntu/code/engineai_ros2_workspace/install/mujoco_simulator/share/mujoco_simulator/assets/resource/robot/pm_v2/urdf/serial_pm_v2.urdf
[12.383s] -- Installing: /home/ubuntu/code/engineai_ros2_workspace/install/mujoco_simulator/share/mujoco_simulator/assets/resource/robot/pm_v2/urdf/serial_pm_v2_command.urdf
[12.383s] -- Installing: /home/ubuntu/code/engineai_ros2_workspace/install/mujoco_simulator/share/mujoco_simulator/assets/resource/robot/pm_v2/meshes
[12.383s] -- Installing: /home/ubuntu/code/engineai_ros2_workspace/install/mujoco_simulator/share/mujoco_simulator/assets/resource/robot/pm_v2/meshes/LINK_KNEE_PITCH_L.STL
[12.384s] -- Installing: /home/ubuntu/code/engineai_ros2_workspace/install/mujoco_simulator/share/mujoco_simulator/assets/resource/robot/pm_v2/meshes/LINK_BASE.STL
[12.384s] -- Installing: /home/ubuntu/code/engineai_ros2_workspace/install/mujoco_simulator/share/mujoco_simulator/assets/resource/robot/pm_v2/meshes/LINK_HIP_PITCH_R.STL
[12.385s] -- Installing: /home/ubuntu/code/engineai_ros2_workspace/install/mujoco_simulator/share/mujoco_simulator/assets/resource/robot/pm_v2/meshes/LINK_SHOULDER_ROLL_R.STL
[12.386s] -- Installing: /home/ubuntu/code/engineai_ros2_workspace/install/mujoco_simulator/share/mujoco_simulator/assets/resource/robot/pm_v2/meshes/LINK_HIP_ROLL_R.STL
[12.386s] -- Installing: /home/ubuntu/code/engineai_ros2_workspace/install/mujoco_simulator/share/mujoco_simulator/assets/resource/robot/pm_v2/meshes/LINK_TORSO_YAW.STL
[12.390s] -- Installing: /home/ubuntu/code/engineai_ros2_workspace/install/mujoco_simulator/share/mujoco_simulator/assets/resource/robot/pm_v2/meshes/LINK_KNEE_PITCH_R.STL
[12.391s] -- Installing: /home/ubuntu/code/engineai_ros2_workspace/install/mujoco_simulator/share/mujoco_simulator/assets/resource/robot/pm_v2/meshes/LINK_ELBOW_YAW_L.STL
[12.391s] -- Installing: /home/ubuntu/code/engineai_ros2_workspace/install/mujoco_simulator/share/mujoco_simulator/assets/resource/robot/pm_v2/meshes/LINK_ANKLE_ROLL_L.STL
[12.392s] -- Installing: /home/ubuntu/code/engineai_ros2_workspace/install/mujoco_simulator/share/mujoco_simulator/assets/resource/robot/pm_v2/meshes/LINK_ELBOW_YAW_R.STL
[12.393s] -- Installing: /home/ubuntu/code/engineai_ros2_workspace/install/mujoco_simulator/share/mujoco_simulator/assets/resource/robot/pm_v2/meshes/LINK_HIP_YAW_L.STL
[12.393s] -- Installing: /home/ubuntu/code/engineai_ros2_workspace/install/mujoco_simulator/share/mujoco_simulator/assets/resource/robot/pm_v2/meshes/LINK_SHOULDER_YAW_R.STL
[12.395s] -- Installing: /home/ubuntu/code/engineai_ros2_workspace/install/mujoco_simulator/share/mujoco_simulator/assets/resource/robot/pm_v2/meshes/LINK_ELBOW_PITCH_R.STL
[12.397s] -- Installing: /home/ubuntu/code/engineai_ros2_workspace/install/mujoco_simulator/share/mujoco_simulator/assets/resource/robot/pm_v2/meshes/LINK_SHOULDER_ROLL_L.STL
[12.397s] -- Installing: /home/ubuntu/code/engineai_ros2_workspace/install/mujoco_simulator/share/mujoco_simulator/assets/resource/robot/pm_v2/meshes/LINK_HIP_ROLL_L.STL
[12.398s] -- Installing: /home/ubuntu/code/engineai_ros2_workspace/install/mujoco_simulator/share/mujoco_simulator/assets/resource/robot/pm_v2/meshes/LINK_ANKLE_PITCH_L.STL
[12.398s] -- Installing: /home/ubuntu/code/engineai_ros2_workspace/install/mujoco_simulator/share/mujoco_simulator/assets/resource/robot/pm_v2/meshes/LINK_ANKLE_PITCH_R.STL
[12.398s] -- Installing: /home/ubuntu/code/engineai_ros2_workspace/install/mujoco_simulator/share/mujoco_simulator/assets/resource/robot/pm_v2/meshes/LINK_HEAD_YAW.STL
[12.400s] -- Installing: /home/ubuntu/code/engineai_ros2_workspace/install/mujoco_simulator/share/mujoco_simulator/assets/resource/robot/pm_v2/meshes/LINK_SHOULDER_PITCH_R.STL
[12.401s] -- Installing: /home/ubuntu/code/engineai_ros2_workspace/install/mujoco_simulator/share/mujoco_simulator/assets/resource/robot/pm_v2/meshes/LINK_ELBOW_PITCH_L.STL
[12.403s] -- Installing: /home/ubuntu/code/engineai_ros2_workspace/install/mujoco_simulator/share/mujoco_simulator/assets/resource/robot/pm_v2/meshes/LINK_HIP_PITCH_L.STL
[12.404s] -- Installing: /home/ubuntu/code/engineai_ros2_workspace/install/mujoco_simulator/share/mujoco_simulator/assets/resource/robot/pm_v2/meshes/LINK_HIP_YAW_R.STL
[12.405s] -- Installing: /home/ubuntu/code/engineai_ros2_workspace/install/mujoco_simulator/share/mujoco_simulator/assets/resource/robot/pm_v2/meshes/LINK_ANKLE_ROLL_R.STL
[12.406s] -- Installing: /home/ubuntu/code/engineai_ros2_workspace/install/mujoco_simulator/share/mujoco_simulator/assets/resource/robot/pm_v2/meshes/LINK_SHOULDER_PITCH_L.STL
[12.408s] -- Installing: /home/ubuntu/code/engineai_ros2_workspace/install/mujoco_simulator/share/mujoco_simulator/assets/resource/robot/pm_v2/meshes/LINK_SHOULDER_YAW_L.STL
[12.409s] -- Installing: /home/ubuntu/code/engineai_ros2_workspace/install/mujoco_simulator/share/mujoco_simulator/assets/resource/robot/pm_v2/xml
[12.409s] -- Installing: /home/ubuntu/code/engineai_ros2_workspace/install/mujoco_simulator/share/mujoco_simulator/assets/resource/robot/pm_v2/xml/serial_actuators.xml
[12.409s] -- Installing: /home/ubuntu/code/engineai_ros2_workspace/install/mujoco_simulator/share/mujoco_simulator/assets/resource/robot/pm_v2/xml/serial_links.xml
[12.409s] -- Installing: /home/ubuntu/code/engineai_ros2_workspace/install/mujoco_simulator/share/mujoco_simulator/assets/resource/robot/pm_v2/xml/serial_sensors.xml
[12.409s] -- Installing: /home/ubuntu/code/engineai_ros2_workspace/install/mujoco_simulator/share/mujoco_simulator/assets/resource/robot/pm_v2/xml/serial_pm_v2.xml
[12.410s] -- Installing: /home/ubuntu/code/engineai_ros2_workspace/install/mujoco_simulator/share/mujoco_simulator/assets/resource/robot/pm_v2/xml/assets.xml
[12.410s] -- Installing: /home/ubuntu/code/engineai_ros2_workspace/install/mujoco_simulator/share/mujoco_simulator/assets/resource/pm_v2.xml
[12.410s] -- Installing: /home/ubuntu/code/engineai_ros2_workspace/install/mujoco_simulator/share/mujoco_simulator/assets/config
[12.410s] -- Installing: /home/ubuntu/code/engineai_ros2_workspace/install/mujoco_simulator/share/mujoco_simulator/assets/config/pm_v2.yaml
[12.410s] -- Installing: /home/ubuntu/code/engineai_ros2_workspace/install/mujoco_simulator/share/ament_index/resource_index/package_run_dependencies/mujoco_simulator
[12.410s] -- Installing: /home/ubuntu/code/engineai_ros2_workspace/install/mujoco_simulator/share/ament_index/resource_index/parent_prefix_path/mujoco_simulator
[12.410s] -- Installing: /home/ubuntu/code/engineai_ros2_workspace/install/mujoco_simulator/share/mujoco_simulator/environment/ament_prefix_path.sh
[12.410s] -- Installing: /home/ubuntu/code/engineai_ros2_workspace/install/mujoco_simulator/share/mujoco_simulator/environment/ament_prefix_path.dsv
[12.410s] -- Installing: /home/ubuntu/code/engineai_ros2_workspace/install/mujoco_simulator/share/mujoco_simulator/environment/path.sh
[12.410s] -- Installing: /home/ubuntu/code/engineai_ros2_workspace/install/mujoco_simulator/share/mujoco_simulator/environment/path.dsv
[12.410s] -- Installing: /home/ubuntu/code/engineai_ros2_workspace/install/mujoco_simulator/share/mujoco_simulator/local_setup.bash
[12.410s] -- Installing: /home/ubuntu/code/engineai_ros2_workspace/install/mujoco_simulator/share/mujoco_simulator/local_setup.sh
[12.410s] -- Installing: /home/ubuntu/code/engineai_ros2_workspace/install/mujoco_simulator/share/mujoco_simulator/local_setup.zsh
[12.410s] -- Installing: /home/ubuntu/code/engineai_ros2_workspace/install/mujoco_simulator/share/mujoco_simulator/local_setup.dsv
[12.410s] -- Installing: /home/ubuntu/code/engineai_ros2_workspace/install/mujoco_simulator/share/mujoco_simulator/package.dsv
[12.410s] -- Installing: /home/ubuntu/code/engineai_ros2_workspace/install/mujoco_simulator/share/ament_index/resource_index/packages/mujoco_simulator
[12.410s] -- Installing: /home/ubuntu/code/engineai_ros2_workspace/install/mujoco_simulator/share/mujoco_simulator/cmake/mujoco_simulatorConfig.cmake
[12.410s] -- Installing: /home/ubuntu/code/engineai_ros2_workspace/install/mujoco_simulator/share/mujoco_simulator/cmake/mujoco_simulatorConfig-version.cmake
[12.410s] -- Installing: /home/ubuntu/code/engineai_ros2_workspace/install/mujoco_simulator/share/mujoco_simulator/package.xml
[12.411s] Invoked command in '/home/ubuntu/code/engineai_ros2_workspace/build/mujoco_simulator' returned '0': AMENT_PREFIX_PATH=/home/ubuntu/code/engineai_ros2_workspace/install/interface_protocol:${AMENT_PREFIX_PATH} CMAKE_PREFIX_PATH=/home/ubuntu/code/engineai_ros2_workspace/install/interface_protocol:/opt/ros/humble LD_LIBRARY_PATH=/home/ubuntu/code/engineai_ros2_workspace/install/interface_protocol/lib:${LD_LIBRARY_PATH} PYTHONPATH=/home/ubuntu/code/engineai_ros2_workspace/install/interface_protocol/local/lib/python3.10/dist-packages:${PYTHONPATH} /usr/bin/cmake --install /home/ubuntu/code/engineai_ros2_workspace/build/mujoco_simulator
