-- The C compiler identification is GNU 11.4.0
-- The CXX compiler identification is GNU 11.4.0
-- Detecting C compiler ABI info
-- Detecting C compiler ABI info - done
-- Check for working C compiler: /usr/bin/cc - skipped
-- Detecting C compile features
-- Detecting C compile features - done
-- Detecting CXX compiler ABI info
-- Detecting CXX compiler ABI info - done
-- Check for working CXX compiler: /usr/bin/c++ - skipped
-- Detecting CXX compile features
-- Detecting CXX compile features - done
-- Found ament_cmake: 1.3.12 (/opt/ros/humble/share/ament_cmake/cmake)
-- Found Python3: /usr/bin/python3 (found version "3.10.12") found components: Interpreter 
-- Found rclcpp: 16.0.14 (/opt/ros/humble/share/rclcpp/cmake)
-- Found rosidl_generator_c: 3.1.7 (/opt/ros/humble/share/rosidl_generator_c/cmake)
-- Found rosidl_adapter: 3.1.7 (/opt/ros/humble/share/rosidl_adapter/cmake)
-- Found rosidl_generator_cpp: 3.1.7 (/opt/ros/humble/share/rosidl_generator_cpp/cmake)
-- Using all available rosidl_typesupport_c: rosidl_typesupport_fastrtps_c;rosidl_typesupport_introspection_c
-- Using all available rosidl_typesupport_cpp: rosidl_typesupport_fastrtps_cpp;rosidl_typesupport_introspection_cpp
-- Found rmw_implementation_cmake: 6.1.2 (/opt/ros/humble/share/rmw_implementation_cmake/cmake)
-- Found rmw_cyclonedds_cpp: 1.3.4 (/opt/ros/humble/share/rmw_cyclonedds_cpp/cmake)
-- Using RMW implementation 'rmw_cyclonedds_cpp' as default
-- Looking for pthread.h
-- Looking for pthread.h - found
-- Performing Test CMAKE_HAVE_LIBC_PTHREAD
-- Performing Test CMAKE_HAVE_LIBC_PTHREAD - Success
-- Found Threads: TRUE  
-- Found interface_protocol: 0.0.1 (/home/ubuntu/code/engineai_ros2_workspace/install/interface_protocol/share/interface_protocol/cmake)
-- Configuring done
-- Generating done
-- Build files have been written to: /home/ubuntu/code/engineai_ros2_workspace/build/interface_example
[  8%] [32mBuilding CXX object CMakeFiles/joint_test_example.dir/src/components/message_handler.cc.o[0m
[ 16%] [32mBuilding CXX object CMakeFiles/joint_test_example.dir/src/joint_test_example.cc.o[0m
[ 25%] [32mBuilding CXX object CMakeFiles/rl_basic_example.dir/src/math/rotation_matrix.cc.o[0m
[ 33%] [32mBuilding CXX object CMakeFiles/rl_basic_example.dir/src/rl_basic_example.cc.o[0m
[ 41%] [32mBuilding CXX object CMakeFiles/rl_basic_example.dir/src/components/message_handler.cc.o[0m
[ 50%] [32mBuilding CXX object CMakeFiles/rl_basic_example.dir/src/math/mnn_model.cc.o[0m
[ 75%] [32mBuilding CXX object CMakeFiles/hold_joint_status.dir/src/components/message_handler.cc.o[0m
[ 75%] [32mBuilding CXX object CMakeFiles/rl_basic_example.dir/src/parameter/rl_basic_param.cc.o[0m
[ 75%] [32mBuilding CXX object CMakeFiles/hold_joint_status.dir/src/hold_joint_status.cc.o[0m
[ 83%] [32m[1mLinking CXX executable joint_test_example[0m
[ 91%] [32m[1mLinking CXX executable hold_joint_status[0m
[100%] [32m[1mLinking CXX executable rl_basic_example[0m
[100%] Built target joint_test_example
[100%] Built target hold_joint_status
[100%] Built target rl_basic_example
-- Install configuration: "Release"
-- Installing: /home/ubuntu/code/engineai_ros2_workspace/install/interface_example/lib/interface_example/hold_joint_status
-- Set runtime path of "/home/ubuntu/code/engineai_ros2_workspace/install/interface_example/lib/interface_example/hold_joint_status" to ""
-- Installing: /home/ubuntu/code/engineai_ros2_workspace/install/interface_example/lib/interface_example/joint_test_example
-- Set runtime path of "/home/ubuntu/code/engineai_ros2_workspace/install/interface_example/lib/interface_example/joint_test_example" to ""
-- Installing: /home/ubuntu/code/engineai_ros2_workspace/install/interface_example/lib/interface_example/rl_basic_example
-- Set runtime path of "/home/ubuntu/code/engineai_ros2_workspace/install/interface_example/lib/interface_example/rl_basic_example" to ""
-- Installing: /home/ubuntu/code/engineai_ros2_workspace/install/interface_example/share/interface_example/launch
-- Installing: /home/ubuntu/code/engineai_ros2_workspace/install/interface_example/share/interface_example/launch/rl_basic_example.launch.py
-- Installing: /home/ubuntu/code/engineai_ros2_workspace/install/interface_example/share/interface_example/config
-- Installing: /home/ubuntu/code/engineai_ros2_workspace/install/interface_example/share/interface_example/config/pm01
-- Installing: /home/ubuntu/code/engineai_ros2_workspace/install/interface_example/share/interface_example/config/pm01/rl_basic
-- Installing: /home/ubuntu/code/engineai_ros2_workspace/install/interface_example/share/interface_example/config/pm01/rl_basic/basic
-- Installing: /home/ubuntu/code/engineai_ros2_workspace/install/interface_example/share/interface_example/config/pm01/rl_basic/basic/rl_basic_param.yaml
-- Installing: /home/ubuntu/code/engineai_ros2_workspace/install/interface_example/share/interface_example/config/pm01/rl_basic/basic/policies
-- Installing: /home/ubuntu/code/engineai_ros2_workspace/install/interface_example/share/interface_example/config/pm01/rl_basic/basic/policies/pm01_v2_rough_ppo_42obs.mnn
-- Installing: /home/ubuntu/code/engineai_ros2_workspace/install/interface_example/share/interface_example/config/pm01/motor.yaml
-- Installing: /home/ubuntu/code/engineai_ros2_workspace/install/interface_example/share/interface_example/config/pm01/pd_joint_test.yaml
-- Installing: /home/ubuntu/code/engineai_ros2_workspace/install/interface_example/share/interface_example/config/pm01/joint_test.yaml
-- Installing: /home/ubuntu/code/engineai_ros2_workspace/install/interface_example/share/ament_index/resource_index/package_run_dependencies/interface_example
-- Installing: /home/ubuntu/code/engineai_ros2_workspace/install/interface_example/share/ament_index/resource_index/parent_prefix_path/interface_example
-- Installing: /home/ubuntu/code/engineai_ros2_workspace/install/interface_example/share/interface_example/environment/ament_prefix_path.sh
-- Installing: /home/ubuntu/code/engineai_ros2_workspace/install/interface_example/share/interface_example/environment/ament_prefix_path.dsv
-- Installing: /home/ubuntu/code/engineai_ros2_workspace/install/interface_example/share/interface_example/environment/path.sh
-- Installing: /home/ubuntu/code/engineai_ros2_workspace/install/interface_example/share/interface_example/environment/path.dsv
-- Installing: /home/ubuntu/code/engineai_ros2_workspace/install/interface_example/share/interface_example/local_setup.bash
-- Installing: /home/ubuntu/code/engineai_ros2_workspace/install/interface_example/share/interface_example/local_setup.sh
-- Installing: /home/ubuntu/code/engineai_ros2_workspace/install/interface_example/share/interface_example/local_setup.zsh
-- Installing: /home/ubuntu/code/engineai_ros2_workspace/install/interface_example/share/interface_example/local_setup.dsv
-- Installing: /home/ubuntu/code/engineai_ros2_workspace/install/interface_example/share/interface_example/package.dsv
-- Installing: /home/ubuntu/code/engineai_ros2_workspace/install/interface_example/share/ament_index/resource_index/packages/interface_example
-- Installing: /home/ubuntu/code/engineai_ros2_workspace/install/interface_example/share/interface_example/cmake/interface_exampleConfig.cmake
-- Installing: /home/ubuntu/code/engineai_ros2_workspace/install/interface_example/share/interface_example/cmake/interface_exampleConfig-version.cmake
-- Installing: /home/ubuntu/code/engineai_ros2_workspace/install/interface_example/share/interface_example/package.xml
