[0.005s] Invoking command in '/home/ubuntu/code/engineai_ros2_workspace/build/interface_example': AMENT_PREFIX_PATH=/home/ubuntu/code/engineai_ros2_workspace/install/interface_protocol:${AMENT_PREFIX_PATH} CMAKE_PREFIX_PATH=/home/ubuntu/code/engineai_ros2_workspace/install/interface_protocol:/opt/ros/humble LD_LIBRARY_PATH=/home/ubuntu/code/engineai_ros2_workspace/install/interface_protocol/lib:${LD_LIBRARY_PATH} PYTHONPATH=/home/ubuntu/code/engineai_ros2_workspace/install/interface_protocol/local/lib/python3.10/dist-packages:${PYTHONPATH} /usr/bin/cmake /home/ubuntu/code/engineai_ros2_workspace/src/interface_example -DCMAKE_BUILD_TYPE=Release -DCMAKE_INSTALL_PREFIX=/home/ubuntu/code/engineai_ros2_workspace/install/interface_example
[0.037s] -- The C compiler identification is GNU 11.4.0
[0.067s] -- The CXX compiler identification is GNU 11.4.0
[0.070s] -- Detecting C compiler ABI info
[0.111s] -- Detecting C compiler ABI info - done
[0.115s] -- Check for working C compiler: /usr/bin/cc - skipped
[0.115s] -- Detecting C compile features
[0.115s] -- Detecting C compile features - done
[0.116s] -- Detecting CXX compiler ABI info
[0.156s] -- Detecting CXX compiler ABI info - done
[0.160s] -- Check for working CXX compiler: /usr/bin/c++ - skipped
[0.160s] -- Detecting CXX compile features
[0.161s] -- Detecting CXX compile features - done
[0.162s] -- Found ament_cmake: 1.3.12 (/opt/ros/humble/share/ament_cmake/cmake)
[0.234s] -- Found Python3: /usr/bin/python3 (found version "3.10.12") found components: Interpreter 
[0.273s] -- Found rclcpp: 16.0.14 (/opt/ros/humble/share/rclcpp/cmake)
[0.290s] -- Found rosidl_generator_c: 3.1.7 (/opt/ros/humble/share/rosidl_generator_c/cmake)
[0.292s] -- Found rosidl_adapter: 3.1.7 (/opt/ros/humble/share/rosidl_adapter/cmake)
[0.296s] -- Found rosidl_generator_cpp: 3.1.7 (/opt/ros/humble/share/rosidl_generator_cpp/cmake)
[0.301s] -- Using all available rosidl_typesupport_c: rosidl_typesupport_fastrtps_c;rosidl_typesupport_introspection_c
[0.308s] -- Using all available rosidl_typesupport_cpp: rosidl_typesupport_fastrtps_cpp;rosidl_typesupport_introspection_cpp
[0.326s] -- Found rmw_implementation_cmake: 6.1.2 (/opt/ros/humble/share/rmw_implementation_cmake/cmake)
[0.327s] -- Found rmw_cyclonedds_cpp: 1.3.4 (/opt/ros/humble/share/rmw_cyclonedds_cpp/cmake)
[0.336s] -- Using RMW implementation 'rmw_cyclonedds_cpp' as default
[0.340s] -- Looking for pthread.h
[0.382s] -- Looking for pthread.h - found
[0.382s] -- Performing Test CMAKE_HAVE_LIBC_PTHREAD
[0.422s] -- Performing Test CMAKE_HAVE_LIBC_PTHREAD - Success
[0.422s] -- Found Threads: TRUE  
[0.444s] -- Found interface_protocol: 0.0.1 (/home/ubuntu/code/engineai_ros2_workspace/install/interface_protocol/share/interface_protocol/cmake)
[0.492s] -- Configuring done
[0.500s] -- Generating done
[0.503s] -- Build files have been written to: /home/ubuntu/code/engineai_ros2_workspace/build/interface_example
[0.507s] Invoked command in '/home/ubuntu/code/engineai_ros2_workspace/build/interface_example' returned '0': AMENT_PREFIX_PATH=/home/ubuntu/code/engineai_ros2_workspace/install/interface_protocol:${AMENT_PREFIX_PATH} CMAKE_PREFIX_PATH=/home/ubuntu/code/engineai_ros2_workspace/install/interface_protocol:/opt/ros/humble LD_LIBRARY_PATH=/home/ubuntu/code/engineai_ros2_workspace/install/interface_protocol/lib:${LD_LIBRARY_PATH} PYTHONPATH=/home/ubuntu/code/engineai_ros2_workspace/install/interface_protocol/local/lib/python3.10/dist-packages:${PYTHONPATH} /usr/bin/cmake /home/ubuntu/code/engineai_ros2_workspace/src/interface_example -DCMAKE_BUILD_TYPE=Release -DCMAKE_INSTALL_PREFIX=/home/ubuntu/code/engineai_ros2_workspace/install/interface_example
[0.508s] Invoking command in '/home/ubuntu/code/engineai_ros2_workspace/build/interface_example': AMENT_PREFIX_PATH=/home/ubuntu/code/engineai_ros2_workspace/install/interface_protocol:${AMENT_PREFIX_PATH} CMAKE_PREFIX_PATH=/home/ubuntu/code/engineai_ros2_workspace/install/interface_protocol:/opt/ros/humble LD_LIBRARY_PATH=/home/ubuntu/code/engineai_ros2_workspace/install/interface_protocol/lib:${LD_LIBRARY_PATH} PYTHONPATH=/home/ubuntu/code/engineai_ros2_workspace/install/interface_protocol/local/lib/python3.10/dist-packages:${PYTHONPATH} /usr/bin/cmake --build /home/ubuntu/code/engineai_ros2_workspace/build/interface_example -- -j32 -l32
[0.533s] [  8%] [32mBuilding CXX object CMakeFiles/joint_test_example.dir/src/components/message_handler.cc.o[0m
[0.534s] [ 16%] [32mBuilding CXX object CMakeFiles/joint_test_example.dir/src/joint_test_example.cc.o[0m
[0.534s] [ 25%] [32mBuilding CXX object CMakeFiles/rl_basic_example.dir/src/math/rotation_matrix.cc.o[0m
[0.534s] [ 33%] [32mBuilding CXX object CMakeFiles/rl_basic_example.dir/src/rl_basic_example.cc.o[0m
[0.535s] [ 41%] [32mBuilding CXX object CMakeFiles/rl_basic_example.dir/src/components/message_handler.cc.o[0m
[0.535s] [ 50%] [32mBuilding CXX object CMakeFiles/rl_basic_example.dir/src/math/mnn_model.cc.o[0m
[0.535s] [ 75%] [32mBuilding CXX object CMakeFiles/hold_joint_status.dir/src/components/message_handler.cc.o[0m
[0.535s] [ 75%] [32mBuilding CXX object CMakeFiles/rl_basic_example.dir/src/parameter/rl_basic_param.cc.o[0m
[0.535s] [ 75%] [32mBuilding CXX object CMakeFiles/hold_joint_status.dir/src/hold_joint_status.cc.o[0m
[10.162s] [ 83%] [32m[1mLinking CXX executable joint_test_example[0m
[10.183s] [ 91%] [32m[1mLinking CXX executable hold_joint_status[0m
[10.218s] [100%] [32m[1mLinking CXX executable rl_basic_example[0m
[10.290s] [100%] Built target joint_test_example
[10.304s] [100%] Built target hold_joint_status
[10.347s] [100%] Built target rl_basic_example
[10.352s] Invoked command in '/home/ubuntu/code/engineai_ros2_workspace/build/interface_example' returned '0': AMENT_PREFIX_PATH=/home/ubuntu/code/engineai_ros2_workspace/install/interface_protocol:${AMENT_PREFIX_PATH} CMAKE_PREFIX_PATH=/home/ubuntu/code/engineai_ros2_workspace/install/interface_protocol:/opt/ros/humble LD_LIBRARY_PATH=/home/ubuntu/code/engineai_ros2_workspace/install/interface_protocol/lib:${LD_LIBRARY_PATH} PYTHONPATH=/home/ubuntu/code/engineai_ros2_workspace/install/interface_protocol/local/lib/python3.10/dist-packages:${PYTHONPATH} /usr/bin/cmake --build /home/ubuntu/code/engineai_ros2_workspace/build/interface_example -- -j32 -l32
[10.353s] Invoking command in '/home/ubuntu/code/engineai_ros2_workspace/build/interface_example': AMENT_PREFIX_PATH=/home/ubuntu/code/engineai_ros2_workspace/install/interface_protocol:${AMENT_PREFIX_PATH} CMAKE_PREFIX_PATH=/home/ubuntu/code/engineai_ros2_workspace/install/interface_protocol:/opt/ros/humble LD_LIBRARY_PATH=/home/ubuntu/code/engineai_ros2_workspace/install/interface_protocol/lib:${LD_LIBRARY_PATH} PYTHONPATH=/home/ubuntu/code/engineai_ros2_workspace/install/interface_protocol/local/lib/python3.10/dist-packages:${PYTHONPATH} /usr/bin/cmake --install /home/ubuntu/code/engineai_ros2_workspace/build/interface_example
[10.356s] -- Install configuration: "Release"
[10.356s] -- Installing: /home/ubuntu/code/engineai_ros2_workspace/install/interface_example/lib/interface_example/hold_joint_status
[10.357s] -- Set runtime path of "/home/ubuntu/code/engineai_ros2_workspace/install/interface_example/lib/interface_example/hold_joint_status" to ""
[10.357s] -- Installing: /home/ubuntu/code/engineai_ros2_workspace/install/interface_example/lib/interface_example/joint_test_example
[10.358s] -- Set runtime path of "/home/ubuntu/code/engineai_ros2_workspace/install/interface_example/lib/interface_example/joint_test_example" to ""
[10.358s] -- Installing: /home/ubuntu/code/engineai_ros2_workspace/install/interface_example/lib/interface_example/rl_basic_example
[10.359s] -- Set runtime path of "/home/ubuntu/code/engineai_ros2_workspace/install/interface_example/lib/interface_example/rl_basic_example" to ""
[10.359s] -- Installing: /home/ubuntu/code/engineai_ros2_workspace/install/interface_example/share/interface_example/launch
[10.359s] -- Installing: /home/ubuntu/code/engineai_ros2_workspace/install/interface_example/share/interface_example/launch/rl_basic_example.launch.py
[10.359s] -- Installing: /home/ubuntu/code/engineai_ros2_workspace/install/interface_example/share/interface_example/config
[10.359s] -- Installing: /home/ubuntu/code/engineai_ros2_workspace/install/interface_example/share/interface_example/config/pm01
[10.359s] -- Installing: /home/ubuntu/code/engineai_ros2_workspace/install/interface_example/share/interface_example/config/pm01/rl_basic
[10.359s] -- Installing: /home/ubuntu/code/engineai_ros2_workspace/install/interface_example/share/interface_example/config/pm01/rl_basic/basic
[10.359s] -- Installing: /home/ubuntu/code/engineai_ros2_workspace/install/interface_example/share/interface_example/config/pm01/rl_basic/basic/rl_basic_param.yaml
[10.359s] -- Installing: /home/ubuntu/code/engineai_ros2_workspace/install/interface_example/share/interface_example/config/pm01/rl_basic/basic/policies
[10.359s] -- Installing: /home/ubuntu/code/engineai_ros2_workspace/install/interface_example/share/interface_example/config/pm01/rl_basic/basic/policies/pm01_v2_rough_ppo_42obs.mnn
[10.360s] -- Installing: /home/ubuntu/code/engineai_ros2_workspace/install/interface_example/share/interface_example/config/pm01/motor.yaml
[10.360s] -- Installing: /home/ubuntu/code/engineai_ros2_workspace/install/interface_example/share/interface_example/config/pm01/pd_joint_test.yaml
[10.360s] -- Installing: /home/ubuntu/code/engineai_ros2_workspace/install/interface_example/share/interface_example/config/pm01/joint_test.yaml
[10.360s] -- Installing: /home/ubuntu/code/engineai_ros2_workspace/install/interface_example/share/ament_index/resource_index/package_run_dependencies/interface_example
[10.360s] -- Installing: /home/ubuntu/code/engineai_ros2_workspace/install/interface_example/share/ament_index/resource_index/parent_prefix_path/interface_example
[10.360s] -- Installing: /home/ubuntu/code/engineai_ros2_workspace/install/interface_example/share/interface_example/environment/ament_prefix_path.sh
[10.360s] -- Installing: /home/ubuntu/code/engineai_ros2_workspace/install/interface_example/share/interface_example/environment/ament_prefix_path.dsv
[10.360s] -- Installing: /home/ubuntu/code/engineai_ros2_workspace/install/interface_example/share/interface_example/environment/path.sh
[10.360s] -- Installing: /home/ubuntu/code/engineai_ros2_workspace/install/interface_example/share/interface_example/environment/path.dsv
[10.360s] -- Installing: /home/ubuntu/code/engineai_ros2_workspace/install/interface_example/share/interface_example/local_setup.bash
[10.360s] -- Installing: /home/ubuntu/code/engineai_ros2_workspace/install/interface_example/share/interface_example/local_setup.sh
[10.360s] -- Installing: /home/ubuntu/code/engineai_ros2_workspace/install/interface_example/share/interface_example/local_setup.zsh
[10.360s] -- Installing: /home/ubuntu/code/engineai_ros2_workspace/install/interface_example/share/interface_example/local_setup.dsv
[10.360s] -- Installing: /home/ubuntu/code/engineai_ros2_workspace/install/interface_example/share/interface_example/package.dsv
[10.360s] -- Installing: /home/ubuntu/code/engineai_ros2_workspace/install/interface_example/share/ament_index/resource_index/packages/interface_example
[10.361s] -- Installing: /home/ubuntu/code/engineai_ros2_workspace/install/interface_example/share/interface_example/cmake/interface_exampleConfig.cmake
[10.361s] -- Installing: /home/ubuntu/code/engineai_ros2_workspace/install/interface_example/share/interface_example/cmake/interface_exampleConfig-version.cmake
[10.361s] -- Installing: /home/ubuntu/code/engineai_ros2_workspace/install/interface_example/share/interface_example/package.xml
[10.361s] Invoked command in '/home/ubuntu/code/engineai_ros2_workspace/build/interface_example' returned '0': AMENT_PREFIX_PATH=/home/ubuntu/code/engineai_ros2_workspace/install/interface_protocol:${AMENT_PREFIX_PATH} CMAKE_PREFIX_PATH=/home/ubuntu/code/engineai_ros2_workspace/install/interface_protocol:/opt/ros/humble LD_LIBRARY_PATH=/home/ubuntu/code/engineai_ros2_workspace/install/interface_protocol/lib:${LD_LIBRARY_PATH} PYTHONPATH=/home/ubuntu/code/engineai_ros2_workspace/install/interface_protocol/local/lib/python3.10/dist-packages:${PYTHONPATH} /usr/bin/cmake --install /home/ubuntu/code/engineai_ros2_workspace/build/interface_example
