[0.046s] DEBUG:colcon:Command line arguments: ['/usr/bin/colcon', 'build', '--cmake-args', '-DCMAKE_BUILD_TYPE=Release', '--build-base', 'build', '--install-base', 'install', '--packages-select', 'mujoco_simulator', 'interface_protocol', 'interface_example']
[0.046s] DEBUG:colcon:Parsed command line arguments: Namespace(log_base=None, log_level=None, verb_name='build', build_base='/home/ubuntu/code/engineai_ros2_workspace/build', install_base='/home/ubuntu/code/engineai_ros2_workspace/install', merge_install=False, symlink_install=False, test_result_base=None, continue_on_error=False, executor='parallel', parallel_workers=32, event_handlers=None, ignore_user_meta=False, metas=['./colcon.meta'], base_paths=['.'], packages_ignore=None, packages_ignore_regex=None, paths=None, packages_up_to=None, packages_up_to_regex=None, packages_above=None, packages_above_and_dependencies=None, packages_above_depth=None, packages_select_by_dep=None, packages_skip_by_dep=None, packages_skip_up_to=None, packages_select_build_failed=False, packages_skip_build_finished=False, packages_select_test_failures=False, packages_skip_test_passed=False, packages_select=['mujoco_simulator', 'interface_protocol', 'interface_example'], packages_skip=None, packages_select_regex=None, packages_skip_regex=None, packages_start=None, packages_end=None, allow_overriding=[], cmake_args=['-DCMAKE_BUILD_TYPE=Release'], cmake_target=None, cmake_target_skip_unavailable=False, cmake_clean_cache=False, cmake_clean_first=False, cmake_force_configure=False, ament_cmake_args=None, catkin_cmake_args=None, catkin_skip_building_tests=False, mixin_files=None, mixin=None, verb_parser=<colcon_mixin.mixin.mixin_argument.MixinArgumentDecorator object at 0x787a07eca920>, verb_extension=<colcon_core.verb.build.BuildVerb object at 0x787a07eca470>, main=<bound method BuildVerb.main of <colcon_core.verb.build.BuildVerb object at 0x787a07eca470>>, mixin_verb=('build',))
[0.110s] Level 1:colcon.colcon_core.package_discovery:discover_packages(colcon_meta) check parameters
[0.110s] Level 1:colcon.colcon_core.package_discovery:discover_packages(recursive) check parameters
[0.110s] Level 1:colcon.colcon_core.package_discovery:discover_packages(ignore) check parameters
[0.110s] Level 1:colcon.colcon_core.package_discovery:discover_packages(path) check parameters
[0.110s] Level 1:colcon.colcon_core.package_discovery:discover_packages(colcon_meta) discover
[0.110s] Level 1:colcon.colcon_core.package_discovery:discover_packages(recursive) discover
[0.110s] INFO:colcon.colcon_core.package_discovery:Crawling recursively for packages in '/home/ubuntu/code/engineai_ros2_workspace'
[0.110s] Level 1:colcon.colcon_core.package_identification:_identify(.) by extensions ['ignore', 'ignore_ament_install']
[0.110s] Level 1:colcon.colcon_core.package_identification:_identify(.) by extension 'ignore'
[0.110s] Level 1:colcon.colcon_core.package_identification:_identify(.) by extension 'ignore_ament_install'
[0.110s] Level 1:colcon.colcon_core.package_identification:_identify(.) by extensions ['colcon_pkg']
[0.110s] Level 1:colcon.colcon_core.package_identification:_identify(.) by extension 'colcon_pkg'
[0.110s] Level 1:colcon.colcon_core.package_identification:_identify(.) by extensions ['colcon_meta']
[0.110s] Level 1:colcon.colcon_core.package_identification:_identify(.) by extension 'colcon_meta'
[0.110s] Level 1:colcon.colcon_core.package_identification:_identify(.) by extensions ['ros']
[0.110s] Level 1:colcon.colcon_core.package_identification:_identify(.) by extension 'ros'
[0.115s] Level 1:colcon.colcon_core.package_identification:_identify(.) by extensions ['cmake', 'python']
[0.115s] Level 1:colcon.colcon_core.package_identification:_identify(.) by extension 'cmake'
[0.115s] Level 1:colcon.colcon_core.package_identification:_identify(.) by extension 'python'
[0.115s] Level 1:colcon.colcon_core.package_identification:_identify(.) by extensions ['python_setup_py']
[0.115s] Level 1:colcon.colcon_core.package_identification:_identify(.) by extension 'python_setup_py'
[0.115s] Level 1:colcon.colcon_core.package_identification:_identify(build) by extensions ['ignore', 'ignore_ament_install']
[0.115s] Level 1:colcon.colcon_core.package_identification:_identify(build) by extension 'ignore'
[0.115s] Level 1:colcon.colcon_core.package_identification:_identify(build) ignored
[0.115s] Level 1:colcon.colcon_core.package_identification:_identify(docs) by extensions ['ignore', 'ignore_ament_install']
[0.115s] Level 1:colcon.colcon_core.package_identification:_identify(docs) by extension 'ignore'
[0.115s] Level 1:colcon.colcon_core.package_identification:_identify(docs) by extension 'ignore_ament_install'
[0.115s] Level 1:colcon.colcon_core.package_identification:_identify(docs) by extensions ['colcon_pkg']
[0.115s] Level 1:colcon.colcon_core.package_identification:_identify(docs) by extension 'colcon_pkg'
[0.115s] Level 1:colcon.colcon_core.package_identification:_identify(docs) by extensions ['colcon_meta']
[0.115s] Level 1:colcon.colcon_core.package_identification:_identify(docs) by extension 'colcon_meta'
[0.115s] Level 1:colcon.colcon_core.package_identification:_identify(docs) by extensions ['ros']
[0.115s] Level 1:colcon.colcon_core.package_identification:_identify(docs) by extension 'ros'
[0.115s] Level 1:colcon.colcon_core.package_identification:_identify(docs) by extensions ['cmake', 'python']
[0.115s] Level 1:colcon.colcon_core.package_identification:_identify(docs) by extension 'cmake'
[0.115s] Level 1:colcon.colcon_core.package_identification:_identify(docs) by extension 'python'
[0.115s] Level 1:colcon.colcon_core.package_identification:_identify(docs) by extensions ['python_setup_py']
[0.115s] Level 1:colcon.colcon_core.package_identification:_identify(docs) by extension 'python_setup_py'
[0.116s] Level 1:colcon.colcon_core.package_identification:_identify(docs/images) by extensions ['ignore', 'ignore_ament_install']
[0.116s] Level 1:colcon.colcon_core.package_identification:_identify(docs/images) by extension 'ignore'
[0.116s] Level 1:colcon.colcon_core.package_identification:_identify(docs/images) by extension 'ignore_ament_install'
[0.116s] Level 1:colcon.colcon_core.package_identification:_identify(docs/images) by extensions ['colcon_pkg']
[0.116s] Level 1:colcon.colcon_core.package_identification:_identify(docs/images) by extension 'colcon_pkg'
[0.116s] Level 1:colcon.colcon_core.package_identification:_identify(docs/images) by extensions ['colcon_meta']
[0.116s] Level 1:colcon.colcon_core.package_identification:_identify(docs/images) by extension 'colcon_meta'
[0.116s] Level 1:colcon.colcon_core.package_identification:_identify(docs/images) by extensions ['ros']
[0.116s] Level 1:colcon.colcon_core.package_identification:_identify(docs/images) by extension 'ros'
[0.116s] Level 1:colcon.colcon_core.package_identification:_identify(docs/images) by extensions ['cmake', 'python']
[0.116s] Level 1:colcon.colcon_core.package_identification:_identify(docs/images) by extension 'cmake'
[0.116s] Level 1:colcon.colcon_core.package_identification:_identify(docs/images) by extension 'python'
[0.116s] Level 1:colcon.colcon_core.package_identification:_identify(docs/images) by extensions ['python_setup_py']
[0.116s] Level 1:colcon.colcon_core.package_identification:_identify(docs/images) by extension 'python_setup_py'
[0.116s] Level 1:colcon.colcon_core.package_identification:_identify(install) by extensions ['ignore', 'ignore_ament_install']
[0.116s] Level 1:colcon.colcon_core.package_identification:_identify(install) by extension 'ignore'
[0.116s] Level 1:colcon.colcon_core.package_identification:_identify(install) ignored
[0.116s] Level 1:colcon.colcon_core.package_identification:_identify(log) by extensions ['ignore', 'ignore_ament_install']
[0.116s] Level 1:colcon.colcon_core.package_identification:_identify(log) by extension 'ignore'
[0.116s] Level 1:colcon.colcon_core.package_identification:_identify(log) ignored
[0.116s] Level 1:colcon.colcon_core.package_identification:_identify(scripts) by extensions ['ignore', 'ignore_ament_install']
[0.116s] Level 1:colcon.colcon_core.package_identification:_identify(scripts) by extension 'ignore'
[0.116s] Level 1:colcon.colcon_core.package_identification:_identify(scripts) by extension 'ignore_ament_install'
[0.116s] Level 1:colcon.colcon_core.package_identification:_identify(scripts) by extensions ['colcon_pkg']
[0.116s] Level 1:colcon.colcon_core.package_identification:_identify(scripts) by extension 'colcon_pkg'
[0.116s] Level 1:colcon.colcon_core.package_identification:_identify(scripts) by extensions ['colcon_meta']
[0.116s] Level 1:colcon.colcon_core.package_identification:_identify(scripts) by extension 'colcon_meta'
[0.116s] Level 1:colcon.colcon_core.package_identification:_identify(scripts) by extensions ['ros']
[0.116s] Level 1:colcon.colcon_core.package_identification:_identify(scripts) by extension 'ros'
[0.116s] Level 1:colcon.colcon_core.package_identification:_identify(scripts) by extensions ['cmake', 'python']
[0.116s] Level 1:colcon.colcon_core.package_identification:_identify(scripts) by extension 'cmake'
[0.116s] Level 1:colcon.colcon_core.package_identification:_identify(scripts) by extension 'python'
[0.116s] Level 1:colcon.colcon_core.package_identification:_identify(scripts) by extensions ['python_setup_py']
[0.116s] Level 1:colcon.colcon_core.package_identification:_identify(scripts) by extension 'python_setup_py'
[0.116s] Level 1:colcon.colcon_core.package_identification:_identify(src) by extensions ['ignore', 'ignore_ament_install']
[0.116s] Level 1:colcon.colcon_core.package_identification:_identify(src) by extension 'ignore'
[0.116s] Level 1:colcon.colcon_core.package_identification:_identify(src) by extension 'ignore_ament_install'
[0.116s] Level 1:colcon.colcon_core.package_identification:_identify(src) by extensions ['colcon_pkg']
[0.116s] Level 1:colcon.colcon_core.package_identification:_identify(src) by extension 'colcon_pkg'
[0.116s] Level 1:colcon.colcon_core.package_identification:_identify(src) by extensions ['colcon_meta']
[0.116s] Level 1:colcon.colcon_core.package_identification:_identify(src) by extension 'colcon_meta'
[0.116s] Level 1:colcon.colcon_core.package_identification:_identify(src) by extensions ['ros']
[0.116s] Level 1:colcon.colcon_core.package_identification:_identify(src) by extension 'ros'
[0.116s] Level 1:colcon.colcon_core.package_identification:_identify(src) by extensions ['cmake', 'python']
[0.116s] Level 1:colcon.colcon_core.package_identification:_identify(src) by extension 'cmake'
[0.116s] Level 1:colcon.colcon_core.package_identification:_identify(src) by extension 'python'
[0.116s] Level 1:colcon.colcon_core.package_identification:_identify(src) by extensions ['python_setup_py']
[0.116s] Level 1:colcon.colcon_core.package_identification:_identify(src) by extension 'python_setup_py'
[0.116s] Level 1:colcon.colcon_core.package_identification:_identify(src/interface_example) by extensions ['ignore', 'ignore_ament_install']
[0.116s] Level 1:colcon.colcon_core.package_identification:_identify(src/interface_example) by extension 'ignore'
[0.116s] Level 1:colcon.colcon_core.package_identification:_identify(src/interface_example) by extension 'ignore_ament_install'
[0.116s] Level 1:colcon.colcon_core.package_identification:_identify(src/interface_example) by extensions ['colcon_pkg']
[0.116s] Level 1:colcon.colcon_core.package_identification:_identify(src/interface_example) by extension 'colcon_pkg'
[0.116s] Level 1:colcon.colcon_core.package_identification:_identify(src/interface_example) by extensions ['colcon_meta']
[0.116s] Level 1:colcon.colcon_core.package_identification:_identify(src/interface_example) by extension 'colcon_meta'
[0.116s] Level 1:colcon.colcon_core.package_identification:_identify(src/interface_example) by extensions ['ros']
[0.116s] Level 1:colcon.colcon_core.package_identification:_identify(src/interface_example) by extension 'ros'
[0.118s] DEBUG:colcon.colcon_core.package_identification:Package 'src/interface_example' with type 'ros.ament_cmake' and name 'interface_example'
[0.118s] Level 1:colcon.colcon_core.package_identification:_identify(src/interface_protocol) by extensions ['ignore', 'ignore_ament_install']
[0.118s] Level 1:colcon.colcon_core.package_identification:_identify(src/interface_protocol) by extension 'ignore'
[0.118s] Level 1:colcon.colcon_core.package_identification:_identify(src/interface_protocol) by extension 'ignore_ament_install'
[0.118s] Level 1:colcon.colcon_core.package_identification:_identify(src/interface_protocol) by extensions ['colcon_pkg']
[0.118s] Level 1:colcon.colcon_core.package_identification:_identify(src/interface_protocol) by extension 'colcon_pkg'
[0.118s] Level 1:colcon.colcon_core.package_identification:_identify(src/interface_protocol) by extensions ['colcon_meta']
[0.118s] Level 1:colcon.colcon_core.package_identification:_identify(src/interface_protocol) by extension 'colcon_meta'
[0.118s] Level 1:colcon.colcon_core.package_identification:_identify(src/interface_protocol) by extensions ['ros']
[0.118s] Level 1:colcon.colcon_core.package_identification:_identify(src/interface_protocol) by extension 'ros'
[0.118s] DEBUG:colcon.colcon_core.package_identification:Package 'src/interface_protocol' with type 'ros.ament_cmake' and name 'interface_protocol'
[0.118s] Level 1:colcon.colcon_core.package_identification:_identify(src/simulation) by extensions ['ignore', 'ignore_ament_install']
[0.118s] Level 1:colcon.colcon_core.package_identification:_identify(src/simulation) by extension 'ignore'
[0.118s] Level 1:colcon.colcon_core.package_identification:_identify(src/simulation) by extension 'ignore_ament_install'
[0.118s] Level 1:colcon.colcon_core.package_identification:_identify(src/simulation) by extensions ['colcon_pkg']
[0.118s] Level 1:colcon.colcon_core.package_identification:_identify(src/simulation) by extension 'colcon_pkg'
[0.118s] Level 1:colcon.colcon_core.package_identification:_identify(src/simulation) by extensions ['colcon_meta']
[0.118s] Level 1:colcon.colcon_core.package_identification:_identify(src/simulation) by extension 'colcon_meta'
[0.118s] Level 1:colcon.colcon_core.package_identification:_identify(src/simulation) by extensions ['ros']
[0.118s] Level 1:colcon.colcon_core.package_identification:_identify(src/simulation) by extension 'ros'
[0.118s] Level 1:colcon.colcon_core.package_identification:_identify(src/simulation) by extensions ['cmake', 'python']
[0.118s] Level 1:colcon.colcon_core.package_identification:_identify(src/simulation) by extension 'cmake'
[0.118s] Level 1:colcon.colcon_core.package_identification:_identify(src/simulation) by extension 'python'
[0.118s] Level 1:colcon.colcon_core.package_identification:_identify(src/simulation) by extensions ['python_setup_py']
[0.118s] Level 1:colcon.colcon_core.package_identification:_identify(src/simulation) by extension 'python_setup_py'
[0.118s] Level 1:colcon.colcon_core.package_identification:_identify(src/simulation/mujoco) by extensions ['ignore', 'ignore_ament_install']
[0.118s] Level 1:colcon.colcon_core.package_identification:_identify(src/simulation/mujoco) by extension 'ignore'
[0.118s] Level 1:colcon.colcon_core.package_identification:_identify(src/simulation/mujoco) by extension 'ignore_ament_install'
[0.118s] Level 1:colcon.colcon_core.package_identification:_identify(src/simulation/mujoco) by extensions ['colcon_pkg']
[0.118s] Level 1:colcon.colcon_core.package_identification:_identify(src/simulation/mujoco) by extension 'colcon_pkg'
[0.118s] Level 1:colcon.colcon_core.package_identification:_identify(src/simulation/mujoco) by extensions ['colcon_meta']
[0.118s] Level 1:colcon.colcon_core.package_identification:_identify(src/simulation/mujoco) by extension 'colcon_meta'
[0.118s] Level 1:colcon.colcon_core.package_identification:_identify(src/simulation/mujoco) by extensions ['ros']
[0.118s] Level 1:colcon.colcon_core.package_identification:_identify(src/simulation/mujoco) by extension 'ros'
[0.119s] DEBUG:colcon.colcon_core.package_identification:Package 'src/simulation/mujoco' with type 'ros.ament_cmake' and name 'mujoco_simulator'
[0.119s] Level 1:colcon.colcon_core.package_identification:_identify(src/third_party) by extensions ['ignore', 'ignore_ament_install']
[0.119s] Level 1:colcon.colcon_core.package_identification:_identify(src/third_party) by extension 'ignore'
[0.119s] Level 1:colcon.colcon_core.package_identification:_identify(src/third_party) by extension 'ignore_ament_install'
[0.119s] Level 1:colcon.colcon_core.package_identification:_identify(src/third_party) by extensions ['colcon_pkg']
[0.119s] Level 1:colcon.colcon_core.package_identification:_identify(src/third_party) by extension 'colcon_pkg'
[0.119s] Level 1:colcon.colcon_core.package_identification:_identify(src/third_party) by extensions ['colcon_meta']
[0.119s] Level 1:colcon.colcon_core.package_identification:_identify(src/third_party) by extension 'colcon_meta'
[0.119s] Level 1:colcon.colcon_core.package_identification:_identify(src/third_party) by extensions ['ros']
[0.119s] Level 1:colcon.colcon_core.package_identification:_identify(src/third_party) by extension 'ros'
[0.119s] Level 1:colcon.colcon_core.package_identification:_identify(src/third_party) by extensions ['cmake', 'python']
[0.119s] Level 1:colcon.colcon_core.package_identification:_identify(src/third_party) by extension 'cmake'
[0.119s] Level 1:colcon.colcon_core.package_identification:_identify(src/third_party) by extension 'python'
[0.119s] Level 1:colcon.colcon_core.package_identification:_identify(src/third_party) by extensions ['python_setup_py']
[0.119s] Level 1:colcon.colcon_core.package_identification:_identify(src/third_party) by extension 'python_setup_py'
[0.119s] Level 1:colcon.colcon_core.package_discovery:discover_packages(recursive) using defaults
[0.119s] Level 1:colcon.colcon_core.package_discovery:discover_packages(ignore) discover
[0.119s] Level 1:colcon.colcon_core.package_discovery:discover_packages(ignore) using defaults
[0.119s] Level 1:colcon.colcon_core.package_discovery:discover_packages(path) discover
[0.119s] Level 1:colcon.colcon_core.package_discovery:discover_packages(path) using defaults
[0.131s] Level 1:colcon.colcon_core.package_discovery:discover_packages(prefix_path) check parameters
[0.131s] Level 1:colcon.colcon_core.package_discovery:discover_packages(prefix_path) discover
[0.132s] DEBUG:colcon.colcon_installed_package_information.package_discovery:Found 295 installed packages in /opt/ros/humble
[0.133s] Level 1:colcon.colcon_core.package_discovery:discover_packages(prefix_path) using defaults
[0.148s] Level 5:colcon.colcon_core.verb:set package 'interface_protocol' build argument 'cmake_args' from command line to '['-DCMAKE_BUILD_TYPE=Release']'
[0.148s] Level 5:colcon.colcon_core.verb:set package 'interface_protocol' build argument 'cmake_target' from command line to 'None'
[0.148s] Level 5:colcon.colcon_core.verb:set package 'interface_protocol' build argument 'cmake_target_skip_unavailable' from command line to 'False'
[0.148s] Level 5:colcon.colcon_core.verb:set package 'interface_protocol' build argument 'cmake_clean_cache' from command line to 'False'
[0.148s] Level 5:colcon.colcon_core.verb:set package 'interface_protocol' build argument 'cmake_clean_first' from command line to 'False'
[0.148s] Level 5:colcon.colcon_core.verb:set package 'interface_protocol' build argument 'cmake_force_configure' from command line to 'False'
[0.148s] Level 5:colcon.colcon_core.verb:set package 'interface_protocol' build argument 'ament_cmake_args' from command line to 'None'
[0.148s] Level 5:colcon.colcon_core.verb:set package 'interface_protocol' build argument 'catkin_cmake_args' from command line to 'None'
[0.148s] Level 5:colcon.colcon_core.verb:set package 'interface_protocol' build argument 'catkin_skip_building_tests' from command line to 'False'
[0.148s] DEBUG:colcon.colcon_core.verb:Building package 'interface_protocol' with the following arguments: {'ament_cmake_args': None, 'build_base': '/home/ubuntu/code/engineai_ros2_workspace/build/interface_protocol', 'catkin_cmake_args': None, 'catkin_skip_building_tests': False, 'cmake_args': ['-DCMAKE_BUILD_TYPE=Release'], 'cmake_clean_cache': False, 'cmake_clean_first': False, 'cmake_force_configure': False, 'cmake_target': None, 'cmake_target_skip_unavailable': False, 'install_base': '/home/ubuntu/code/engineai_ros2_workspace/install/interface_protocol', 'merge_install': False, 'path': '/home/ubuntu/code/engineai_ros2_workspace/src/interface_protocol', 'symlink_install': False, 'test_result_base': None}
[0.148s] Level 5:colcon.colcon_core.verb:set package 'interface_example' build argument 'cmake_args' from command line to '['-DCMAKE_BUILD_TYPE=Release']'
[0.148s] Level 5:colcon.colcon_core.verb:set package 'interface_example' build argument 'cmake_target' from command line to 'None'
[0.148s] Level 5:colcon.colcon_core.verb:set package 'interface_example' build argument 'cmake_target_skip_unavailable' from command line to 'False'
[0.148s] Level 5:colcon.colcon_core.verb:set package 'interface_example' build argument 'cmake_clean_cache' from command line to 'False'
[0.148s] Level 5:colcon.colcon_core.verb:set package 'interface_example' build argument 'cmake_clean_first' from command line to 'False'
[0.148s] Level 5:colcon.colcon_core.verb:set package 'interface_example' build argument 'cmake_force_configure' from command line to 'False'
[0.148s] Level 5:colcon.colcon_core.verb:set package 'interface_example' build argument 'ament_cmake_args' from command line to 'None'
[0.148s] Level 5:colcon.colcon_core.verb:set package 'interface_example' build argument 'catkin_cmake_args' from command line to 'None'
[0.148s] Level 5:colcon.colcon_core.verb:set package 'interface_example' build argument 'catkin_skip_building_tests' from command line to 'False'
[0.148s] DEBUG:colcon.colcon_core.verb:Building package 'interface_example' with the following arguments: {'ament_cmake_args': None, 'build_base': '/home/ubuntu/code/engineai_ros2_workspace/build/interface_example', 'catkin_cmake_args': None, 'catkin_skip_building_tests': False, 'cmake_args': ['-DCMAKE_BUILD_TYPE=Release'], 'cmake_clean_cache': False, 'cmake_clean_first': False, 'cmake_force_configure': False, 'cmake_target': None, 'cmake_target_skip_unavailable': False, 'install_base': '/home/ubuntu/code/engineai_ros2_workspace/install/interface_example', 'merge_install': False, 'path': '/home/ubuntu/code/engineai_ros2_workspace/src/interface_example', 'symlink_install': False, 'test_result_base': None}
[0.148s] Level 5:colcon.colcon_core.verb:set package 'mujoco_simulator' build argument 'cmake_args' from command line to '['-DCMAKE_BUILD_TYPE=Release']'
[0.148s] Level 5:colcon.colcon_core.verb:set package 'mujoco_simulator' build argument 'cmake_target' from command line to 'None'
[0.148s] Level 5:colcon.colcon_core.verb:set package 'mujoco_simulator' build argument 'cmake_target_skip_unavailable' from command line to 'False'
[0.148s] Level 5:colcon.colcon_core.verb:set package 'mujoco_simulator' build argument 'cmake_clean_cache' from command line to 'False'
[0.148s] Level 5:colcon.colcon_core.verb:set package 'mujoco_simulator' build argument 'cmake_clean_first' from command line to 'False'
[0.149s] Level 5:colcon.colcon_core.verb:set package 'mujoco_simulator' build argument 'cmake_force_configure' from command line to 'False'
[0.149s] Level 5:colcon.colcon_core.verb:set package 'mujoco_simulator' build argument 'ament_cmake_args' from command line to 'None'
[0.149s] Level 5:colcon.colcon_core.verb:set package 'mujoco_simulator' build argument 'catkin_cmake_args' from command line to 'None'
[0.149s] Level 5:colcon.colcon_core.verb:set package 'mujoco_simulator' build argument 'catkin_skip_building_tests' from command line to 'False'
[0.149s] DEBUG:colcon.colcon_core.verb:Building package 'mujoco_simulator' with the following arguments: {'ament_cmake_args': None, 'build_base': '/home/ubuntu/code/engineai_ros2_workspace/build/mujoco_simulator', 'catkin_cmake_args': None, 'catkin_skip_building_tests': False, 'cmake_args': ['-DCMAKE_BUILD_TYPE=Release'], 'cmake_clean_cache': False, 'cmake_clean_first': False, 'cmake_force_configure': False, 'cmake_target': None, 'cmake_target_skip_unavailable': False, 'install_base': '/home/ubuntu/code/engineai_ros2_workspace/install/mujoco_simulator', 'merge_install': False, 'path': '/home/ubuntu/code/engineai_ros2_workspace/src/simulation/mujoco', 'symlink_install': False, 'test_result_base': None}
[0.149s] INFO:colcon.colcon_core.executor:Executing jobs using 'parallel' executor
[0.149s] DEBUG:colcon.colcon_parallel_executor.executor.parallel:run_until_complete
[0.149s] INFO:colcon.colcon_ros.task.ament_cmake.build:Building ROS package in '/home/ubuntu/code/engineai_ros2_workspace/src/interface_protocol' with build type 'ament_cmake'
[0.149s] INFO:colcon.colcon_cmake.task.cmake.build:Building CMake package in '/home/ubuntu/code/engineai_ros2_workspace/src/interface_protocol'
[0.150s] INFO:colcon.colcon_core.plugin_system:Skipping extension 'colcon_core.shell.bat': Not used on non-Windows systems
[0.150s] INFO:colcon.colcon_core.shell:Skip shell extension 'powershell' for command environment: Not usable outside of PowerShell
[0.150s] DEBUG:colcon.colcon_core.shell:Skip shell extension 'dsv' for command environment
[0.153s] DEBUG:colcon.colcon_core.event_handler.log_command:Invoking command in '/home/ubuntu/code/engineai_ros2_workspace/build/interface_protocol': CMAKE_PREFIX_PATH=/opt/ros/humble /usr/bin/cmake /home/ubuntu/code/engineai_ros2_workspace/src/interface_protocol -DCMAKE_BUILD_TYPE=Release -DCMAKE_INSTALL_PREFIX=/home/ubuntu/code/engineai_ros2_workspace/install/interface_protocol
[0.986s] DEBUG:colcon.colcon_core.event_handler.log_command:Invoked command in '/home/ubuntu/code/engineai_ros2_workspace/build/interface_protocol' returned '0': CMAKE_PREFIX_PATH=/opt/ros/humble /usr/bin/cmake /home/ubuntu/code/engineai_ros2_workspace/src/interface_protocol -DCMAKE_BUILD_TYPE=Release -DCMAKE_INSTALL_PREFIX=/home/ubuntu/code/engineai_ros2_workspace/install/interface_protocol
[0.987s] DEBUG:colcon.colcon_core.event_handler.log_command:Invoking command in '/home/ubuntu/code/engineai_ros2_workspace/build/interface_protocol': CMAKE_PREFIX_PATH=/opt/ros/humble /usr/bin/cmake --build /home/ubuntu/code/engineai_ros2_workspace/build/interface_protocol -- -j32 -l32
[3.512s] DEBUG:colcon.colcon_core.event_handler.log_command:Invoked command in '/home/ubuntu/code/engineai_ros2_workspace/build/interface_protocol' returned '0': CMAKE_PREFIX_PATH=/opt/ros/humble /usr/bin/cmake --build /home/ubuntu/code/engineai_ros2_workspace/build/interface_protocol -- -j32 -l32
[3.516s] DEBUG:colcon.colcon_core.event_handler.log_command:Invoking command in '/home/ubuntu/code/engineai_ros2_workspace/build/interface_protocol': CMAKE_PREFIX_PATH=/opt/ros/humble /usr/bin/cmake --install /home/ubuntu/code/engineai_ros2_workspace/build/interface_protocol
[3.562s] Level 1:colcon.colcon_core.environment:create_environment_scripts_only(interface_protocol)
[3.562s] DEBUG:colcon.colcon_core.event_handler.log_command:Invoked command in '/home/ubuntu/code/engineai_ros2_workspace/build/interface_protocol' returned '0': CMAKE_PREFIX_PATH=/opt/ros/humble /usr/bin/cmake --install /home/ubuntu/code/engineai_ros2_workspace/build/interface_protocol
[3.564s] Level 1:colcon.colcon_core.environment:checking '/home/ubuntu/code/engineai_ros2_workspace/install/interface_protocol' for CMake module files
[3.565s] Level 1:colcon.colcon_core.environment:checking '/home/ubuntu/code/engineai_ros2_workspace/install/interface_protocol' for CMake config files
[3.565s] Level 1:colcon.colcon_core.shell:create_environment_hook('interface_protocol', 'cmake_prefix_path')
[3.565s] INFO:colcon.colcon_core.shell:Creating environment hook '/home/ubuntu/code/engineai_ros2_workspace/install/interface_protocol/share/interface_protocol/hook/cmake_prefix_path.ps1'
[3.565s] INFO:colcon.colcon_core.shell:Creating environment descriptor '/home/ubuntu/code/engineai_ros2_workspace/install/interface_protocol/share/interface_protocol/hook/cmake_prefix_path.dsv'
[3.566s] INFO:colcon.colcon_core.shell:Creating environment hook '/home/ubuntu/code/engineai_ros2_workspace/install/interface_protocol/share/interface_protocol/hook/cmake_prefix_path.sh'
[3.566s] Level 1:colcon.colcon_core.environment:checking '/home/ubuntu/code/engineai_ros2_workspace/install/interface_protocol/lib'
[3.566s] Level 1:colcon.colcon_core.shell:create_environment_hook('interface_protocol', 'ld_library_path_lib')
[3.566s] INFO:colcon.colcon_core.shell:Creating environment hook '/home/ubuntu/code/engineai_ros2_workspace/install/interface_protocol/share/interface_protocol/hook/ld_library_path_lib.ps1'
[3.566s] INFO:colcon.colcon_core.shell:Creating environment descriptor '/home/ubuntu/code/engineai_ros2_workspace/install/interface_protocol/share/interface_protocol/hook/ld_library_path_lib.dsv'
[3.566s] INFO:colcon.colcon_core.shell:Creating environment hook '/home/ubuntu/code/engineai_ros2_workspace/install/interface_protocol/share/interface_protocol/hook/ld_library_path_lib.sh'
[3.566s] Level 1:colcon.colcon_core.environment:checking '/home/ubuntu/code/engineai_ros2_workspace/install/interface_protocol/bin'
[3.567s] Level 1:colcon.colcon_core.environment:checking '/home/ubuntu/code/engineai_ros2_workspace/install/interface_protocol/lib/pkgconfig/interface_protocol.pc'
[3.567s] Level 1:colcon.colcon_core.environment:checking '/home/ubuntu/code/engineai_ros2_workspace/install/interface_protocol/lib/python3.10/site-packages'
[3.567s] Level 1:colcon.colcon_core.environment:checking '/home/ubuntu/code/engineai_ros2_workspace/install/interface_protocol/bin'
[3.567s] INFO:colcon.colcon_core.shell:Creating package script '/home/ubuntu/code/engineai_ros2_workspace/install/interface_protocol/share/interface_protocol/package.ps1'
[3.567s] INFO:colcon.colcon_core.shell:Creating package descriptor '/home/ubuntu/code/engineai_ros2_workspace/install/interface_protocol/share/interface_protocol/package.dsv'
[3.567s] INFO:colcon.colcon_core.shell:Creating package script '/home/ubuntu/code/engineai_ros2_workspace/install/interface_protocol/share/interface_protocol/package.sh'
[3.568s] INFO:colcon.colcon_core.shell:Creating package script '/home/ubuntu/code/engineai_ros2_workspace/install/interface_protocol/share/interface_protocol/package.bash'
[3.568s] INFO:colcon.colcon_core.shell:Creating package script '/home/ubuntu/code/engineai_ros2_workspace/install/interface_protocol/share/interface_protocol/package.zsh'
[3.568s] Level 1:colcon.colcon_core.environment:create_file_with_runtime_dependencies(/home/ubuntu/code/engineai_ros2_workspace/install/interface_protocol/share/colcon-core/packages/interface_protocol)
[3.568s] Level 1:colcon.colcon_core.environment:create_environment_scripts_only(interface_protocol)
[3.568s] Level 1:colcon.colcon_core.environment:checking '/home/ubuntu/code/engineai_ros2_workspace/install/interface_protocol' for CMake module files
[3.569s] Level 1:colcon.colcon_core.environment:checking '/home/ubuntu/code/engineai_ros2_workspace/install/interface_protocol' for CMake config files
[3.569s] Level 1:colcon.colcon_core.shell:create_environment_hook('interface_protocol', 'cmake_prefix_path')
[3.569s] INFO:colcon.colcon_core.shell:Creating environment hook '/home/ubuntu/code/engineai_ros2_workspace/install/interface_protocol/share/interface_protocol/hook/cmake_prefix_path.ps1'
[3.569s] INFO:colcon.colcon_core.shell:Creating environment descriptor '/home/ubuntu/code/engineai_ros2_workspace/install/interface_protocol/share/interface_protocol/hook/cmake_prefix_path.dsv'
[3.570s] INFO:colcon.colcon_core.shell:Creating environment hook '/home/ubuntu/code/engineai_ros2_workspace/install/interface_protocol/share/interface_protocol/hook/cmake_prefix_path.sh'
[3.570s] Level 1:colcon.colcon_core.environment:checking '/home/ubuntu/code/engineai_ros2_workspace/install/interface_protocol/lib'
[3.570s] Level 1:colcon.colcon_core.shell:create_environment_hook('interface_protocol', 'ld_library_path_lib')
[3.570s] INFO:colcon.colcon_core.shell:Creating environment hook '/home/ubuntu/code/engineai_ros2_workspace/install/interface_protocol/share/interface_protocol/hook/ld_library_path_lib.ps1'
[3.570s] INFO:colcon.colcon_core.shell:Creating environment descriptor '/home/ubuntu/code/engineai_ros2_workspace/install/interface_protocol/share/interface_protocol/hook/ld_library_path_lib.dsv'
[3.570s] INFO:colcon.colcon_core.shell:Creating environment hook '/home/ubuntu/code/engineai_ros2_workspace/install/interface_protocol/share/interface_protocol/hook/ld_library_path_lib.sh'
[3.570s] Level 1:colcon.colcon_core.environment:checking '/home/ubuntu/code/engineai_ros2_workspace/install/interface_protocol/bin'
[3.570s] Level 1:colcon.colcon_core.environment:checking '/home/ubuntu/code/engineai_ros2_workspace/install/interface_protocol/lib/pkgconfig/interface_protocol.pc'
[3.570s] Level 1:colcon.colcon_core.environment:checking '/home/ubuntu/code/engineai_ros2_workspace/install/interface_protocol/lib/python3.10/site-packages'
[3.570s] Level 1:colcon.colcon_core.environment:checking '/home/ubuntu/code/engineai_ros2_workspace/install/interface_protocol/bin'
[3.571s] INFO:colcon.colcon_core.shell:Creating package script '/home/ubuntu/code/engineai_ros2_workspace/install/interface_protocol/share/interface_protocol/package.ps1'
[3.571s] INFO:colcon.colcon_core.shell:Creating package descriptor '/home/ubuntu/code/engineai_ros2_workspace/install/interface_protocol/share/interface_protocol/package.dsv'
[3.571s] INFO:colcon.colcon_core.shell:Creating package script '/home/ubuntu/code/engineai_ros2_workspace/install/interface_protocol/share/interface_protocol/package.sh'
[3.571s] INFO:colcon.colcon_core.shell:Creating package script '/home/ubuntu/code/engineai_ros2_workspace/install/interface_protocol/share/interface_protocol/package.bash'
[3.571s] INFO:colcon.colcon_core.shell:Creating package script '/home/ubuntu/code/engineai_ros2_workspace/install/interface_protocol/share/interface_protocol/package.zsh'
[3.572s] Level 1:colcon.colcon_core.environment:create_file_with_runtime_dependencies(/home/ubuntu/code/engineai_ros2_workspace/install/interface_protocol/share/colcon-core/packages/interface_protocol)
[3.572s] INFO:colcon.colcon_ros.task.ament_cmake.build:Building ROS package in '/home/ubuntu/code/engineai_ros2_workspace/src/interface_example' with build type 'ament_cmake'
[3.572s] INFO:colcon.colcon_cmake.task.cmake.build:Building CMake package in '/home/ubuntu/code/engineai_ros2_workspace/src/interface_example'
[3.572s] INFO:colcon.colcon_core.shell:Skip shell extension 'powershell' for command environment: Not usable outside of PowerShell
[3.572s] DEBUG:colcon.colcon_core.shell:Skip shell extension 'dsv' for command environment
[3.573s] INFO:colcon.colcon_ros.task.ament_cmake.build:Building ROS package in '/home/ubuntu/code/engineai_ros2_workspace/src/simulation/mujoco' with build type 'ament_cmake'
[3.573s] INFO:colcon.colcon_cmake.task.cmake.build:Building CMake package in '/home/ubuntu/code/engineai_ros2_workspace/src/simulation/mujoco'
[3.573s] INFO:colcon.colcon_core.shell:Skip shell extension 'powershell' for command environment: Not usable outside of PowerShell
[3.573s] DEBUG:colcon.colcon_core.shell:Skip shell extension 'dsv' for command environment
[3.578s] DEBUG:colcon.colcon_core.event_handler.log_command:Invoking command in '/home/ubuntu/code/engineai_ros2_workspace/build/interface_example': AMENT_PREFIX_PATH=/home/ubuntu/code/engineai_ros2_workspace/install/interface_protocol:${AMENT_PREFIX_PATH} CMAKE_PREFIX_PATH=/home/ubuntu/code/engineai_ros2_workspace/install/interface_protocol:/opt/ros/humble LD_LIBRARY_PATH=/home/ubuntu/code/engineai_ros2_workspace/install/interface_protocol/lib:${LD_LIBRARY_PATH} PYTHONPATH=/home/ubuntu/code/engineai_ros2_workspace/install/interface_protocol/local/lib/python3.10/dist-packages:${PYTHONPATH} /usr/bin/cmake /home/ubuntu/code/engineai_ros2_workspace/src/interface_example -DCMAKE_BUILD_TYPE=Release -DCMAKE_INSTALL_PREFIX=/home/ubuntu/code/engineai_ros2_workspace/install/interface_example
[3.578s] DEBUG:colcon.colcon_core.event_handler.log_command:Invoking command in '/home/ubuntu/code/engineai_ros2_workspace/build/mujoco_simulator': AMENT_PREFIX_PATH=/home/ubuntu/code/engineai_ros2_workspace/install/interface_protocol:${AMENT_PREFIX_PATH} CMAKE_PREFIX_PATH=/home/ubuntu/code/engineai_ros2_workspace/install/interface_protocol:/opt/ros/humble LD_LIBRARY_PATH=/home/ubuntu/code/engineai_ros2_workspace/install/interface_protocol/lib:${LD_LIBRARY_PATH} PYTHONPATH=/home/ubuntu/code/engineai_ros2_workspace/install/interface_protocol/local/lib/python3.10/dist-packages:${PYTHONPATH} /usr/bin/cmake /home/ubuntu/code/engineai_ros2_workspace/src/simulation/mujoco -DCMAKE_BUILD_TYPE=Release -DCMAKE_INSTALL_PREFIX=/home/ubuntu/code/engineai_ros2_workspace/install/mujoco_simulator
[4.079s] DEBUG:colcon.colcon_core.event_handler.log_command:Invoked command in '/home/ubuntu/code/engineai_ros2_workspace/build/interface_example' returned '0': AMENT_PREFIX_PATH=/home/ubuntu/code/engineai_ros2_workspace/install/interface_protocol:${AMENT_PREFIX_PATH} CMAKE_PREFIX_PATH=/home/ubuntu/code/engineai_ros2_workspace/install/interface_protocol:/opt/ros/humble LD_LIBRARY_PATH=/home/ubuntu/code/engineai_ros2_workspace/install/interface_protocol/lib:${LD_LIBRARY_PATH} PYTHONPATH=/home/ubuntu/code/engineai_ros2_workspace/install/interface_protocol/local/lib/python3.10/dist-packages:${PYTHONPATH} /usr/bin/cmake /home/ubuntu/code/engineai_ros2_workspace/src/interface_example -DCMAKE_BUILD_TYPE=Release -DCMAKE_INSTALL_PREFIX=/home/ubuntu/code/engineai_ros2_workspace/install/interface_example
[4.080s] DEBUG:colcon.colcon_core.event_handler.log_command:Invoking command in '/home/ubuntu/code/engineai_ros2_workspace/build/interface_example': AMENT_PREFIX_PATH=/home/ubuntu/code/engineai_ros2_workspace/install/interface_protocol:${AMENT_PREFIX_PATH} CMAKE_PREFIX_PATH=/home/ubuntu/code/engineai_ros2_workspace/install/interface_protocol:/opt/ros/humble LD_LIBRARY_PATH=/home/ubuntu/code/engineai_ros2_workspace/install/interface_protocol/lib:${LD_LIBRARY_PATH} PYTHONPATH=/home/ubuntu/code/engineai_ros2_workspace/install/interface_protocol/local/lib/python3.10/dist-packages:${PYTHONPATH} /usr/bin/cmake --build /home/ubuntu/code/engineai_ros2_workspace/build/interface_example -- -j32 -l32
[6.113s] DEBUG:colcon.colcon_core.event_handler.log_command:Invoked command in '/home/ubuntu/code/engineai_ros2_workspace/build/mujoco_simulator' returned '0': AMENT_PREFIX_PATH=/home/ubuntu/code/engineai_ros2_workspace/install/interface_protocol:${AMENT_PREFIX_PATH} CMAKE_PREFIX_PATH=/home/ubuntu/code/engineai_ros2_workspace/install/interface_protocol:/opt/ros/humble LD_LIBRARY_PATH=/home/ubuntu/code/engineai_ros2_workspace/install/interface_protocol/lib:${LD_LIBRARY_PATH} PYTHONPATH=/home/ubuntu/code/engineai_ros2_workspace/install/interface_protocol/local/lib/python3.10/dist-packages:${PYTHONPATH} /usr/bin/cmake /home/ubuntu/code/engineai_ros2_workspace/src/simulation/mujoco -DCMAKE_BUILD_TYPE=Release -DCMAKE_INSTALL_PREFIX=/home/ubuntu/code/engineai_ros2_workspace/install/mujoco_simulator
[6.114s] DEBUG:colcon.colcon_core.event_handler.log_command:Invoking command in '/home/ubuntu/code/engineai_ros2_workspace/build/mujoco_simulator': AMENT_PREFIX_PATH=/home/ubuntu/code/engineai_ros2_workspace/install/interface_protocol:${AMENT_PREFIX_PATH} CMAKE_PREFIX_PATH=/home/ubuntu/code/engineai_ros2_workspace/install/interface_protocol:/opt/ros/humble LD_LIBRARY_PATH=/home/ubuntu/code/engineai_ros2_workspace/install/interface_protocol/lib:${LD_LIBRARY_PATH} PYTHONPATH=/home/ubuntu/code/engineai_ros2_workspace/install/interface_protocol/local/lib/python3.10/dist-packages:${PYTHONPATH} /usr/bin/cmake --build /home/ubuntu/code/engineai_ros2_workspace/build/mujoco_simulator -- -j32 -l32
[13.924s] DEBUG:colcon.colcon_core.event_handler.log_command:Invoked command in '/home/ubuntu/code/engineai_ros2_workspace/build/interface_example' returned '0': AMENT_PREFIX_PATH=/home/ubuntu/code/engineai_ros2_workspace/install/interface_protocol:${AMENT_PREFIX_PATH} CMAKE_PREFIX_PATH=/home/ubuntu/code/engineai_ros2_workspace/install/interface_protocol:/opt/ros/humble LD_LIBRARY_PATH=/home/ubuntu/code/engineai_ros2_workspace/install/interface_protocol/lib:${LD_LIBRARY_PATH} PYTHONPATH=/home/ubuntu/code/engineai_ros2_workspace/install/interface_protocol/local/lib/python3.10/dist-packages:${PYTHONPATH} /usr/bin/cmake --build /home/ubuntu/code/engineai_ros2_workspace/build/interface_example -- -j32 -l32
[13.925s] DEBUG:colcon.colcon_core.event_handler.log_command:Invoking command in '/home/ubuntu/code/engineai_ros2_workspace/build/interface_example': AMENT_PREFIX_PATH=/home/ubuntu/code/engineai_ros2_workspace/install/interface_protocol:${AMENT_PREFIX_PATH} CMAKE_PREFIX_PATH=/home/ubuntu/code/engineai_ros2_workspace/install/interface_protocol:/opt/ros/humble LD_LIBRARY_PATH=/home/ubuntu/code/engineai_ros2_workspace/install/interface_protocol/lib:${LD_LIBRARY_PATH} PYTHONPATH=/home/ubuntu/code/engineai_ros2_workspace/install/interface_protocol/local/lib/python3.10/dist-packages:${PYTHONPATH} /usr/bin/cmake --install /home/ubuntu/code/engineai_ros2_workspace/build/interface_example
[13.933s] Level 1:colcon.colcon_core.environment:create_environment_scripts_only(interface_example)
[13.934s] Level 1:colcon.colcon_core.environment:checking '/home/ubuntu/code/engineai_ros2_workspace/install/interface_example' for CMake module files
[13.934s] DEBUG:colcon.colcon_core.event_handler.log_command:Invoked command in '/home/ubuntu/code/engineai_ros2_workspace/build/interface_example' returned '0': AMENT_PREFIX_PATH=/home/ubuntu/code/engineai_ros2_workspace/install/interface_protocol:${AMENT_PREFIX_PATH} CMAKE_PREFIX_PATH=/home/ubuntu/code/engineai_ros2_workspace/install/interface_protocol:/opt/ros/humble LD_LIBRARY_PATH=/home/ubuntu/code/engineai_ros2_workspace/install/interface_protocol/lib:${LD_LIBRARY_PATH} PYTHONPATH=/home/ubuntu/code/engineai_ros2_workspace/install/interface_protocol/local/lib/python3.10/dist-packages:${PYTHONPATH} /usr/bin/cmake --install /home/ubuntu/code/engineai_ros2_workspace/build/interface_example
[13.934s] Level 1:colcon.colcon_core.environment:checking '/home/ubuntu/code/engineai_ros2_workspace/install/interface_example' for CMake config files
[13.935s] Level 1:colcon.colcon_core.shell:create_environment_hook('interface_example', 'cmake_prefix_path')
[13.935s] INFO:colcon.colcon_core.shell:Creating environment hook '/home/ubuntu/code/engineai_ros2_workspace/install/interface_example/share/interface_example/hook/cmake_prefix_path.ps1'
[13.935s] INFO:colcon.colcon_core.shell:Creating environment descriptor '/home/ubuntu/code/engineai_ros2_workspace/install/interface_example/share/interface_example/hook/cmake_prefix_path.dsv'
[13.935s] INFO:colcon.colcon_core.shell:Creating environment hook '/home/ubuntu/code/engineai_ros2_workspace/install/interface_example/share/interface_example/hook/cmake_prefix_path.sh'
[13.935s] Level 1:colcon.colcon_core.environment:checking '/home/ubuntu/code/engineai_ros2_workspace/install/interface_example/lib'
[13.935s] Level 1:colcon.colcon_core.environment:checking '/home/ubuntu/code/engineai_ros2_workspace/install/interface_example/bin'
[13.935s] Level 1:colcon.colcon_core.environment:checking '/home/ubuntu/code/engineai_ros2_workspace/install/interface_example/lib/pkgconfig/interface_example.pc'
[13.936s] Level 1:colcon.colcon_core.environment:checking '/home/ubuntu/code/engineai_ros2_workspace/install/interface_example/lib/python3.10/site-packages'
[13.936s] Level 1:colcon.colcon_core.environment:checking '/home/ubuntu/code/engineai_ros2_workspace/install/interface_example/bin'
[13.936s] INFO:colcon.colcon_core.shell:Creating package script '/home/ubuntu/code/engineai_ros2_workspace/install/interface_example/share/interface_example/package.ps1'
[13.936s] INFO:colcon.colcon_core.shell:Creating package descriptor '/home/ubuntu/code/engineai_ros2_workspace/install/interface_example/share/interface_example/package.dsv'
[13.936s] INFO:colcon.colcon_core.shell:Creating package script '/home/ubuntu/code/engineai_ros2_workspace/install/interface_example/share/interface_example/package.sh'
[13.936s] INFO:colcon.colcon_core.shell:Creating package script '/home/ubuntu/code/engineai_ros2_workspace/install/interface_example/share/interface_example/package.bash'
[13.936s] INFO:colcon.colcon_core.shell:Creating package script '/home/ubuntu/code/engineai_ros2_workspace/install/interface_example/share/interface_example/package.zsh'
[13.936s] Level 1:colcon.colcon_core.environment:create_file_with_runtime_dependencies(/home/ubuntu/code/engineai_ros2_workspace/install/interface_example/share/colcon-core/packages/interface_example)
[13.937s] Level 1:colcon.colcon_core.environment:create_environment_scripts_only(interface_example)
[13.937s] Level 1:colcon.colcon_core.environment:checking '/home/ubuntu/code/engineai_ros2_workspace/install/interface_example' for CMake module files
[13.937s] Level 1:colcon.colcon_core.environment:checking '/home/ubuntu/code/engineai_ros2_workspace/install/interface_example' for CMake config files
[13.937s] Level 1:colcon.colcon_core.shell:create_environment_hook('interface_example', 'cmake_prefix_path')
[13.937s] INFO:colcon.colcon_core.shell:Creating environment hook '/home/ubuntu/code/engineai_ros2_workspace/install/interface_example/share/interface_example/hook/cmake_prefix_path.ps1'
[13.937s] INFO:colcon.colcon_core.shell:Creating environment descriptor '/home/ubuntu/code/engineai_ros2_workspace/install/interface_example/share/interface_example/hook/cmake_prefix_path.dsv'
[13.937s] INFO:colcon.colcon_core.shell:Creating environment hook '/home/ubuntu/code/engineai_ros2_workspace/install/interface_example/share/interface_example/hook/cmake_prefix_path.sh'
[13.937s] Level 1:colcon.colcon_core.environment:checking '/home/ubuntu/code/engineai_ros2_workspace/install/interface_example/lib'
[13.937s] Level 1:colcon.colcon_core.environment:checking '/home/ubuntu/code/engineai_ros2_workspace/install/interface_example/bin'
[13.938s] Level 1:colcon.colcon_core.environment:checking '/home/ubuntu/code/engineai_ros2_workspace/install/interface_example/lib/pkgconfig/interface_example.pc'
[13.938s] Level 1:colcon.colcon_core.environment:checking '/home/ubuntu/code/engineai_ros2_workspace/install/interface_example/lib/python3.10/site-packages'
[13.938s] Level 1:colcon.colcon_core.environment:checking '/home/ubuntu/code/engineai_ros2_workspace/install/interface_example/bin'
[13.938s] INFO:colcon.colcon_core.shell:Creating package script '/home/ubuntu/code/engineai_ros2_workspace/install/interface_example/share/interface_example/package.ps1'
[13.938s] INFO:colcon.colcon_core.shell:Creating package descriptor '/home/ubuntu/code/engineai_ros2_workspace/install/interface_example/share/interface_example/package.dsv'
[13.938s] INFO:colcon.colcon_core.shell:Creating package script '/home/ubuntu/code/engineai_ros2_workspace/install/interface_example/share/interface_example/package.sh'
[13.938s] INFO:colcon.colcon_core.shell:Creating package script '/home/ubuntu/code/engineai_ros2_workspace/install/interface_example/share/interface_example/package.bash'
[13.938s] INFO:colcon.colcon_core.shell:Creating package script '/home/ubuntu/code/engineai_ros2_workspace/install/interface_example/share/interface_example/package.zsh'
[13.939s] Level 1:colcon.colcon_core.environment:create_file_with_runtime_dependencies(/home/ubuntu/code/engineai_ros2_workspace/install/interface_example/share/colcon-core/packages/interface_example)
[15.951s] DEBUG:colcon.colcon_core.event_handler.log_command:Invoked command in '/home/ubuntu/code/engineai_ros2_workspace/build/mujoco_simulator' returned '0': AMENT_PREFIX_PATH=/home/ubuntu/code/engineai_ros2_workspace/install/interface_protocol:${AMENT_PREFIX_PATH} CMAKE_PREFIX_PATH=/home/ubuntu/code/engineai_ros2_workspace/install/interface_protocol:/opt/ros/humble LD_LIBRARY_PATH=/home/ubuntu/code/engineai_ros2_workspace/install/interface_protocol/lib:${LD_LIBRARY_PATH} PYTHONPATH=/home/ubuntu/code/engineai_ros2_workspace/install/interface_protocol/local/lib/python3.10/dist-packages:${PYTHONPATH} /usr/bin/cmake --build /home/ubuntu/code/engineai_ros2_workspace/build/mujoco_simulator -- -j32 -l32
[15.952s] DEBUG:colcon.colcon_core.event_handler.log_command:Invoking command in '/home/ubuntu/code/engineai_ros2_workspace/build/mujoco_simulator': AMENT_PREFIX_PATH=/home/ubuntu/code/engineai_ros2_workspace/install/interface_protocol:${AMENT_PREFIX_PATH} CMAKE_PREFIX_PATH=/home/ubuntu/code/engineai_ros2_workspace/install/interface_protocol:/opt/ros/humble LD_LIBRARY_PATH=/home/ubuntu/code/engineai_ros2_workspace/install/interface_protocol/lib:${LD_LIBRARY_PATH} PYTHONPATH=/home/ubuntu/code/engineai_ros2_workspace/install/interface_protocol/local/lib/python3.10/dist-packages:${PYTHONPATH} /usr/bin/cmake --install /home/ubuntu/code/engineai_ros2_workspace/build/mujoco_simulator
[15.984s] Level 1:colcon.colcon_core.environment:create_environment_scripts_only(mujoco_simulator)
[15.985s] Level 1:colcon.colcon_core.environment:checking '/home/ubuntu/code/engineai_ros2_workspace/install/mujoco_simulator' for CMake module files
[15.985s] DEBUG:colcon.colcon_core.event_handler.log_command:Invoked command in '/home/ubuntu/code/engineai_ros2_workspace/build/mujoco_simulator' returned '0': AMENT_PREFIX_PATH=/home/ubuntu/code/engineai_ros2_workspace/install/interface_protocol:${AMENT_PREFIX_PATH} CMAKE_PREFIX_PATH=/home/ubuntu/code/engineai_ros2_workspace/install/interface_protocol:/opt/ros/humble LD_LIBRARY_PATH=/home/ubuntu/code/engineai_ros2_workspace/install/interface_protocol/lib:${LD_LIBRARY_PATH} PYTHONPATH=/home/ubuntu/code/engineai_ros2_workspace/install/interface_protocol/local/lib/python3.10/dist-packages:${PYTHONPATH} /usr/bin/cmake --install /home/ubuntu/code/engineai_ros2_workspace/build/mujoco_simulator
[15.985s] Level 1:colcon.colcon_core.environment:checking '/home/ubuntu/code/engineai_ros2_workspace/install/mujoco_simulator' for CMake config files
[15.985s] Level 1:colcon.colcon_core.shell:create_environment_hook('mujoco_simulator', 'cmake_prefix_path')
[15.985s] INFO:colcon.colcon_core.shell:Creating environment hook '/home/ubuntu/code/engineai_ros2_workspace/install/mujoco_simulator/share/mujoco_simulator/hook/cmake_prefix_path.ps1'
[15.985s] INFO:colcon.colcon_core.shell:Creating environment descriptor '/home/ubuntu/code/engineai_ros2_workspace/install/mujoco_simulator/share/mujoco_simulator/hook/cmake_prefix_path.dsv'
[15.986s] INFO:colcon.colcon_core.shell:Creating environment hook '/home/ubuntu/code/engineai_ros2_workspace/install/mujoco_simulator/share/mujoco_simulator/hook/cmake_prefix_path.sh'
[15.986s] Level 1:colcon.colcon_core.environment:checking '/home/ubuntu/code/engineai_ros2_workspace/install/mujoco_simulator/lib'
[15.986s] Level 1:colcon.colcon_core.environment:checking '/home/ubuntu/code/engineai_ros2_workspace/install/mujoco_simulator/bin'
[15.986s] Level 1:colcon.colcon_core.environment:checking '/home/ubuntu/code/engineai_ros2_workspace/install/mujoco_simulator/lib/pkgconfig/mujoco_simulator.pc'
[15.986s] Level 1:colcon.colcon_core.environment:checking '/home/ubuntu/code/engineai_ros2_workspace/install/mujoco_simulator/lib/python3.10/site-packages'
[15.986s] Level 1:colcon.colcon_core.environment:checking '/home/ubuntu/code/engineai_ros2_workspace/install/mujoco_simulator/bin'
[15.986s] INFO:colcon.colcon_core.shell:Creating package script '/home/ubuntu/code/engineai_ros2_workspace/install/mujoco_simulator/share/mujoco_simulator/package.ps1'
[15.986s] INFO:colcon.colcon_core.shell:Creating package descriptor '/home/ubuntu/code/engineai_ros2_workspace/install/mujoco_simulator/share/mujoco_simulator/package.dsv'
[15.986s] INFO:colcon.colcon_core.shell:Creating package script '/home/ubuntu/code/engineai_ros2_workspace/install/mujoco_simulator/share/mujoco_simulator/package.sh'
[15.987s] INFO:colcon.colcon_core.shell:Creating package script '/home/ubuntu/code/engineai_ros2_workspace/install/mujoco_simulator/share/mujoco_simulator/package.bash'
[15.987s] INFO:colcon.colcon_core.shell:Creating package script '/home/ubuntu/code/engineai_ros2_workspace/install/mujoco_simulator/share/mujoco_simulator/package.zsh'
[15.987s] Level 1:colcon.colcon_core.environment:create_file_with_runtime_dependencies(/home/ubuntu/code/engineai_ros2_workspace/install/mujoco_simulator/share/colcon-core/packages/mujoco_simulator)
[15.987s] Level 1:colcon.colcon_core.environment:create_environment_scripts_only(mujoco_simulator)
[15.987s] Level 1:colcon.colcon_core.environment:checking '/home/ubuntu/code/engineai_ros2_workspace/install/mujoco_simulator' for CMake module files
[15.987s] Level 1:colcon.colcon_core.environment:checking '/home/ubuntu/code/engineai_ros2_workspace/install/mujoco_simulator' for CMake config files
[15.987s] Level 1:colcon.colcon_core.shell:create_environment_hook('mujoco_simulator', 'cmake_prefix_path')
[15.987s] INFO:colcon.colcon_core.shell:Creating environment hook '/home/ubuntu/code/engineai_ros2_workspace/install/mujoco_simulator/share/mujoco_simulator/hook/cmake_prefix_path.ps1'
[15.988s] INFO:colcon.colcon_core.shell:Creating environment descriptor '/home/ubuntu/code/engineai_ros2_workspace/install/mujoco_simulator/share/mujoco_simulator/hook/cmake_prefix_path.dsv'
[15.988s] INFO:colcon.colcon_core.shell:Creating environment hook '/home/ubuntu/code/engineai_ros2_workspace/install/mujoco_simulator/share/mujoco_simulator/hook/cmake_prefix_path.sh'
[15.988s] Level 1:colcon.colcon_core.environment:checking '/home/ubuntu/code/engineai_ros2_workspace/install/mujoco_simulator/lib'
[15.988s] Level 1:colcon.colcon_core.environment:checking '/home/ubuntu/code/engineai_ros2_workspace/install/mujoco_simulator/bin'
[15.988s] Level 1:colcon.colcon_core.environment:checking '/home/ubuntu/code/engineai_ros2_workspace/install/mujoco_simulator/lib/pkgconfig/mujoco_simulator.pc'
[15.988s] Level 1:colcon.colcon_core.environment:checking '/home/ubuntu/code/engineai_ros2_workspace/install/mujoco_simulator/lib/python3.10/site-packages'
[15.988s] Level 1:colcon.colcon_core.environment:checking '/home/ubuntu/code/engineai_ros2_workspace/install/mujoco_simulator/bin'
[15.988s] INFO:colcon.colcon_core.shell:Creating package script '/home/ubuntu/code/engineai_ros2_workspace/install/mujoco_simulator/share/mujoco_simulator/package.ps1'
[15.988s] INFO:colcon.colcon_core.shell:Creating package descriptor '/home/ubuntu/code/engineai_ros2_workspace/install/mujoco_simulator/share/mujoco_simulator/package.dsv'
[15.989s] INFO:colcon.colcon_core.shell:Creating package script '/home/ubuntu/code/engineai_ros2_workspace/install/mujoco_simulator/share/mujoco_simulator/package.sh'
[15.989s] INFO:colcon.colcon_core.shell:Creating package script '/home/ubuntu/code/engineai_ros2_workspace/install/mujoco_simulator/share/mujoco_simulator/package.bash'
[15.989s] INFO:colcon.colcon_core.shell:Creating package script '/home/ubuntu/code/engineai_ros2_workspace/install/mujoco_simulator/share/mujoco_simulator/package.zsh'
[15.989s] Level 1:colcon.colcon_core.environment:create_file_with_runtime_dependencies(/home/ubuntu/code/engineai_ros2_workspace/install/mujoco_simulator/share/colcon-core/packages/mujoco_simulator)
[15.989s] DEBUG:colcon.colcon_parallel_executor.executor.parallel:closing loop
[15.989s] DEBUG:colcon.colcon_parallel_executor.executor.parallel:loop closed
[15.989s] DEBUG:colcon.colcon_parallel_executor.executor.parallel:run_until_complete finished with '0'
[15.989s] DEBUG:colcon.colcon_core.event_reactor:joining thread
[15.992s] INFO:colcon.colcon_core.plugin_system:Skipping extension 'colcon_notification.desktop_notification.terminal_notifier': Not used on non-Darwin systems
[15.992s] INFO:colcon.colcon_core.plugin_system:Skipping extension 'colcon_notification.desktop_notification.win32': Not used on non-Windows systems
[15.992s] INFO:colcon.colcon_notification.desktop_notification:Sending desktop notification using 'notify2'
[15.997s] DEBUG:colcon.colcon_core.event_reactor:joined thread
[15.997s] INFO:colcon.colcon_core.shell:Creating prefix script '/home/ubuntu/code/engineai_ros2_workspace/install/local_setup.ps1'
[15.997s] INFO:colcon.colcon_core.shell:Creating prefix util module '/home/ubuntu/code/engineai_ros2_workspace/install/_local_setup_util_ps1.py'
[15.998s] INFO:colcon.colcon_core.shell:Creating prefix chain script '/home/ubuntu/code/engineai_ros2_workspace/install/setup.ps1'
[15.998s] INFO:colcon.colcon_core.shell:Creating prefix script '/home/ubuntu/code/engineai_ros2_workspace/install/local_setup.sh'
[15.998s] INFO:colcon.colcon_core.shell:Creating prefix util module '/home/ubuntu/code/engineai_ros2_workspace/install/_local_setup_util_sh.py'
[15.998s] INFO:colcon.colcon_core.shell:Creating prefix chain script '/home/ubuntu/code/engineai_ros2_workspace/install/setup.sh'
[15.999s] INFO:colcon.colcon_core.shell:Creating prefix script '/home/ubuntu/code/engineai_ros2_workspace/install/local_setup.bash'
[15.999s] INFO:colcon.colcon_core.shell:Creating prefix chain script '/home/ubuntu/code/engineai_ros2_workspace/install/setup.bash'
[15.999s] INFO:colcon.colcon_core.shell:Creating prefix script '/home/ubuntu/code/engineai_ros2_workspace/install/local_setup.zsh'
[15.999s] INFO:colcon.colcon_core.shell:Creating prefix chain script '/home/ubuntu/code/engineai_ros2_workspace/install/setup.zsh'
