-- The C compiler identification is GNU 11.4.0
-- The CXX compiler identification is GNU 11.4.0
-- Detecting C compiler ABI info
-- Detecting C compiler ABI info - done
-- Check for working C compiler: /usr/bin/cc - skipped
-- Detecting C compile features
-- Detecting C compile features - done
-- Detecting CXX compiler ABI info
-- Detecting CXX compiler ABI info - done
-- Check for working CXX compiler: /usr/bin/c++ - skipped
-- Detecting CXX compile features
-- Detecting CXX compile features - done
-- Found ament_cmake: 1.3.12 (/opt/ros/humble/share/ament_cmake/cmake)
-- Found Python3: /usr/bin/python3 (found version "3.10.12") found components: Interpreter 
-- Found rosidl_default_generators: 1.2.0 (/opt/ros/humble/share/rosidl_default_generators/cmake)
-- Using all available rosidl_typesupport_c: rosidl_typesupport_fastrtps_c;rosidl_typesupport_introspection_c
-- Found rosidl_adapter: 3.1.7 (/opt/ros/humble/share/rosidl_adapter/cmake)
-- Using all available rosidl_typesupport_cpp: rosidl_typesupport_fastrtps_cpp;rosidl_typesupport_introspection_cpp
-- Found std_msgs: 4.9.0 (/opt/ros/humble/share/std_msgs/cmake)
-- Found std_srvs: 4.9.0 (/opt/ros/humble/share/std_srvs/cmake)
-- Found geometry_msgs: 4.9.0 (/opt/ros/humble/share/geometry_msgs/cmake)
-- Found message files: msg/BodyVelCmd.msg;msg/GamepadKeys.msg;msg/Heartbeat.msg;msg/ImuInfo.msg;msg/JointCommand.msg;msg/JointState.msg;msg/MotionState.msg;msg/MotorCommand.msg;msg/MotorDebug.msg;msg/MotorState.msg;msg/ParallelParserType.msg;msg/Tts.msg
-- Found service files: srv/EnableMotor.srv
-- Found ament_cmake_ros: 0.10.0 (/opt/ros/humble/share/ament_cmake_ros/cmake)
-- Using all available rosidl_typesupport_c: rosidl_typesupport_fastrtps_c;rosidl_typesupport_introspection_c
-- Using all available rosidl_typesupport_cpp: rosidl_typesupport_fastrtps_cpp;rosidl_typesupport_introspection_cpp
-- Found PythonInterp: /usr/bin/python3 (found suitable version "3.10.12", minimum required is "3.6") 
-- Found python_cmake_module: 0.10.0 (/opt/ros/humble/share/python_cmake_module/cmake)
-- Found PythonLibs: /usr/lib/x86_64-linux-gnu/libpython3.10.so (found suitable version "3.10.12", minimum required is "3.5") 
-- Using PYTHON_EXECUTABLE: /usr/bin/python3
-- Using PYTHON_INCLUDE_DIRS: /usr/include/python3.10
-- Using PYTHON_LIBRARIES: /usr/lib/x86_64-linux-gnu/libpython3.10.so
-- Found PythonExtra: .so  
-- Configuring done
-- Generating done
-- Build files have been written to: /home/ubuntu/code/engineai_ros2_workspace/build/interface_protocol
[  1%] [34m[1mGenerating C code for ROS interfaces[0m
[  1%] [34m[1mGenerating C++ code for ROS interfaces[0m
[  1%] Built target ament_cmake_python_copy_interface_protocol
running egg_info
creating interface_protocol.egg-info
writing interface_protocol.egg-info/PKG-INFO
writing dependency_links to interface_protocol.egg-info/dependency_links.txt
writing top-level names to interface_protocol.egg-info/top_level.txt
writing manifest file 'interface_protocol.egg-info/SOURCES.txt'
reading manifest file 'interface_protocol.egg-info/SOURCES.txt'
writing manifest file 'interface_protocol.egg-info/SOURCES.txt'
[  1%] Built target ament_cmake_python_build_interface_protocol_egg
[  1%] Built target interface_protocol__cpp
[  2%] [34m[1mGenerating C++ type support dispatch for ROS interfaces[0m
[  3%] [32mBuilding C object CMakeFiles/interface_protocol__rosidl_generator_c.dir/rosidl_generator_c/interface_protocol/msg/detail/heartbeat__functions.c.o[0m
[  4%] [32mBuilding C object CMakeFiles/interface_protocol__rosidl_generator_c.dir/rosidl_generator_c/interface_protocol/msg/detail/joint_state__functions.c.o[0m
[  4%] [32mBuilding C object CMakeFiles/interface_protocol__rosidl_generator_c.dir/rosidl_generator_c/interface_protocol/msg/detail/motion_state__functions.c.o[0m
[  5%] [34m[1mGenerating C++ type support for eProsima Fast-RTPS[0m
[  6%] [32mBuilding C object CMakeFiles/interface_protocol__rosidl_generator_c.dir/rosidl_generator_c/interface_protocol/msg/detail/motor_command__functions.c.o[0m
[  7%] [32mBuilding C object CMakeFiles/interface_protocol__rosidl_generator_c.dir/rosidl_generator_c/interface_protocol/msg/detail/motor_debug__functions.c.o[0m
[  9%] [32mBuilding C object CMakeFiles/interface_protocol__rosidl_generator_c.dir/rosidl_generator_c/interface_protocol/msg/detail/joint_command__functions.c.o[0m
[  8%] [34m[1mGenerating C++ introspection for ROS interfaces[0m
[  9%] [32mBuilding C object CMakeFiles/interface_protocol__rosidl_generator_c.dir/rosidl_generator_c/interface_protocol/msg/detail/body_vel_cmd__functions.c.o[0m
[  9%] [32mBuilding C object CMakeFiles/interface_protocol__rosidl_generator_c.dir/rosidl_generator_c/interface_protocol/msg/detail/gamepad_keys__functions.c.o[0m
[ 10%] [32mBuilding C object CMakeFiles/interface_protocol__rosidl_generator_c.dir/rosidl_generator_c/interface_protocol/msg/detail/imu_info__functions.c.o[0m
[ 10%] [32mBuilding C object CMakeFiles/interface_protocol__rosidl_generator_c.dir/rosidl_generator_c/interface_protocol/msg/detail/tts__functions.c.o[0m
[ 11%] [32mBuilding C object CMakeFiles/interface_protocol__rosidl_generator_c.dir/rosidl_generator_c/interface_protocol/srv/detail/enable_motor__functions.c.o[0m
[ 12%] [32mBuilding C object CMakeFiles/interface_protocol__rosidl_generator_c.dir/rosidl_generator_c/interface_protocol/msg/detail/parallel_parser_type__functions.c.o[0m
[ 13%] [32mBuilding C object CMakeFiles/interface_protocol__rosidl_generator_c.dir/rosidl_generator_c/interface_protocol/msg/detail/motor_state__functions.c.o[0m
[ 14%] [32m[1mLinking C shared library libinterface_protocol__rosidl_generator_c.so[0m
[ 14%] Built target interface_protocol__rosidl_generator_c
[ 15%] [34m[1mGenerating C type support for eProsima Fast-RTPS[0m
[ 17%] [34m[1mGenerating C type support dispatch for ROS interfaces[0m
[ 17%] [34m[1mGenerating C introspection for ROS interfaces[0m
[ 18%] [32mBuilding CXX object CMakeFiles/interface_protocol__rosidl_typesupport_cpp.dir/rosidl_typesupport_cpp/interface_protocol/msg/heartbeat__type_support.cpp.o[0m
[ 20%] [32mBuilding CXX object CMakeFiles/interface_protocol__rosidl_typesupport_cpp.dir/rosidl_typesupport_cpp/interface_protocol/msg/body_vel_cmd__type_support.cpp.o[0m
[ 20%] [32mBuilding CXX object CMakeFiles/interface_protocol__rosidl_typesupport_cpp.dir/rosidl_typesupport_cpp/interface_protocol/msg/joint_command__type_support.cpp.o[0m
[ 20%] [32mBuilding CXX object CMakeFiles/interface_protocol__rosidl_typesupport_cpp.dir/rosidl_typesupport_cpp/interface_protocol/msg/motor_command__type_support.cpp.o[0m
[ 20%] [32mBuilding CXX object CMakeFiles/interface_protocol__rosidl_typesupport_cpp.dir/rosidl_typesupport_cpp/interface_protocol/msg/gamepad_keys__type_support.cpp.o[0m
[ 21%] [32mBuilding CXX object CMakeFiles/interface_protocol__rosidl_typesupport_cpp.dir/rosidl_typesupport_cpp/interface_protocol/msg/joint_state__type_support.cpp.o[0m
[ 22%] [32mBuilding CXX object CMakeFiles/interface_protocol__rosidl_typesupport_cpp.dir/rosidl_typesupport_cpp/interface_protocol/msg/motor_state__type_support.cpp.o[0m
[ 23%] [32mBuilding CXX object CMakeFiles/interface_protocol__rosidl_typesupport_cpp.dir/rosidl_typesupport_cpp/interface_protocol/msg/motion_state__type_support.cpp.o[0m
[ 24%] [32mBuilding CXX object CMakeFiles/interface_protocol__rosidl_typesupport_cpp.dir/rosidl_typesupport_cpp/interface_protocol/msg/imu_info__type_support.cpp.o[0m
[ 26%] [32mBuilding CXX object CMakeFiles/interface_protocol__rosidl_typesupport_cpp.dir/rosidl_typesupport_cpp/interface_protocol/msg/motor_debug__type_support.cpp.o[0m
[ 26%] [32mBuilding CXX object CMakeFiles/interface_protocol__rosidl_typesupport_cpp.dir/rosidl_typesupport_cpp/interface_protocol/msg/parallel_parser_type__type_support.cpp.o[0m
[ 27%] [32mBuilding CXX object CMakeFiles/interface_protocol__rosidl_typesupport_cpp.dir/rosidl_typesupport_cpp/interface_protocol/msg/tts__type_support.cpp.o[0m
[ 27%] [32mBuilding CXX object CMakeFiles/interface_protocol__rosidl_typesupport_cpp.dir/rosidl_typesupport_cpp/interface_protocol/srv/enable_motor__type_support.cpp.o[0m
[ 28%] [32mBuilding CXX object CMakeFiles/interface_protocol__rosidl_typesupport_introspection_cpp.dir/rosidl_typesupport_introspection_cpp/interface_protocol/msg/detail/body_vel_cmd__type_support.cpp.o[0m
[ 29%] [32mBuilding CXX object CMakeFiles/interface_protocol__rosidl_typesupport_introspection_cpp.dir/rosidl_typesupport_introspection_cpp/interface_protocol/msg/detail/gamepad_keys__type_support.cpp.o[0m
[ 32%] [32mBuilding CXX object CMakeFiles/interface_protocol__rosidl_typesupport_introspection_cpp.dir/rosidl_typesupport_introspection_cpp/interface_protocol/msg/detail/heartbeat__type_support.cpp.o[0m
[ 32%] [32mBuilding CXX object CMakeFiles/interface_protocol__rosidl_typesupport_introspection_cpp.dir/rosidl_typesupport_introspection_cpp/interface_protocol/msg/detail/imu_info__type_support.cpp.o[0m
[ 32%] [32mBuilding CXX object CMakeFiles/interface_protocol__rosidl_typesupport_introspection_cpp.dir/rosidl_typesupport_introspection_cpp/interface_protocol/msg/detail/joint_command__type_support.cpp.o[0m
[ 32%] [32mBuilding CXX object CMakeFiles/interface_protocol__rosidl_typesupport_introspection_cpp.dir/rosidl_typesupport_introspection_cpp/interface_protocol/msg/detail/motion_state__type_support.cpp.o[0m
[ 33%] [32mBuilding CXX object CMakeFiles/interface_protocol__rosidl_typesupport_introspection_cpp.dir/rosidl_typesupport_introspection_cpp/interface_protocol/msg/detail/motor_debug__type_support.cpp.o[0m
[ 33%] [32mBuilding CXX object CMakeFiles/interface_protocol__rosidl_typesupport_introspection_cpp.dir/rosidl_typesupport_introspection_cpp/interface_protocol/msg/detail/motor_state__type_support.cpp.o[0m
[ 34%] [32mBuilding CXX object CMakeFiles/interface_protocol__rosidl_typesupport_introspection_cpp.dir/rosidl_typesupport_introspection_cpp/interface_protocol/msg/detail/joint_state__type_support.cpp.o[0m
[ 37%] [32mBuilding CXX object CMakeFiles/interface_protocol__rosidl_typesupport_introspection_cpp.dir/rosidl_typesupport_introspection_cpp/interface_protocol/msg/detail/tts__type_support.cpp.o[0m
[ 37%] [32mBuilding CXX object CMakeFiles/interface_protocol__rosidl_typesupport_introspection_cpp.dir/rosidl_typesupport_introspection_cpp/interface_protocol/msg/detail/motor_command__type_support.cpp.o[0m
[ 37%] [32mBuilding CXX object CMakeFiles/interface_protocol__rosidl_typesupport_introspection_cpp.dir/rosidl_typesupport_introspection_cpp/interface_protocol/srv/detail/enable_motor__type_support.cpp.o[0m
[ 38%] [32mBuilding CXX object CMakeFiles/interface_protocol__rosidl_typesupport_introspection_cpp.dir/rosidl_typesupport_introspection_cpp/interface_protocol/msg/detail/parallel_parser_type__type_support.cpp.o[0m
[ 40%] [32mBuilding CXX object CMakeFiles/interface_protocol__rosidl_typesupport_c.dir/rosidl_typesupport_c/interface_protocol/msg/heartbeat__type_support.cpp.o[0m
[ 40%] [32mBuilding CXX object CMakeFiles/interface_protocol__rosidl_typesupport_c.dir/rosidl_typesupport_c/interface_protocol/msg/gamepad_keys__type_support.cpp.o[0m
[ 40%] [32mBuilding CXX object CMakeFiles/interface_protocol__rosidl_typesupport_c.dir/rosidl_typesupport_c/interface_protocol/msg/body_vel_cmd__type_support.cpp.o[0m
[ 41%] [32mBuilding CXX object CMakeFiles/interface_protocol__rosidl_typesupport_c.dir/rosidl_typesupport_c/interface_protocol/msg/imu_info__type_support.cpp.o[0m
[ 42%] [32mBuilding CXX object CMakeFiles/interface_protocol__rosidl_typesupport_c.dir/rosidl_typesupport_c/interface_protocol/msg/joint_state__type_support.cpp.o[0m
[ 42%] [32mBuilding CXX object CMakeFiles/interface_protocol__rosidl_typesupport_c.dir/rosidl_typesupport_c/interface_protocol/msg/joint_command__type_support.cpp.o[0m
[ 43%] [32mBuilding CXX object CMakeFiles/interface_protocol__rosidl_typesupport_c.dir/rosidl_typesupport_c/interface_protocol/msg/motion_state__type_support.cpp.o[0m
[ 44%] [32mBuilding CXX object CMakeFiles/interface_protocol__rosidl_typesupport_c.dir/rosidl_typesupport_c/interface_protocol/msg/motor_command__type_support.cpp.o[0m
[ 45%] [32mBuilding CXX object CMakeFiles/interface_protocol__rosidl_typesupport_c.dir/rosidl_typesupport_c/interface_protocol/msg/motor_debug__type_support.cpp.o[0m
[ 46%] [32mBuilding CXX object CMakeFiles/interface_protocol__rosidl_typesupport_c.dir/rosidl_typesupport_c/interface_protocol/msg/motor_state__type_support.cpp.o[0m
[ 46%] [32mBuilding CXX object CMakeFiles/interface_protocol__rosidl_typesupport_c.dir/rosidl_typesupport_c/interface_protocol/msg/parallel_parser_type__type_support.cpp.o[0m
[ 47%] [32mBuilding CXX object CMakeFiles/interface_protocol__rosidl_typesupport_c.dir/rosidl_typesupport_c/interface_protocol/msg/tts__type_support.cpp.o[0m
[ 48%] [32mBuilding CXX object CMakeFiles/interface_protocol__rosidl_typesupport_c.dir/rosidl_typesupport_c/interface_protocol/srv/enable_motor__type_support.cpp.o[0m
[ 49%] [32m[1mLinking CXX shared library libinterface_protocol__rosidl_typesupport_c.so[0m
[ 54%] [32mBuilding CXX object CMakeFiles/interface_protocol__rosidl_typesupport_fastrtps_cpp.dir/rosidl_typesupport_fastrtps_cpp/interface_protocol/msg/detail/dds_fastrtps/imu_info__type_support.cpp.o[0m
[ 54%] [32mBuilding CXX object CMakeFiles/interface_protocol__rosidl_typesupport_fastrtps_cpp.dir/rosidl_typesupport_fastrtps_cpp/interface_protocol/msg/detail/dds_fastrtps/gamepad_keys__type_support.cpp.o[0m
[ 54%] [32mBuilding CXX object CMakeFiles/interface_protocol__rosidl_typesupport_fastrtps_cpp.dir/rosidl_typesupport_fastrtps_cpp/interface_protocol/msg/detail/dds_fastrtps/heartbeat__type_support.cpp.o[0m
[ 54%] [32mBuilding CXX object CMakeFiles/interface_protocol__rosidl_typesupport_fastrtps_cpp.dir/rosidl_typesupport_fastrtps_cpp/interface_protocol/msg/detail/dds_fastrtps/body_vel_cmd__type_support.cpp.o[0m
[ 54%] [32mBuilding CXX object CMakeFiles/interface_protocol__rosidl_typesupport_fastrtps_cpp.dir/rosidl_typesupport_fastrtps_cpp/interface_protocol/msg/detail/dds_fastrtps/motor_debug__type_support.cpp.o[0m
[ 54%] [32mBuilding CXX object CMakeFiles/interface_protocol__rosidl_typesupport_fastrtps_cpp.dir/rosidl_typesupport_fastrtps_cpp/interface_protocol/msg/detail/dds_fastrtps/motion_state__type_support.cpp.o[0m
[ 55%] [32mBuilding CXX object CMakeFiles/interface_protocol__rosidl_typesupport_fastrtps_cpp.dir/rosidl_typesupport_fastrtps_cpp/interface_protocol/msg/detail/dds_fastrtps/motor_command__type_support.cpp.o[0m
[ 54%] [32mBuilding CXX object CMakeFiles/interface_protocol__rosidl_typesupport_fastrtps_cpp.dir/rosidl_typesupport_fastrtps_cpp/interface_protocol/msg/detail/dds_fastrtps/joint_command__type_support.cpp.o[0m
[ 56%] [32mBuilding CXX object CMakeFiles/interface_protocol__rosidl_typesupport_fastrtps_cpp.dir/rosidl_typesupport_fastrtps_cpp/interface_protocol/msg/detail/dds_fastrtps/joint_state__type_support.cpp.o[0m
[ 58%] [32mBuilding CXX object CMakeFiles/interface_protocol__rosidl_typesupport_fastrtps_cpp.dir/rosidl_typesupport_fastrtps_cpp/interface_protocol/msg/detail/dds_fastrtps/motor_state__type_support.cpp.o[0m
[ 59%] [32mBuilding CXX object CMakeFiles/interface_protocol__rosidl_typesupport_fastrtps_cpp.dir/rosidl_typesupport_fastrtps_cpp/interface_protocol/msg/detail/dds_fastrtps/tts__type_support.cpp.o[0m
[ 59%] [32mBuilding CXX object CMakeFiles/interface_protocol__rosidl_typesupport_fastrtps_cpp.dir/rosidl_typesupport_fastrtps_cpp/interface_protocol/srv/detail/dds_fastrtps/enable_motor__type_support.cpp.o[0m
[ 60%] [32mBuilding CXX object CMakeFiles/interface_protocol__rosidl_typesupport_fastrtps_cpp.dir/rosidl_typesupport_fastrtps_cpp/interface_protocol/msg/detail/dds_fastrtps/parallel_parser_type__type_support.cpp.o[0m
[ 61%] [32m[1mLinking CXX shared library libinterface_protocol__rosidl_typesupport_cpp.so[0m
[ 61%] Built target interface_protocol__rosidl_typesupport_c
[ 62%] [32mBuilding CXX object CMakeFiles/interface_protocol__rosidl_typesupport_fastrtps_c.dir/rosidl_typesupport_fastrtps_c/interface_protocol/msg/detail/body_vel_cmd__type_support_c.cpp.o[0m
[ 62%] [32mBuilding CXX object CMakeFiles/interface_protocol__rosidl_typesupport_fastrtps_c.dir/rosidl_typesupport_fastrtps_c/interface_protocol/msg/detail/gamepad_keys__type_support_c.cpp.o[0m
[ 62%] Built target interface_protocol__rosidl_typesupport_cpp
[ 63%] [32mBuilding CXX object CMakeFiles/interface_protocol__rosidl_typesupport_fastrtps_c.dir/rosidl_typesupport_fastrtps_c/interface_protocol/msg/detail/imu_info__type_support_c.cpp.o[0m
[ 64%] [32mBuilding CXX object CMakeFiles/interface_protocol__rosidl_typesupport_fastrtps_c.dir/rosidl_typesupport_fastrtps_c/interface_protocol/msg/detail/heartbeat__type_support_c.cpp.o[0m
[ 65%] [32mBuilding CXX object CMakeFiles/interface_protocol__rosidl_typesupport_fastrtps_c.dir/rosidl_typesupport_fastrtps_c/interface_protocol/msg/detail/joint_command__type_support_c.cpp.o[0m
[ 66%] [32mBuilding CXX object CMakeFiles/interface_protocol__rosidl_typesupport_fastrtps_c.dir/rosidl_typesupport_fastrtps_c/interface_protocol/msg/detail/joint_state__type_support_c.cpp.o[0m
[ 66%] [32mBuilding CXX object CMakeFiles/interface_protocol__rosidl_typesupport_fastrtps_c.dir/rosidl_typesupport_fastrtps_c/interface_protocol/msg/detail/motion_state__type_support_c.cpp.o[0m
[ 67%] [32mBuilding CXX object CMakeFiles/interface_protocol__rosidl_typesupport_fastrtps_c.dir/rosidl_typesupport_fastrtps_c/interface_protocol/msg/detail/motor_command__type_support_c.cpp.o[0m
[ 69%] [32mBuilding CXX object CMakeFiles/interface_protocol__rosidl_typesupport_fastrtps_c.dir/rosidl_typesupport_fastrtps_c/interface_protocol/msg/detail/motor_debug__type_support_c.cpp.o[0m
[ 69%] [32mBuilding CXX object CMakeFiles/interface_protocol__rosidl_typesupport_fastrtps_c.dir/rosidl_typesupport_fastrtps_c/interface_protocol/msg/detail/motor_state__type_support_c.cpp.o[0m
[ 70%] [32mBuilding CXX object CMakeFiles/interface_protocol__rosidl_typesupport_fastrtps_c.dir/rosidl_typesupport_fastrtps_c/interface_protocol/msg/detail/parallel_parser_type__type_support_c.cpp.o[0m
[ 70%] [32mBuilding CXX object CMakeFiles/interface_protocol__rosidl_typesupport_fastrtps_c.dir/rosidl_typesupport_fastrtps_c/interface_protocol/msg/detail/tts__type_support_c.cpp.o[0m
[ 71%] [32mBuilding C object CMakeFiles/interface_protocol__rosidl_typesupport_introspection_c.dir/rosidl_typesupport_introspection_c/interface_protocol/msg/detail/body_vel_cmd__type_support.c.o[0m
[ 72%] [32mBuilding C object CMakeFiles/interface_protocol__rosidl_typesupport_introspection_c.dir/rosidl_typesupport_introspection_c/interface_protocol/msg/detail/gamepad_keys__type_support.c.o[0m
[ 72%] [32mBuilding C object CMakeFiles/interface_protocol__rosidl_typesupport_introspection_c.dir/rosidl_typesupport_introspection_c/interface_protocol/msg/detail/heartbeat__type_support.c.o[0m
[ 73%] [32mBuilding CXX object CMakeFiles/interface_protocol__rosidl_typesupport_fastrtps_c.dir/rosidl_typesupport_fastrtps_c/interface_protocol/srv/detail/enable_motor__type_support_c.cpp.o[0m
[ 75%] [32mBuilding C object CMakeFiles/interface_protocol__rosidl_typesupport_introspection_c.dir/rosidl_typesupport_introspection_c/interface_protocol/msg/detail/joint_command__type_support.c.o[0m
[ 75%] [32mBuilding C object CMakeFiles/interface_protocol__rosidl_typesupport_introspection_c.dir/rosidl_typesupport_introspection_c/interface_protocol/msg/detail/imu_info__type_support.c.o[0m
[ 76%] [32mBuilding C object CMakeFiles/interface_protocol__rosidl_typesupport_introspection_c.dir/rosidl_typesupport_introspection_c/interface_protocol/msg/detail/joint_state__type_support.c.o[0m
[ 77%] [32mBuilding C object CMakeFiles/interface_protocol__rosidl_typesupport_introspection_c.dir/rosidl_typesupport_introspection_c/interface_protocol/msg/detail/motion_state__type_support.c.o[0m
[ 77%] [32mBuilding C object CMakeFiles/interface_protocol__rosidl_typesupport_introspection_c.dir/rosidl_typesupport_introspection_c/interface_protocol/msg/detail/motor_command__type_support.c.o[0m
[ 78%] [32mBuilding C object CMakeFiles/interface_protocol__rosidl_typesupport_introspection_c.dir/rosidl_typesupport_introspection_c/interface_protocol/msg/detail/motor_debug__type_support.c.o[0m
[ 79%] [32mBuilding C object CMakeFiles/interface_protocol__rosidl_typesupport_introspection_c.dir/rosidl_typesupport_introspection_c/interface_protocol/msg/detail/motor_state__type_support.c.o[0m
[ 80%] [32mBuilding C object CMakeFiles/interface_protocol__rosidl_typesupport_introspection_c.dir/rosidl_typesupport_introspection_c/interface_protocol/msg/detail/parallel_parser_type__type_support.c.o[0m
[ 81%] [32mBuilding C object CMakeFiles/interface_protocol__rosidl_typesupport_introspection_c.dir/rosidl_typesupport_introspection_c/interface_protocol/msg/detail/tts__type_support.c.o[0m
[ 82%] [32m[1mLinking CXX shared library libinterface_protocol__rosidl_typesupport_introspection_cpp.so[0m
[ 82%] [32mBuilding C object CMakeFiles/interface_protocol__rosidl_typesupport_introspection_c.dir/rosidl_typesupport_introspection_c/interface_protocol/srv/detail/enable_motor__type_support.c.o[0m
[ 83%] [32m[1mLinking C shared library libinterface_protocol__rosidl_typesupport_introspection_c.so[0m
[ 83%] Built target interface_protocol__rosidl_typesupport_introspection_cpp
[ 83%] Built target interface_protocol__rosidl_typesupport_introspection_c
[ 83%] [32m[1mLinking CXX shared library libinterface_protocol__rosidl_typesupport_fastrtps_cpp.so[0m
[ 83%] Built target interface_protocol__rosidl_typesupport_fastrtps_cpp
[ 84%] [32m[1mLinking CXX shared library libinterface_protocol__rosidl_typesupport_fastrtps_c.so[0m
[ 84%] Built target interface_protocol__rosidl_typesupport_fastrtps_c
[ 84%] Built target interface_protocol
[ 85%] [34m[1mGenerating Python code for ROS interfaces[0m
[ 85%] Built target interface_protocol__py
[ 87%] [32mBuilding C object CMakeFiles/interface_protocol__rosidl_generator_py.dir/rosidl_generator_py/interface_protocol/msg/_body_vel_cmd_s.c.o[0m
[ 87%] [32mBuilding C object CMakeFiles/interface_protocol__rosidl_generator_py.dir/rosidl_generator_py/interface_protocol/msg/_imu_info_s.c.o[0m
[ 88%] [32mBuilding C object CMakeFiles/interface_protocol__rosidl_generator_py.dir/rosidl_generator_py/interface_protocol/msg/_motor_debug_s.c.o[0m
[ 89%] [32mBuilding C object CMakeFiles/interface_protocol__rosidl_generator_py.dir/rosidl_generator_py/interface_protocol/msg/_motor_state_s.c.o[0m
[ 89%] [32mBuilding C object CMakeFiles/interface_protocol__rosidl_generator_py.dir/rosidl_generator_py/interface_protocol/msg/_tts_s.c.o[0m
[ 90%] [32mBuilding C object CMakeFiles/interface_protocol__rosidl_generator_py.dir/rosidl_generator_py/interface_protocol/msg/_parallel_parser_type_s.c.o[0m
[ 90%] [32mBuilding C object CMakeFiles/interface_protocol__rosidl_generator_py.dir/rosidl_generator_py/interface_protocol/msg/_gamepad_keys_s.c.o[0m
[ 91%] [32mBuilding C object CMakeFiles/interface_protocol__rosidl_generator_py.dir/rosidl_generator_py/interface_protocol/msg/_joint_state_s.c.o[0m
[ 92%] [32mBuilding C object CMakeFiles/interface_protocol__rosidl_generator_py.dir/rosidl_generator_py/interface_protocol/srv/_enable_motor_s.c.o[0m
[ 93%] [32mBuilding C object CMakeFiles/interface_protocol__rosidl_generator_py.dir/rosidl_generator_py/interface_protocol/msg/_heartbeat_s.c.o[0m
[ 94%] [32mBuilding C object CMakeFiles/interface_protocol__rosidl_generator_py.dir/rosidl_generator_py/interface_protocol/msg/_joint_command_s.c.o[0m
[ 95%] [32mBuilding C object CMakeFiles/interface_protocol__rosidl_generator_py.dir/rosidl_generator_py/interface_protocol/msg/_motion_state_s.c.o[0m
[ 95%] [32mBuilding C object CMakeFiles/interface_protocol__rosidl_generator_py.dir/rosidl_generator_py/interface_protocol/msg/_motor_command_s.c.o[0m
[ 96%] [32m[1mLinking C shared library rosidl_generator_py/interface_protocol/libinterface_protocol__rosidl_generator_py.so[0m
[ 96%] Built target interface_protocol__rosidl_generator_py
[ 97%] [32mBuilding C object CMakeFiles/interface_protocol__rosidl_typesupport_introspection_c__pyext.dir/rosidl_generator_py/interface_protocol/_interface_protocol_s.ep.rosidl_typesupport_introspection_c.c.o[0m
[ 98%] [32mBuilding C object CMakeFiles/interface_protocol__rosidl_typesupport_fastrtps_c__pyext.dir/rosidl_generator_py/interface_protocol/_interface_protocol_s.ep.rosidl_typesupport_fastrtps_c.c.o[0m
[ 99%] [32mBuilding C object CMakeFiles/interface_protocol__rosidl_typesupport_c__pyext.dir/rosidl_generator_py/interface_protocol/_interface_protocol_s.ep.rosidl_typesupport_c.c.o[0m
[ 99%] [32m[1mLinking C shared library rosidl_generator_py/interface_protocol/interface_protocol_s__rosidl_typesupport_c.cpython-310-x86_64-linux-gnu.so[0m
[ 99%] [32m[1mLinking C shared library rosidl_generator_py/interface_protocol/interface_protocol_s__rosidl_typesupport_fastrtps_c.cpython-310-x86_64-linux-gnu.so[0m
[100%] [32m[1mLinking C shared library rosidl_generator_py/interface_protocol/interface_protocol_s__rosidl_typesupport_introspection_c.cpython-310-x86_64-linux-gnu.so[0m
[100%] Built target interface_protocol__rosidl_typesupport_introspection_c__pyext
[100%] Built target interface_protocol__rosidl_typesupport_c__pyext
[100%] Built target interface_protocol__rosidl_typesupport_fastrtps_c__pyext
-- Install configuration: "Release"
-- Installing: /home/ubuntu/code/engineai_ros2_workspace/install/interface_protocol/share/ament_index/resource_index/rosidl_interfaces/interface_protocol
-- Installing: /home/ubuntu/code/engineai_ros2_workspace/install/interface_protocol/include/interface_protocol/interface_protocol
-- Installing: /home/ubuntu/code/engineai_ros2_workspace/install/interface_protocol/include/interface_protocol/interface_protocol/srv
-- Installing: /home/ubuntu/code/engineai_ros2_workspace/install/interface_protocol/include/interface_protocol/interface_protocol/srv/enable_motor.h
-- Installing: /home/ubuntu/code/engineai_ros2_workspace/install/interface_protocol/include/interface_protocol/interface_protocol/srv/detail
-- Installing: /home/ubuntu/code/engineai_ros2_workspace/install/interface_protocol/include/interface_protocol/interface_protocol/srv/detail/enable_motor__functions.c
-- Installing: /home/ubuntu/code/engineai_ros2_workspace/install/interface_protocol/include/interface_protocol/interface_protocol/srv/detail/enable_motor__struct.h
-- Installing: /home/ubuntu/code/engineai_ros2_workspace/install/interface_protocol/include/interface_protocol/interface_protocol/srv/detail/enable_motor__type_support.h
-- Installing: /home/ubuntu/code/engineai_ros2_workspace/install/interface_protocol/include/interface_protocol/interface_protocol/srv/detail/enable_motor__functions.h
-- Installing: /home/ubuntu/code/engineai_ros2_workspace/install/interface_protocol/include/interface_protocol/interface_protocol/msg
-- Installing: /home/ubuntu/code/engineai_ros2_workspace/install/interface_protocol/include/interface_protocol/interface_protocol/msg/heartbeat.h
-- Installing: /home/ubuntu/code/engineai_ros2_workspace/install/interface_protocol/include/interface_protocol/interface_protocol/msg/imu_info.h
-- Installing: /home/ubuntu/code/engineai_ros2_workspace/install/interface_protocol/include/interface_protocol/interface_protocol/msg/rosidl_generator_c__visibility_control.h
-- Installing: /home/ubuntu/code/engineai_ros2_workspace/install/interface_protocol/include/interface_protocol/interface_protocol/msg/gamepad_keys.h
-- Installing: /home/ubuntu/code/engineai_ros2_workspace/install/interface_protocol/include/interface_protocol/interface_protocol/msg/parallel_parser_type.h
-- Installing: /home/ubuntu/code/engineai_ros2_workspace/install/interface_protocol/include/interface_protocol/interface_protocol/msg/tts.h
-- Installing: /home/ubuntu/code/engineai_ros2_workspace/install/interface_protocol/include/interface_protocol/interface_protocol/msg/motor_debug.h
-- Installing: /home/ubuntu/code/engineai_ros2_workspace/install/interface_protocol/include/interface_protocol/interface_protocol/msg/joint_state.h
-- Installing: /home/ubuntu/code/engineai_ros2_workspace/install/interface_protocol/include/interface_protocol/interface_protocol/msg/motor_command.h
-- Installing: /home/ubuntu/code/engineai_ros2_workspace/install/interface_protocol/include/interface_protocol/interface_protocol/msg/motor_state.h
-- Installing: /home/ubuntu/code/engineai_ros2_workspace/install/interface_protocol/include/interface_protocol/interface_protocol/msg/motion_state.h
-- Installing: /home/ubuntu/code/engineai_ros2_workspace/install/interface_protocol/include/interface_protocol/interface_protocol/msg/body_vel_cmd.h
-- Installing: /home/ubuntu/code/engineai_ros2_workspace/install/interface_protocol/include/interface_protocol/interface_protocol/msg/joint_command.h
-- Installing: /home/ubuntu/code/engineai_ros2_workspace/install/interface_protocol/include/interface_protocol/interface_protocol/msg/detail
-- Installing: /home/ubuntu/code/engineai_ros2_workspace/install/interface_protocol/include/interface_protocol/interface_protocol/msg/detail/joint_state__type_support.h
-- Installing: /home/ubuntu/code/engineai_ros2_workspace/install/interface_protocol/include/interface_protocol/interface_protocol/msg/detail/joint_command__struct.h
-- Installing: /home/ubuntu/code/engineai_ros2_workspace/install/interface_protocol/include/interface_protocol/interface_protocol/msg/detail/parallel_parser_type__struct.h
-- Installing: /home/ubuntu/code/engineai_ros2_workspace/install/interface_protocol/include/interface_protocol/interface_protocol/msg/detail/tts__type_support.h
-- Installing: /home/ubuntu/code/engineai_ros2_workspace/install/interface_protocol/include/interface_protocol/interface_protocol/msg/detail/motor_command__functions.c
-- Installing: /home/ubuntu/code/engineai_ros2_workspace/install/interface_protocol/include/interface_protocol/interface_protocol/msg/detail/heartbeat__functions.h
-- Installing: /home/ubuntu/code/engineai_ros2_workspace/install/interface_protocol/include/interface_protocol/interface_protocol/msg/detail/motor_state__functions.c
-- Installing: /home/ubuntu/code/engineai_ros2_workspace/install/interface_protocol/include/interface_protocol/interface_protocol/msg/detail/body_vel_cmd__functions.h
-- Installing: /home/ubuntu/code/engineai_ros2_workspace/install/interface_protocol/include/interface_protocol/interface_protocol/msg/detail/motion_state__functions.h
-- Installing: /home/ubuntu/code/engineai_ros2_workspace/install/interface_protocol/include/interface_protocol/interface_protocol/msg/detail/motor_state__type_support.h
-- Installing: /home/ubuntu/code/engineai_ros2_workspace/install/interface_protocol/include/interface_protocol/interface_protocol/msg/detail/joint_command__type_support.h
-- Installing: /home/ubuntu/code/engineai_ros2_workspace/install/interface_protocol/include/interface_protocol/interface_protocol/msg/detail/body_vel_cmd__functions.c
-- Installing: /home/ubuntu/code/engineai_ros2_workspace/install/interface_protocol/include/interface_protocol/interface_protocol/msg/detail/gamepad_keys__functions.c
-- Installing: /home/ubuntu/code/engineai_ros2_workspace/install/interface_protocol/include/interface_protocol/interface_protocol/msg/detail/motor_state__functions.h
-- Installing: /home/ubuntu/code/engineai_ros2_workspace/install/interface_protocol/include/interface_protocol/interface_protocol/msg/detail/motor_debug__functions.h
-- Installing: /home/ubuntu/code/engineai_ros2_workspace/install/interface_protocol/include/interface_protocol/interface_protocol/msg/detail/imu_info__functions.h
-- Installing: /home/ubuntu/code/engineai_ros2_workspace/install/interface_protocol/include/interface_protocol/interface_protocol/msg/detail/imu_info__type_support.h
-- Installing: /home/ubuntu/code/engineai_ros2_workspace/install/interface_protocol/include/interface_protocol/interface_protocol/msg/detail/motion_state__functions.c
-- Installing: /home/ubuntu/code/engineai_ros2_workspace/install/interface_protocol/include/interface_protocol/interface_protocol/msg/detail/parallel_parser_type__functions.h
-- Installing: /home/ubuntu/code/engineai_ros2_workspace/install/interface_protocol/include/interface_protocol/interface_protocol/msg/detail/joint_command__functions.h
-- Installing: /home/ubuntu/code/engineai_ros2_workspace/install/interface_protocol/include/interface_protocol/interface_protocol/msg/detail/imu_info__functions.c
-- Installing: /home/ubuntu/code/engineai_ros2_workspace/install/interface_protocol/include/interface_protocol/interface_protocol/msg/detail/joint_state__functions.h
-- Installing: /home/ubuntu/code/engineai_ros2_workspace/install/interface_protocol/include/interface_protocol/interface_protocol/msg/detail/parallel_parser_type__functions.c
-- Installing: /home/ubuntu/code/engineai_ros2_workspace/install/interface_protocol/include/interface_protocol/interface_protocol/msg/detail/body_vel_cmd__type_support.h
-- Installing: /home/ubuntu/code/engineai_ros2_workspace/install/interface_protocol/include/interface_protocol/interface_protocol/msg/detail/body_vel_cmd__struct.h
-- Installing: /home/ubuntu/code/engineai_ros2_workspace/install/interface_protocol/include/interface_protocol/interface_protocol/msg/detail/tts__functions.h
-- Installing: /home/ubuntu/code/engineai_ros2_workspace/install/interface_protocol/include/interface_protocol/interface_protocol/msg/detail/motor_state__struct.h
-- Installing: /home/ubuntu/code/engineai_ros2_workspace/install/interface_protocol/include/interface_protocol/interface_protocol/msg/detail/motor_debug__functions.c
-- Installing: /home/ubuntu/code/engineai_ros2_workspace/install/interface_protocol/include/interface_protocol/interface_protocol/msg/detail/motor_command__struct.h
-- Installing: /home/ubuntu/code/engineai_ros2_workspace/install/interface_protocol/include/interface_protocol/interface_protocol/msg/detail/gamepad_keys__struct.h
-- Installing: /home/ubuntu/code/engineai_ros2_workspace/install/interface_protocol/include/interface_protocol/interface_protocol/msg/detail/motor_command__type_support.h
-- Installing: /home/ubuntu/code/engineai_ros2_workspace/install/interface_protocol/include/interface_protocol/interface_protocol/msg/detail/heartbeat__functions.c
-- Installing: /home/ubuntu/code/engineai_ros2_workspace/install/interface_protocol/include/interface_protocol/interface_protocol/msg/detail/motor_command__functions.h
-- Installing: /home/ubuntu/code/engineai_ros2_workspace/install/interface_protocol/include/interface_protocol/interface_protocol/msg/detail/motor_debug__type_support.h
-- Installing: /home/ubuntu/code/engineai_ros2_workspace/install/interface_protocol/include/interface_protocol/interface_protocol/msg/detail/heartbeat__struct.h
-- Installing: /home/ubuntu/code/engineai_ros2_workspace/install/interface_protocol/include/interface_protocol/interface_protocol/msg/detail/joint_state__functions.c
-- Installing: /home/ubuntu/code/engineai_ros2_workspace/install/interface_protocol/include/interface_protocol/interface_protocol/msg/detail/gamepad_keys__type_support.h
-- Installing: /home/ubuntu/code/engineai_ros2_workspace/install/interface_protocol/include/interface_protocol/interface_protocol/msg/detail/joint_state__struct.h
-- Installing: /home/ubuntu/code/engineai_ros2_workspace/install/interface_protocol/include/interface_protocol/interface_protocol/msg/detail/motion_state__type_support.h
-- Installing: /home/ubuntu/code/engineai_ros2_workspace/install/interface_protocol/include/interface_protocol/interface_protocol/msg/detail/joint_command__functions.c
-- Installing: /home/ubuntu/code/engineai_ros2_workspace/install/interface_protocol/include/interface_protocol/interface_protocol/msg/detail/heartbeat__type_support.h
-- Installing: /home/ubuntu/code/engineai_ros2_workspace/install/interface_protocol/include/interface_protocol/interface_protocol/msg/detail/motor_debug__struct.h
-- Installing: /home/ubuntu/code/engineai_ros2_workspace/install/interface_protocol/include/interface_protocol/interface_protocol/msg/detail/gamepad_keys__functions.h
-- Installing: /home/ubuntu/code/engineai_ros2_workspace/install/interface_protocol/include/interface_protocol/interface_protocol/msg/detail/tts__functions.c
-- Installing: /home/ubuntu/code/engineai_ros2_workspace/install/interface_protocol/include/interface_protocol/interface_protocol/msg/detail/motion_state__struct.h
-- Installing: /home/ubuntu/code/engineai_ros2_workspace/install/interface_protocol/include/interface_protocol/interface_protocol/msg/detail/parallel_parser_type__type_support.h
-- Installing: /home/ubuntu/code/engineai_ros2_workspace/install/interface_protocol/include/interface_protocol/interface_protocol/msg/detail/tts__struct.h
-- Installing: /home/ubuntu/code/engineai_ros2_workspace/install/interface_protocol/include/interface_protocol/interface_protocol/msg/detail/imu_info__struct.h
-- Installing: /home/ubuntu/code/engineai_ros2_workspace/install/interface_protocol/share/interface_protocol/environment/library_path.sh
-- Installing: /home/ubuntu/code/engineai_ros2_workspace/install/interface_protocol/share/interface_protocol/environment/library_path.dsv
-- Installing: /home/ubuntu/code/engineai_ros2_workspace/install/interface_protocol/lib/libinterface_protocol__rosidl_generator_c.so
-- Set runtime path of "/home/ubuntu/code/engineai_ros2_workspace/install/interface_protocol/lib/libinterface_protocol__rosidl_generator_c.so" to ""
-- Up-to-date: /home/ubuntu/code/engineai_ros2_workspace/install/interface_protocol/include/interface_protocol/interface_protocol
-- Up-to-date: /home/ubuntu/code/engineai_ros2_workspace/install/interface_protocol/include/interface_protocol/interface_protocol/srv
-- Up-to-date: /home/ubuntu/code/engineai_ros2_workspace/install/interface_protocol/include/interface_protocol/interface_protocol/srv/detail
-- Installing: /home/ubuntu/code/engineai_ros2_workspace/install/interface_protocol/include/interface_protocol/interface_protocol/srv/detail/enable_motor__rosidl_typesupport_fastrtps_c.h
-- Up-to-date: /home/ubuntu/code/engineai_ros2_workspace/install/interface_protocol/include/interface_protocol/interface_protocol/msg
-- Installing: /home/ubuntu/code/engineai_ros2_workspace/install/interface_protocol/include/interface_protocol/interface_protocol/msg/rosidl_typesupport_fastrtps_c__visibility_control.h
-- Up-to-date: /home/ubuntu/code/engineai_ros2_workspace/install/interface_protocol/include/interface_protocol/interface_protocol/msg/detail
-- Installing: /home/ubuntu/code/engineai_ros2_workspace/install/interface_protocol/include/interface_protocol/interface_protocol/msg/detail/parallel_parser_type__rosidl_typesupport_fastrtps_c.h
-- Installing: /home/ubuntu/code/engineai_ros2_workspace/install/interface_protocol/include/interface_protocol/interface_protocol/msg/detail/body_vel_cmd__rosidl_typesupport_fastrtps_c.h
-- Installing: /home/ubuntu/code/engineai_ros2_workspace/install/interface_protocol/include/interface_protocol/interface_protocol/msg/detail/heartbeat__rosidl_typesupport_fastrtps_c.h
-- Installing: /home/ubuntu/code/engineai_ros2_workspace/install/interface_protocol/include/interface_protocol/interface_protocol/msg/detail/motor_debug__rosidl_typesupport_fastrtps_c.h
-- Installing: /home/ubuntu/code/engineai_ros2_workspace/install/interface_protocol/include/interface_protocol/interface_protocol/msg/detail/motor_state__rosidl_typesupport_fastrtps_c.h
-- Installing: /home/ubuntu/code/engineai_ros2_workspace/install/interface_protocol/include/interface_protocol/interface_protocol/msg/detail/motor_command__rosidl_typesupport_fastrtps_c.h
-- Installing: /home/ubuntu/code/engineai_ros2_workspace/install/interface_protocol/include/interface_protocol/interface_protocol/msg/detail/tts__rosidl_typesupport_fastrtps_c.h
-- Installing: /home/ubuntu/code/engineai_ros2_workspace/install/interface_protocol/include/interface_protocol/interface_protocol/msg/detail/joint_state__rosidl_typesupport_fastrtps_c.h
-- Installing: /home/ubuntu/code/engineai_ros2_workspace/install/interface_protocol/include/interface_protocol/interface_protocol/msg/detail/gamepad_keys__rosidl_typesupport_fastrtps_c.h
-- Installing: /home/ubuntu/code/engineai_ros2_workspace/install/interface_protocol/include/interface_protocol/interface_protocol/msg/detail/imu_info__rosidl_typesupport_fastrtps_c.h
-- Installing: /home/ubuntu/code/engineai_ros2_workspace/install/interface_protocol/include/interface_protocol/interface_protocol/msg/detail/joint_command__rosidl_typesupport_fastrtps_c.h
-- Installing: /home/ubuntu/code/engineai_ros2_workspace/install/interface_protocol/include/interface_protocol/interface_protocol/msg/detail/motion_state__rosidl_typesupport_fastrtps_c.h
-- Installing: /home/ubuntu/code/engineai_ros2_workspace/install/interface_protocol/lib/libinterface_protocol__rosidl_typesupport_fastrtps_c.so
-- Set runtime path of "/home/ubuntu/code/engineai_ros2_workspace/install/interface_protocol/lib/libinterface_protocol__rosidl_typesupport_fastrtps_c.so" to ""
-- Up-to-date: /home/ubuntu/code/engineai_ros2_workspace/install/interface_protocol/include/interface_protocol/interface_protocol
-- Up-to-date: /home/ubuntu/code/engineai_ros2_workspace/install/interface_protocol/include/interface_protocol/interface_protocol/srv
-- Up-to-date: /home/ubuntu/code/engineai_ros2_workspace/install/interface_protocol/include/interface_protocol/interface_protocol/srv/detail
-- Installing: /home/ubuntu/code/engineai_ros2_workspace/install/interface_protocol/include/interface_protocol/interface_protocol/srv/detail/enable_motor__rosidl_typesupport_introspection_c.h
-- Installing: /home/ubuntu/code/engineai_ros2_workspace/install/interface_protocol/include/interface_protocol/interface_protocol/srv/detail/enable_motor__type_support.c
-- Up-to-date: /home/ubuntu/code/engineai_ros2_workspace/install/interface_protocol/include/interface_protocol/interface_protocol/msg
-- Installing: /home/ubuntu/code/engineai_ros2_workspace/install/interface_protocol/include/interface_protocol/interface_protocol/msg/rosidl_typesupport_introspection_c__visibility_control.h
-- Up-to-date: /home/ubuntu/code/engineai_ros2_workspace/install/interface_protocol/include/interface_protocol/interface_protocol/msg/detail
-- Installing: /home/ubuntu/code/engineai_ros2_workspace/install/interface_protocol/include/interface_protocol/interface_protocol/msg/detail/imu_info__rosidl_typesupport_introspection_c.h
-- Installing: /home/ubuntu/code/engineai_ros2_workspace/install/interface_protocol/include/interface_protocol/interface_protocol/msg/detail/parallel_parser_type__rosidl_typesupport_introspection_c.h
-- Installing: /home/ubuntu/code/engineai_ros2_workspace/install/interface_protocol/include/interface_protocol/interface_protocol/msg/detail/motion_state__rosidl_typesupport_introspection_c.h
-- Installing: /home/ubuntu/code/engineai_ros2_workspace/install/interface_protocol/include/interface_protocol/interface_protocol/msg/detail/motor_state__rosidl_typesupport_introspection_c.h
-- Installing: /home/ubuntu/code/engineai_ros2_workspace/install/interface_protocol/include/interface_protocol/interface_protocol/msg/detail/gamepad_keys__type_support.c
-- Installing: /home/ubuntu/code/engineai_ros2_workspace/install/interface_protocol/include/interface_protocol/interface_protocol/msg/detail/joint_state__rosidl_typesupport_introspection_c.h
-- Installing: /home/ubuntu/code/engineai_ros2_workspace/install/interface_protocol/include/interface_protocol/interface_protocol/msg/detail/heartbeat__type_support.c
-- Installing: /home/ubuntu/code/engineai_ros2_workspace/install/interface_protocol/include/interface_protocol/interface_protocol/msg/detail/imu_info__type_support.c
-- Installing: /home/ubuntu/code/engineai_ros2_workspace/install/interface_protocol/include/interface_protocol/interface_protocol/msg/detail/motor_command__type_support.c
-- Installing: /home/ubuntu/code/engineai_ros2_workspace/install/interface_protocol/include/interface_protocol/interface_protocol/msg/detail/joint_state__type_support.c
-- Installing: /home/ubuntu/code/engineai_ros2_workspace/install/interface_protocol/include/interface_protocol/interface_protocol/msg/detail/tts__rosidl_typesupport_introspection_c.h
-- Installing: /home/ubuntu/code/engineai_ros2_workspace/install/interface_protocol/include/interface_protocol/interface_protocol/msg/detail/motor_state__type_support.c
-- Installing: /home/ubuntu/code/engineai_ros2_workspace/install/interface_protocol/include/interface_protocol/interface_protocol/msg/detail/gamepad_keys__rosidl_typesupport_introspection_c.h
-- Installing: /home/ubuntu/code/engineai_ros2_workspace/install/interface_protocol/include/interface_protocol/interface_protocol/msg/detail/joint_command__type_support.c
-- Installing: /home/ubuntu/code/engineai_ros2_workspace/install/interface_protocol/include/interface_protocol/interface_protocol/msg/detail/joint_command__rosidl_typesupport_introspection_c.h
-- Installing: /home/ubuntu/code/engineai_ros2_workspace/install/interface_protocol/include/interface_protocol/interface_protocol/msg/detail/motor_debug__type_support.c
-- Installing: /home/ubuntu/code/engineai_ros2_workspace/install/interface_protocol/include/interface_protocol/interface_protocol/msg/detail/body_vel_cmd__rosidl_typesupport_introspection_c.h
-- Installing: /home/ubuntu/code/engineai_ros2_workspace/install/interface_protocol/include/interface_protocol/interface_protocol/msg/detail/body_vel_cmd__type_support.c
-- Installing: /home/ubuntu/code/engineai_ros2_workspace/install/interface_protocol/include/interface_protocol/interface_protocol/msg/detail/motor_command__rosidl_typesupport_introspection_c.h
-- Installing: /home/ubuntu/code/engineai_ros2_workspace/install/interface_protocol/include/interface_protocol/interface_protocol/msg/detail/motion_state__type_support.c
-- Installing: /home/ubuntu/code/engineai_ros2_workspace/install/interface_protocol/include/interface_protocol/interface_protocol/msg/detail/motor_debug__rosidl_typesupport_introspection_c.h
-- Installing: /home/ubuntu/code/engineai_ros2_workspace/install/interface_protocol/include/interface_protocol/interface_protocol/msg/detail/parallel_parser_type__type_support.c
-- Installing: /home/ubuntu/code/engineai_ros2_workspace/install/interface_protocol/include/interface_protocol/interface_protocol/msg/detail/tts__type_support.c
-- Installing: /home/ubuntu/code/engineai_ros2_workspace/install/interface_protocol/include/interface_protocol/interface_protocol/msg/detail/heartbeat__rosidl_typesupport_introspection_c.h
-- Installing: /home/ubuntu/code/engineai_ros2_workspace/install/interface_protocol/lib/libinterface_protocol__rosidl_typesupport_introspection_c.so
-- Set runtime path of "/home/ubuntu/code/engineai_ros2_workspace/install/interface_protocol/lib/libinterface_protocol__rosidl_typesupport_introspection_c.so" to ""
-- Installing: /home/ubuntu/code/engineai_ros2_workspace/install/interface_protocol/lib/libinterface_protocol__rosidl_typesupport_c.so
-- Set runtime path of "/home/ubuntu/code/engineai_ros2_workspace/install/interface_protocol/lib/libinterface_protocol__rosidl_typesupport_c.so" to ""
-- Up-to-date: /home/ubuntu/code/engineai_ros2_workspace/install/interface_protocol/include/interface_protocol/interface_protocol
-- Up-to-date: /home/ubuntu/code/engineai_ros2_workspace/install/interface_protocol/include/interface_protocol/interface_protocol/srv
-- Installing: /home/ubuntu/code/engineai_ros2_workspace/install/interface_protocol/include/interface_protocol/interface_protocol/srv/enable_motor.hpp
-- Up-to-date: /home/ubuntu/code/engineai_ros2_workspace/install/interface_protocol/include/interface_protocol/interface_protocol/srv/detail
-- Installing: /home/ubuntu/code/engineai_ros2_workspace/install/interface_protocol/include/interface_protocol/interface_protocol/srv/detail/enable_motor__builder.hpp
-- Installing: /home/ubuntu/code/engineai_ros2_workspace/install/interface_protocol/include/interface_protocol/interface_protocol/srv/detail/enable_motor__struct.hpp
-- Installing: /home/ubuntu/code/engineai_ros2_workspace/install/interface_protocol/include/interface_protocol/interface_protocol/srv/detail/enable_motor__type_support.hpp
-- Installing: /home/ubuntu/code/engineai_ros2_workspace/install/interface_protocol/include/interface_protocol/interface_protocol/srv/detail/enable_motor__traits.hpp
-- Up-to-date: /home/ubuntu/code/engineai_ros2_workspace/install/interface_protocol/include/interface_protocol/interface_protocol/msg
-- Installing: /home/ubuntu/code/engineai_ros2_workspace/install/interface_protocol/include/interface_protocol/interface_protocol/msg/gamepad_keys.hpp
-- Installing: /home/ubuntu/code/engineai_ros2_workspace/install/interface_protocol/include/interface_protocol/interface_protocol/msg/heartbeat.hpp
-- Installing: /home/ubuntu/code/engineai_ros2_workspace/install/interface_protocol/include/interface_protocol/interface_protocol/msg/motor_state.hpp
-- Installing: /home/ubuntu/code/engineai_ros2_workspace/install/interface_protocol/include/interface_protocol/interface_protocol/msg/body_vel_cmd.hpp
-- Installing: /home/ubuntu/code/engineai_ros2_workspace/install/interface_protocol/include/interface_protocol/interface_protocol/msg/joint_command.hpp
-- Installing: /home/ubuntu/code/engineai_ros2_workspace/install/interface_protocol/include/interface_protocol/interface_protocol/msg/rosidl_generator_cpp__visibility_control.hpp
-- Installing: /home/ubuntu/code/engineai_ros2_workspace/install/interface_protocol/include/interface_protocol/interface_protocol/msg/joint_state.hpp
-- Installing: /home/ubuntu/code/engineai_ros2_workspace/install/interface_protocol/include/interface_protocol/interface_protocol/msg/parallel_parser_type.hpp
-- Installing: /home/ubuntu/code/engineai_ros2_workspace/install/interface_protocol/include/interface_protocol/interface_protocol/msg/motion_state.hpp
-- Installing: /home/ubuntu/code/engineai_ros2_workspace/install/interface_protocol/include/interface_protocol/interface_protocol/msg/tts.hpp
-- Installing: /home/ubuntu/code/engineai_ros2_workspace/install/interface_protocol/include/interface_protocol/interface_protocol/msg/motor_command.hpp
-- Installing: /home/ubuntu/code/engineai_ros2_workspace/install/interface_protocol/include/interface_protocol/interface_protocol/msg/imu_info.hpp
-- Installing: /home/ubuntu/code/engineai_ros2_workspace/install/interface_protocol/include/interface_protocol/interface_protocol/msg/motor_debug.hpp
-- Up-to-date: /home/ubuntu/code/engineai_ros2_workspace/install/interface_protocol/include/interface_protocol/interface_protocol/msg/detail
-- Installing: /home/ubuntu/code/engineai_ros2_workspace/install/interface_protocol/include/interface_protocol/interface_protocol/msg/detail/motor_state__struct.hpp
-- Installing: /home/ubuntu/code/engineai_ros2_workspace/install/interface_protocol/include/interface_protocol/interface_protocol/msg/detail/body_vel_cmd__builder.hpp
-- Installing: /home/ubuntu/code/engineai_ros2_workspace/install/interface_protocol/include/interface_protocol/interface_protocol/msg/detail/joint_command__traits.hpp
-- Installing: /home/ubuntu/code/engineai_ros2_workspace/install/interface_protocol/include/interface_protocol/interface_protocol/msg/detail/motion_state__builder.hpp
-- Installing: /home/ubuntu/code/engineai_ros2_workspace/install/interface_protocol/include/interface_protocol/interface_protocol/msg/detail/gamepad_keys__type_support.hpp
-- Installing: /home/ubuntu/code/engineai_ros2_workspace/install/interface_protocol/include/interface_protocol/interface_protocol/msg/detail/motion_state__traits.hpp
-- Installing: /home/ubuntu/code/engineai_ros2_workspace/install/interface_protocol/include/interface_protocol/interface_protocol/msg/detail/tts__type_support.hpp
-- Installing: /home/ubuntu/code/engineai_ros2_workspace/install/interface_protocol/include/interface_protocol/interface_protocol/msg/detail/heartbeat__type_support.hpp
-- Installing: /home/ubuntu/code/engineai_ros2_workspace/install/interface_protocol/include/interface_protocol/interface_protocol/msg/detail/joint_command__struct.hpp
-- Installing: /home/ubuntu/code/engineai_ros2_workspace/install/interface_protocol/include/interface_protocol/interface_protocol/msg/detail/motor_debug__struct.hpp
-- Installing: /home/ubuntu/code/engineai_ros2_workspace/install/interface_protocol/include/interface_protocol/interface_protocol/msg/detail/motor_state__type_support.hpp
-- Installing: /home/ubuntu/code/engineai_ros2_workspace/install/interface_protocol/include/interface_protocol/interface_protocol/msg/detail/imu_info__traits.hpp
-- Installing: /home/ubuntu/code/engineai_ros2_workspace/install/interface_protocol/include/interface_protocol/interface_protocol/msg/detail/imu_info__builder.hpp
-- Installing: /home/ubuntu/code/engineai_ros2_workspace/install/interface_protocol/include/interface_protocol/interface_protocol/msg/detail/tts__struct.hpp
-- Installing: /home/ubuntu/code/engineai_ros2_workspace/install/interface_protocol/include/interface_protocol/interface_protocol/msg/detail/joint_state__builder.hpp
-- Installing: /home/ubuntu/code/engineai_ros2_workspace/install/interface_protocol/include/interface_protocol/interface_protocol/msg/detail/parallel_parser_type__traits.hpp
-- Installing: /home/ubuntu/code/engineai_ros2_workspace/install/interface_protocol/include/interface_protocol/interface_protocol/msg/detail/heartbeat__traits.hpp
-- Installing: /home/ubuntu/code/engineai_ros2_workspace/install/interface_protocol/include/interface_protocol/interface_protocol/msg/detail/joint_state__type_support.hpp
-- Installing: /home/ubuntu/code/engineai_ros2_workspace/install/interface_protocol/include/interface_protocol/interface_protocol/msg/detail/body_vel_cmd__struct.hpp
-- Installing: /home/ubuntu/code/engineai_ros2_workspace/install/interface_protocol/include/interface_protocol/interface_protocol/msg/detail/imu_info__struct.hpp
-- Installing: /home/ubuntu/code/engineai_ros2_workspace/install/interface_protocol/include/interface_protocol/interface_protocol/msg/detail/heartbeat__builder.hpp
-- Installing: /home/ubuntu/code/engineai_ros2_workspace/install/interface_protocol/include/interface_protocol/interface_protocol/msg/detail/parallel_parser_type__struct.hpp
-- Installing: /home/ubuntu/code/engineai_ros2_workspace/install/interface_protocol/include/interface_protocol/interface_protocol/msg/detail/motion_state__type_support.hpp
-- Installing: /home/ubuntu/code/engineai_ros2_workspace/install/interface_protocol/include/interface_protocol/interface_protocol/msg/detail/heartbeat__struct.hpp
-- Installing: /home/ubuntu/code/engineai_ros2_workspace/install/interface_protocol/include/interface_protocol/interface_protocol/msg/detail/motor_state__builder.hpp
-- Installing: /home/ubuntu/code/engineai_ros2_workspace/install/interface_protocol/include/interface_protocol/interface_protocol/msg/detail/motor_state__traits.hpp
-- Installing: /home/ubuntu/code/engineai_ros2_workspace/install/interface_protocol/include/interface_protocol/interface_protocol/msg/detail/gamepad_keys__struct.hpp
-- Installing: /home/ubuntu/code/engineai_ros2_workspace/install/interface_protocol/include/interface_protocol/interface_protocol/msg/detail/motor_debug__builder.hpp
-- Installing: /home/ubuntu/code/engineai_ros2_workspace/install/interface_protocol/include/interface_protocol/interface_protocol/msg/detail/motor_command__builder.hpp
-- Installing: /home/ubuntu/code/engineai_ros2_workspace/install/interface_protocol/include/interface_protocol/interface_protocol/msg/detail/joint_state__traits.hpp
-- Installing: /home/ubuntu/code/engineai_ros2_workspace/install/interface_protocol/include/interface_protocol/interface_protocol/msg/detail/imu_info__type_support.hpp
-- Installing: /home/ubuntu/code/engineai_ros2_workspace/install/interface_protocol/include/interface_protocol/interface_protocol/msg/detail/tts__traits.hpp
-- Installing: /home/ubuntu/code/engineai_ros2_workspace/install/interface_protocol/include/interface_protocol/interface_protocol/msg/detail/body_vel_cmd__type_support.hpp
-- Installing: /home/ubuntu/code/engineai_ros2_workspace/install/interface_protocol/include/interface_protocol/interface_protocol/msg/detail/tts__builder.hpp
-- Installing: /home/ubuntu/code/engineai_ros2_workspace/install/interface_protocol/include/interface_protocol/interface_protocol/msg/detail/body_vel_cmd__traits.hpp
-- Installing: /home/ubuntu/code/engineai_ros2_workspace/install/interface_protocol/include/interface_protocol/interface_protocol/msg/detail/motor_debug__traits.hpp
-- Installing: /home/ubuntu/code/engineai_ros2_workspace/install/interface_protocol/include/interface_protocol/interface_protocol/msg/detail/joint_command__type_support.hpp
-- Installing: /home/ubuntu/code/engineai_ros2_workspace/install/interface_protocol/include/interface_protocol/interface_protocol/msg/detail/gamepad_keys__builder.hpp
-- Installing: /home/ubuntu/code/engineai_ros2_workspace/install/interface_protocol/include/interface_protocol/interface_protocol/msg/detail/motor_command__struct.hpp
-- Installing: /home/ubuntu/code/engineai_ros2_workspace/install/interface_protocol/include/interface_protocol/interface_protocol/msg/detail/parallel_parser_type__type_support.hpp
-- Installing: /home/ubuntu/code/engineai_ros2_workspace/install/interface_protocol/include/interface_protocol/interface_protocol/msg/detail/motor_command__type_support.hpp
-- Installing: /home/ubuntu/code/engineai_ros2_workspace/install/interface_protocol/include/interface_protocol/interface_protocol/msg/detail/joint_command__builder.hpp
-- Installing: /home/ubuntu/code/engineai_ros2_workspace/install/interface_protocol/include/interface_protocol/interface_protocol/msg/detail/joint_state__struct.hpp
-- Installing: /home/ubuntu/code/engineai_ros2_workspace/install/interface_protocol/include/interface_protocol/interface_protocol/msg/detail/motor_debug__type_support.hpp
-- Installing: /home/ubuntu/code/engineai_ros2_workspace/install/interface_protocol/include/interface_protocol/interface_protocol/msg/detail/motion_state__struct.hpp
-- Installing: /home/ubuntu/code/engineai_ros2_workspace/install/interface_protocol/include/interface_protocol/interface_protocol/msg/detail/motor_command__traits.hpp
-- Installing: /home/ubuntu/code/engineai_ros2_workspace/install/interface_protocol/include/interface_protocol/interface_protocol/msg/detail/gamepad_keys__traits.hpp
-- Installing: /home/ubuntu/code/engineai_ros2_workspace/install/interface_protocol/include/interface_protocol/interface_protocol/msg/detail/parallel_parser_type__builder.hpp
-- Up-to-date: /home/ubuntu/code/engineai_ros2_workspace/install/interface_protocol/include/interface_protocol/interface_protocol
-- Up-to-date: /home/ubuntu/code/engineai_ros2_workspace/install/interface_protocol/include/interface_protocol/interface_protocol/srv
-- Up-to-date: /home/ubuntu/code/engineai_ros2_workspace/install/interface_protocol/include/interface_protocol/interface_protocol/srv/detail
-- Installing: /home/ubuntu/code/engineai_ros2_workspace/install/interface_protocol/include/interface_protocol/interface_protocol/srv/detail/enable_motor__rosidl_typesupport_fastrtps_cpp.hpp
-- Installing: /home/ubuntu/code/engineai_ros2_workspace/install/interface_protocol/include/interface_protocol/interface_protocol/srv/detail/dds_fastrtps
-- Up-to-date: /home/ubuntu/code/engineai_ros2_workspace/install/interface_protocol/include/interface_protocol/interface_protocol/msg
-- Installing: /home/ubuntu/code/engineai_ros2_workspace/install/interface_protocol/include/interface_protocol/interface_protocol/msg/rosidl_typesupport_fastrtps_cpp__visibility_control.h
-- Up-to-date: /home/ubuntu/code/engineai_ros2_workspace/install/interface_protocol/include/interface_protocol/interface_protocol/msg/detail
-- Installing: /home/ubuntu/code/engineai_ros2_workspace/install/interface_protocol/include/interface_protocol/interface_protocol/msg/detail/parallel_parser_type__rosidl_typesupport_fastrtps_cpp.hpp
-- Installing: /home/ubuntu/code/engineai_ros2_workspace/install/interface_protocol/include/interface_protocol/interface_protocol/msg/detail/motor_debug__rosidl_typesupport_fastrtps_cpp.hpp
-- Installing: /home/ubuntu/code/engineai_ros2_workspace/install/interface_protocol/include/interface_protocol/interface_protocol/msg/detail/motion_state__rosidl_typesupport_fastrtps_cpp.hpp
-- Installing: /home/ubuntu/code/engineai_ros2_workspace/install/interface_protocol/include/interface_protocol/interface_protocol/msg/detail/gamepad_keys__rosidl_typesupport_fastrtps_cpp.hpp
-- Installing: /home/ubuntu/code/engineai_ros2_workspace/install/interface_protocol/include/interface_protocol/interface_protocol/msg/detail/motor_state__rosidl_typesupport_fastrtps_cpp.hpp
-- Installing: /home/ubuntu/code/engineai_ros2_workspace/install/interface_protocol/include/interface_protocol/interface_protocol/msg/detail/tts__rosidl_typesupport_fastrtps_cpp.hpp
-- Installing: /home/ubuntu/code/engineai_ros2_workspace/install/interface_protocol/include/interface_protocol/interface_protocol/msg/detail/joint_command__rosidl_typesupport_fastrtps_cpp.hpp
-- Installing: /home/ubuntu/code/engineai_ros2_workspace/install/interface_protocol/include/interface_protocol/interface_protocol/msg/detail/heartbeat__rosidl_typesupport_fastrtps_cpp.hpp
-- Installing: /home/ubuntu/code/engineai_ros2_workspace/install/interface_protocol/include/interface_protocol/interface_protocol/msg/detail/motor_command__rosidl_typesupport_fastrtps_cpp.hpp
-- Installing: /home/ubuntu/code/engineai_ros2_workspace/install/interface_protocol/include/interface_protocol/interface_protocol/msg/detail/joint_state__rosidl_typesupport_fastrtps_cpp.hpp
-- Installing: /home/ubuntu/code/engineai_ros2_workspace/install/interface_protocol/include/interface_protocol/interface_protocol/msg/detail/body_vel_cmd__rosidl_typesupport_fastrtps_cpp.hpp
-- Installing: /home/ubuntu/code/engineai_ros2_workspace/install/interface_protocol/include/interface_protocol/interface_protocol/msg/detail/imu_info__rosidl_typesupport_fastrtps_cpp.hpp
-- Installing: /home/ubuntu/code/engineai_ros2_workspace/install/interface_protocol/include/interface_protocol/interface_protocol/msg/detail/dds_fastrtps
-- Installing: /home/ubuntu/code/engineai_ros2_workspace/install/interface_protocol/lib/libinterface_protocol__rosidl_typesupport_fastrtps_cpp.so
-- Set runtime path of "/home/ubuntu/code/engineai_ros2_workspace/install/interface_protocol/lib/libinterface_protocol__rosidl_typesupport_fastrtps_cpp.so" to ""
-- Up-to-date: /home/ubuntu/code/engineai_ros2_workspace/install/interface_protocol/include/interface_protocol/interface_protocol
-- Up-to-date: /home/ubuntu/code/engineai_ros2_workspace/install/interface_protocol/include/interface_protocol/interface_protocol/srv
-- Up-to-date: /home/ubuntu/code/engineai_ros2_workspace/install/interface_protocol/include/interface_protocol/interface_protocol/srv/detail
-- Installing: /home/ubuntu/code/engineai_ros2_workspace/install/interface_protocol/include/interface_protocol/interface_protocol/srv/detail/enable_motor__rosidl_typesupport_introspection_cpp.hpp
-- Installing: /home/ubuntu/code/engineai_ros2_workspace/install/interface_protocol/include/interface_protocol/interface_protocol/srv/detail/enable_motor__type_support.cpp
-- Up-to-date: /home/ubuntu/code/engineai_ros2_workspace/install/interface_protocol/include/interface_protocol/interface_protocol/msg
-- Up-to-date: /home/ubuntu/code/engineai_ros2_workspace/install/interface_protocol/include/interface_protocol/interface_protocol/msg/detail
-- Installing: /home/ubuntu/code/engineai_ros2_workspace/install/interface_protocol/include/interface_protocol/interface_protocol/msg/detail/body_vel_cmd__type_support.cpp
-- Installing: /home/ubuntu/code/engineai_ros2_workspace/install/interface_protocol/include/interface_protocol/interface_protocol/msg/detail/motion_state__type_support.cpp
-- Installing: /home/ubuntu/code/engineai_ros2_workspace/install/interface_protocol/include/interface_protocol/interface_protocol/msg/detail/joint_command__rosidl_typesupport_introspection_cpp.hpp
-- Installing: /home/ubuntu/code/engineai_ros2_workspace/install/interface_protocol/include/interface_protocol/interface_protocol/msg/detail/gamepad_keys__rosidl_typesupport_introspection_cpp.hpp
-- Installing: /home/ubuntu/code/engineai_ros2_workspace/install/interface_protocol/include/interface_protocol/interface_protocol/msg/detail/parallel_parser_type__rosidl_typesupport_introspection_cpp.hpp
-- Installing: /home/ubuntu/code/engineai_ros2_workspace/install/interface_protocol/include/interface_protocol/interface_protocol/msg/detail/gamepad_keys__type_support.cpp
-- Installing: /home/ubuntu/code/engineai_ros2_workspace/install/interface_protocol/include/interface_protocol/interface_protocol/msg/detail/motor_state__rosidl_typesupport_introspection_cpp.hpp
-- Installing: /home/ubuntu/code/engineai_ros2_workspace/install/interface_protocol/include/interface_protocol/interface_protocol/msg/detail/imu_info__rosidl_typesupport_introspection_cpp.hpp
-- Installing: /home/ubuntu/code/engineai_ros2_workspace/install/interface_protocol/include/interface_protocol/interface_protocol/msg/detail/body_vel_cmd__rosidl_typesupport_introspection_cpp.hpp
-- Installing: /home/ubuntu/code/engineai_ros2_workspace/install/interface_protocol/include/interface_protocol/interface_protocol/msg/detail/motor_command__rosidl_typesupport_introspection_cpp.hpp
-- Installing: /home/ubuntu/code/engineai_ros2_workspace/install/interface_protocol/include/interface_protocol/interface_protocol/msg/detail/joint_state__rosidl_typesupport_introspection_cpp.hpp
-- Installing: /home/ubuntu/code/engineai_ros2_workspace/install/interface_protocol/include/interface_protocol/interface_protocol/msg/detail/heartbeat__type_support.cpp
-- Installing: /home/ubuntu/code/engineai_ros2_workspace/install/interface_protocol/include/interface_protocol/interface_protocol/msg/detail/motor_command__type_support.cpp
-- Installing: /home/ubuntu/code/engineai_ros2_workspace/install/interface_protocol/include/interface_protocol/interface_protocol/msg/detail/motor_state__type_support.cpp
-- Installing: /home/ubuntu/code/engineai_ros2_workspace/install/interface_protocol/include/interface_protocol/interface_protocol/msg/detail/tts__rosidl_typesupport_introspection_cpp.hpp
-- Installing: /home/ubuntu/code/engineai_ros2_workspace/install/interface_protocol/include/interface_protocol/interface_protocol/msg/detail/imu_info__type_support.cpp
-- Installing: /home/ubuntu/code/engineai_ros2_workspace/install/interface_protocol/include/interface_protocol/interface_protocol/msg/detail/motor_debug__type_support.cpp
-- Installing: /home/ubuntu/code/engineai_ros2_workspace/install/interface_protocol/include/interface_protocol/interface_protocol/msg/detail/joint_state__type_support.cpp
-- Installing: /home/ubuntu/code/engineai_ros2_workspace/install/interface_protocol/include/interface_protocol/interface_protocol/msg/detail/motor_debug__rosidl_typesupport_introspection_cpp.hpp
-- Installing: /home/ubuntu/code/engineai_ros2_workspace/install/interface_protocol/include/interface_protocol/interface_protocol/msg/detail/heartbeat__rosidl_typesupport_introspection_cpp.hpp
-- Installing: /home/ubuntu/code/engineai_ros2_workspace/install/interface_protocol/include/interface_protocol/interface_protocol/msg/detail/joint_command__type_support.cpp
-- Installing: /home/ubuntu/code/engineai_ros2_workspace/install/interface_protocol/include/interface_protocol/interface_protocol/msg/detail/tts__type_support.cpp
-- Installing: /home/ubuntu/code/engineai_ros2_workspace/install/interface_protocol/include/interface_protocol/interface_protocol/msg/detail/parallel_parser_type__type_support.cpp
-- Installing: /home/ubuntu/code/engineai_ros2_workspace/install/interface_protocol/include/interface_protocol/interface_protocol/msg/detail/motion_state__rosidl_typesupport_introspection_cpp.hpp
-- Installing: /home/ubuntu/code/engineai_ros2_workspace/install/interface_protocol/lib/libinterface_protocol__rosidl_typesupport_introspection_cpp.so
-- Set runtime path of "/home/ubuntu/code/engineai_ros2_workspace/install/interface_protocol/lib/libinterface_protocol__rosidl_typesupport_introspection_cpp.so" to ""
-- Installing: /home/ubuntu/code/engineai_ros2_workspace/install/interface_protocol/lib/libinterface_protocol__rosidl_typesupport_cpp.so
-- Set runtime path of "/home/ubuntu/code/engineai_ros2_workspace/install/interface_protocol/lib/libinterface_protocol__rosidl_typesupport_cpp.so" to ""
-- Installing: /home/ubuntu/code/engineai_ros2_workspace/install/interface_protocol/share/interface_protocol/environment/pythonpath.sh
-- Installing: /home/ubuntu/code/engineai_ros2_workspace/install/interface_protocol/share/interface_protocol/environment/pythonpath.dsv
-- Installing: /home/ubuntu/code/engineai_ros2_workspace/install/interface_protocol/local/lib/python3.10/dist-packages/interface_protocol-0.0.1-py3.10.egg-info
-- Installing: /home/ubuntu/code/engineai_ros2_workspace/install/interface_protocol/local/lib/python3.10/dist-packages/interface_protocol-0.0.1-py3.10.egg-info/top_level.txt
-- Installing: /home/ubuntu/code/engineai_ros2_workspace/install/interface_protocol/local/lib/python3.10/dist-packages/interface_protocol-0.0.1-py3.10.egg-info/dependency_links.txt
-- Installing: /home/ubuntu/code/engineai_ros2_workspace/install/interface_protocol/local/lib/python3.10/dist-packages/interface_protocol-0.0.1-py3.10.egg-info/SOURCES.txt
-- Installing: /home/ubuntu/code/engineai_ros2_workspace/install/interface_protocol/local/lib/python3.10/dist-packages/interface_protocol-0.0.1-py3.10.egg-info/PKG-INFO
-- Installing: /home/ubuntu/code/engineai_ros2_workspace/install/interface_protocol/local/lib/python3.10/dist-packages/interface_protocol
-- Installing: /home/ubuntu/code/engineai_ros2_workspace/install/interface_protocol/local/lib/python3.10/dist-packages/interface_protocol/interface_protocol_s__rosidl_typesupport_c.cpython-310-x86_64-linux-gnu.so
-- Installing: /home/ubuntu/code/engineai_ros2_workspace/install/interface_protocol/local/lib/python3.10/dist-packages/interface_protocol/srv
-- Installing: /home/ubuntu/code/engineai_ros2_workspace/install/interface_protocol/local/lib/python3.10/dist-packages/interface_protocol/srv/_enable_motor.py
-- Installing: /home/ubuntu/code/engineai_ros2_workspace/install/interface_protocol/local/lib/python3.10/dist-packages/interface_protocol/srv/__init__.py
-- Installing: /home/ubuntu/code/engineai_ros2_workspace/install/interface_protocol/local/lib/python3.10/dist-packages/interface_protocol/srv/_enable_motor_s.c
-- Installing: /home/ubuntu/code/engineai_ros2_workspace/install/interface_protocol/local/lib/python3.10/dist-packages/interface_protocol/_interface_protocol_s.ep.rosidl_typesupport_introspection_c.c
-- Installing: /home/ubuntu/code/engineai_ros2_workspace/install/interface_protocol/local/lib/python3.10/dist-packages/interface_protocol/msg
-- Installing: /home/ubuntu/code/engineai_ros2_workspace/install/interface_protocol/local/lib/python3.10/dist-packages/interface_protocol/msg/_parallel_parser_type.py
-- Installing: /home/ubuntu/code/engineai_ros2_workspace/install/interface_protocol/local/lib/python3.10/dist-packages/interface_protocol/msg/_motor_debug.py
-- Installing: /home/ubuntu/code/engineai_ros2_workspace/install/interface_protocol/local/lib/python3.10/dist-packages/interface_protocol/msg/_heartbeat_s.c
-- Installing: /home/ubuntu/code/engineai_ros2_workspace/install/interface_protocol/local/lib/python3.10/dist-packages/interface_protocol/msg/_motor_command.py
-- Installing: /home/ubuntu/code/engineai_ros2_workspace/install/interface_protocol/local/lib/python3.10/dist-packages/interface_protocol/msg/_joint_command.py
-- Installing: /home/ubuntu/code/engineai_ros2_workspace/install/interface_protocol/local/lib/python3.10/dist-packages/interface_protocol/msg/_heartbeat.py
-- Installing: /home/ubuntu/code/engineai_ros2_workspace/install/interface_protocol/local/lib/python3.10/dist-packages/interface_protocol/msg/_gamepad_keys_s.c
-- Installing: /home/ubuntu/code/engineai_ros2_workspace/install/interface_protocol/local/lib/python3.10/dist-packages/interface_protocol/msg/_tts.py
-- Installing: /home/ubuntu/code/engineai_ros2_workspace/install/interface_protocol/local/lib/python3.10/dist-packages/interface_protocol/msg/_motion_state.py
-- Installing: /home/ubuntu/code/engineai_ros2_workspace/install/interface_protocol/local/lib/python3.10/dist-packages/interface_protocol/msg/_imu_info_s.c
-- Installing: /home/ubuntu/code/engineai_ros2_workspace/install/interface_protocol/local/lib/python3.10/dist-packages/interface_protocol/msg/__init__.py
-- Installing: /home/ubuntu/code/engineai_ros2_workspace/install/interface_protocol/local/lib/python3.10/dist-packages/interface_protocol/msg/_tts_s.c
-- Installing: /home/ubuntu/code/engineai_ros2_workspace/install/interface_protocol/local/lib/python3.10/dist-packages/interface_protocol/msg/_body_vel_cmd.py
-- Installing: /home/ubuntu/code/engineai_ros2_workspace/install/interface_protocol/local/lib/python3.10/dist-packages/interface_protocol/msg/_gamepad_keys.py
-- Installing: /home/ubuntu/code/engineai_ros2_workspace/install/interface_protocol/local/lib/python3.10/dist-packages/interface_protocol/msg/_motion_state_s.c
-- Installing: /home/ubuntu/code/engineai_ros2_workspace/install/interface_protocol/local/lib/python3.10/dist-packages/interface_protocol/msg/_motor_command_s.c
-- Installing: /home/ubuntu/code/engineai_ros2_workspace/install/interface_protocol/local/lib/python3.10/dist-packages/interface_protocol/msg/_joint_command_s.c
-- Installing: /home/ubuntu/code/engineai_ros2_workspace/install/interface_protocol/local/lib/python3.10/dist-packages/interface_protocol/msg/_motor_state.py
-- Installing: /home/ubuntu/code/engineai_ros2_workspace/install/interface_protocol/local/lib/python3.10/dist-packages/interface_protocol/msg/_joint_state_s.c
-- Installing: /home/ubuntu/code/engineai_ros2_workspace/install/interface_protocol/local/lib/python3.10/dist-packages/interface_protocol/msg/_parallel_parser_type_s.c
-- Installing: /home/ubuntu/code/engineai_ros2_workspace/install/interface_protocol/local/lib/python3.10/dist-packages/interface_protocol/msg/_imu_info.py
-- Installing: /home/ubuntu/code/engineai_ros2_workspace/install/interface_protocol/local/lib/python3.10/dist-packages/interface_protocol/msg/_motor_debug_s.c
-- Installing: /home/ubuntu/code/engineai_ros2_workspace/install/interface_protocol/local/lib/python3.10/dist-packages/interface_protocol/msg/_joint_state.py
-- Installing: /home/ubuntu/code/engineai_ros2_workspace/install/interface_protocol/local/lib/python3.10/dist-packages/interface_protocol/msg/_motor_state_s.c
-- Installing: /home/ubuntu/code/engineai_ros2_workspace/install/interface_protocol/local/lib/python3.10/dist-packages/interface_protocol/msg/_body_vel_cmd_s.c
-- Installing: /home/ubuntu/code/engineai_ros2_workspace/install/interface_protocol/local/lib/python3.10/dist-packages/interface_protocol/libinterface_protocol__rosidl_generator_py.so
-- Installing: /home/ubuntu/code/engineai_ros2_workspace/install/interface_protocol/local/lib/python3.10/dist-packages/interface_protocol/__init__.py
-- Installing: /home/ubuntu/code/engineai_ros2_workspace/install/interface_protocol/local/lib/python3.10/dist-packages/interface_protocol/_interface_protocol_s.ep.rosidl_typesupport_fastrtps_c.c
-- Installing: /home/ubuntu/code/engineai_ros2_workspace/install/interface_protocol/local/lib/python3.10/dist-packages/interface_protocol/_interface_protocol_s.ep.rosidl_typesupport_c.c
-- Installing: /home/ubuntu/code/engineai_ros2_workspace/install/interface_protocol/local/lib/python3.10/dist-packages/interface_protocol/interface_protocol_s__rosidl_typesupport_fastrtps_c.cpython-310-x86_64-linux-gnu.so
-- Installing: /home/ubuntu/code/engineai_ros2_workspace/install/interface_protocol/local/lib/python3.10/dist-packages/interface_protocol/interface_protocol_s__rosidl_typesupport_introspection_c.cpython-310-x86_64-linux-gnu.so
Listing '/home/ubuntu/code/engineai_ros2_workspace/install/interface_protocol/local/lib/python3.10/dist-packages/interface_protocol'...
Compiling '/home/ubuntu/code/engineai_ros2_workspace/install/interface_protocol/local/lib/python3.10/dist-packages/interface_protocol/__init__.py'...
Listing '/home/ubuntu/code/engineai_ros2_workspace/install/interface_protocol/local/lib/python3.10/dist-packages/interface_protocol/msg'...
Compiling '/home/ubuntu/code/engineai_ros2_workspace/install/interface_protocol/local/lib/python3.10/dist-packages/interface_protocol/msg/__init__.py'...
Compiling '/home/ubuntu/code/engineai_ros2_workspace/install/interface_protocol/local/lib/python3.10/dist-packages/interface_protocol/msg/_body_vel_cmd.py'...
Compiling '/home/ubuntu/code/engineai_ros2_workspace/install/interface_protocol/local/lib/python3.10/dist-packages/interface_protocol/msg/_gamepad_keys.py'...
Compiling '/home/ubuntu/code/engineai_ros2_workspace/install/interface_protocol/local/lib/python3.10/dist-packages/interface_protocol/msg/_heartbeat.py'...
Compiling '/home/ubuntu/code/engineai_ros2_workspace/install/interface_protocol/local/lib/python3.10/dist-packages/interface_protocol/msg/_imu_info.py'...
Compiling '/home/ubuntu/code/engineai_ros2_workspace/install/interface_protocol/local/lib/python3.10/dist-packages/interface_protocol/msg/_joint_command.py'...
Compiling '/home/ubuntu/code/engineai_ros2_workspace/install/interface_protocol/local/lib/python3.10/dist-packages/interface_protocol/msg/_joint_state.py'...
Compiling '/home/ubuntu/code/engineai_ros2_workspace/install/interface_protocol/local/lib/python3.10/dist-packages/interface_protocol/msg/_motion_state.py'...
Compiling '/home/ubuntu/code/engineai_ros2_workspace/install/interface_protocol/local/lib/python3.10/dist-packages/interface_protocol/msg/_motor_command.py'...
Compiling '/home/ubuntu/code/engineai_ros2_workspace/install/interface_protocol/local/lib/python3.10/dist-packages/interface_protocol/msg/_motor_debug.py'...
Compiling '/home/ubuntu/code/engineai_ros2_workspace/install/interface_protocol/local/lib/python3.10/dist-packages/interface_protocol/msg/_motor_state.py'...
Compiling '/home/ubuntu/code/engineai_ros2_workspace/install/interface_protocol/local/lib/python3.10/dist-packages/interface_protocol/msg/_parallel_parser_type.py'...
Compiling '/home/ubuntu/code/engineai_ros2_workspace/install/interface_protocol/local/lib/python3.10/dist-packages/interface_protocol/msg/_tts.py'...
Listing '/home/ubuntu/code/engineai_ros2_workspace/install/interface_protocol/local/lib/python3.10/dist-packages/interface_protocol/srv'...
Compiling '/home/ubuntu/code/engineai_ros2_workspace/install/interface_protocol/local/lib/python3.10/dist-packages/interface_protocol/srv/__init__.py'...
Compiling '/home/ubuntu/code/engineai_ros2_workspace/install/interface_protocol/local/lib/python3.10/dist-packages/interface_protocol/srv/_enable_motor.py'...
-- Installing: /home/ubuntu/code/engineai_ros2_workspace/install/interface_protocol/local/lib/python3.10/dist-packages/interface_protocol/interface_protocol_s__rosidl_typesupport_fastrtps_c.cpython-310-x86_64-linux-gnu.so
-- Set runtime path of "/home/ubuntu/code/engineai_ros2_workspace/install/interface_protocol/local/lib/python3.10/dist-packages/interface_protocol/interface_protocol_s__rosidl_typesupport_fastrtps_c.cpython-310-x86_64-linux-gnu.so" to ""
-- Installing: /home/ubuntu/code/engineai_ros2_workspace/install/interface_protocol/local/lib/python3.10/dist-packages/interface_protocol/interface_protocol_s__rosidl_typesupport_introspection_c.cpython-310-x86_64-linux-gnu.so
-- Set runtime path of "/home/ubuntu/code/engineai_ros2_workspace/install/interface_protocol/local/lib/python3.10/dist-packages/interface_protocol/interface_protocol_s__rosidl_typesupport_introspection_c.cpython-310-x86_64-linux-gnu.so" to ""
-- Installing: /home/ubuntu/code/engineai_ros2_workspace/install/interface_protocol/local/lib/python3.10/dist-packages/interface_protocol/interface_protocol_s__rosidl_typesupport_c.cpython-310-x86_64-linux-gnu.so
-- Set runtime path of "/home/ubuntu/code/engineai_ros2_workspace/install/interface_protocol/local/lib/python3.10/dist-packages/interface_protocol/interface_protocol_s__rosidl_typesupport_c.cpython-310-x86_64-linux-gnu.so" to ""
-- Installing: /home/ubuntu/code/engineai_ros2_workspace/install/interface_protocol/lib/libinterface_protocol__rosidl_generator_py.so
-- Set runtime path of "/home/ubuntu/code/engineai_ros2_workspace/install/interface_protocol/lib/libinterface_protocol__rosidl_generator_py.so" to ""
-- Installing: /home/ubuntu/code/engineai_ros2_workspace/install/interface_protocol/share/interface_protocol/msg/BodyVelCmd.idl
-- Installing: /home/ubuntu/code/engineai_ros2_workspace/install/interface_protocol/share/interface_protocol/msg/GamepadKeys.idl
-- Installing: /home/ubuntu/code/engineai_ros2_workspace/install/interface_protocol/share/interface_protocol/msg/Heartbeat.idl
-- Installing: /home/ubuntu/code/engineai_ros2_workspace/install/interface_protocol/share/interface_protocol/msg/ImuInfo.idl
-- Installing: /home/ubuntu/code/engineai_ros2_workspace/install/interface_protocol/share/interface_protocol/msg/JointCommand.idl
-- Installing: /home/ubuntu/code/engineai_ros2_workspace/install/interface_protocol/share/interface_protocol/msg/JointState.idl
-- Installing: /home/ubuntu/code/engineai_ros2_workspace/install/interface_protocol/share/interface_protocol/msg/MotionState.idl
-- Installing: /home/ubuntu/code/engineai_ros2_workspace/install/interface_protocol/share/interface_protocol/msg/MotorCommand.idl
-- Installing: /home/ubuntu/code/engineai_ros2_workspace/install/interface_protocol/share/interface_protocol/msg/MotorDebug.idl
-- Installing: /home/ubuntu/code/engineai_ros2_workspace/install/interface_protocol/share/interface_protocol/msg/MotorState.idl
-- Installing: /home/ubuntu/code/engineai_ros2_workspace/install/interface_protocol/share/interface_protocol/msg/ParallelParserType.idl
-- Installing: /home/ubuntu/code/engineai_ros2_workspace/install/interface_protocol/share/interface_protocol/msg/Tts.idl
-- Installing: /home/ubuntu/code/engineai_ros2_workspace/install/interface_protocol/share/interface_protocol/srv/EnableMotor.idl
-- Installing: /home/ubuntu/code/engineai_ros2_workspace/install/interface_protocol/share/interface_protocol/msg/BodyVelCmd.msg
-- Installing: /home/ubuntu/code/engineai_ros2_workspace/install/interface_protocol/share/interface_protocol/msg/GamepadKeys.msg
-- Installing: /home/ubuntu/code/engineai_ros2_workspace/install/interface_protocol/share/interface_protocol/msg/Heartbeat.msg
-- Installing: /home/ubuntu/code/engineai_ros2_workspace/install/interface_protocol/share/interface_protocol/msg/ImuInfo.msg
-- Installing: /home/ubuntu/code/engineai_ros2_workspace/install/interface_protocol/share/interface_protocol/msg/JointCommand.msg
-- Installing: /home/ubuntu/code/engineai_ros2_workspace/install/interface_protocol/share/interface_protocol/msg/JointState.msg
-- Installing: /home/ubuntu/code/engineai_ros2_workspace/install/interface_protocol/share/interface_protocol/msg/MotionState.msg
-- Installing: /home/ubuntu/code/engineai_ros2_workspace/install/interface_protocol/share/interface_protocol/msg/MotorCommand.msg
-- Installing: /home/ubuntu/code/engineai_ros2_workspace/install/interface_protocol/share/interface_protocol/msg/MotorDebug.msg
-- Installing: /home/ubuntu/code/engineai_ros2_workspace/install/interface_protocol/share/interface_protocol/msg/MotorState.msg
-- Installing: /home/ubuntu/code/engineai_ros2_workspace/install/interface_protocol/share/interface_protocol/msg/ParallelParserType.msg
-- Installing: /home/ubuntu/code/engineai_ros2_workspace/install/interface_protocol/share/interface_protocol/msg/Tts.msg
-- Installing: /home/ubuntu/code/engineai_ros2_workspace/install/interface_protocol/share/interface_protocol/srv/EnableMotor.srv
-- Installing: /home/ubuntu/code/engineai_ros2_workspace/install/interface_protocol/share/interface_protocol/srv/EnableMotor_Request.msg
-- Installing: /home/ubuntu/code/engineai_ros2_workspace/install/interface_protocol/share/interface_protocol/srv/EnableMotor_Response.msg
-- Installing: /home/ubuntu/code/engineai_ros2_workspace/install/interface_protocol/share/ament_index/resource_index/package_run_dependencies/interface_protocol
-- Installing: /home/ubuntu/code/engineai_ros2_workspace/install/interface_protocol/share/ament_index/resource_index/parent_prefix_path/interface_protocol
-- Installing: /home/ubuntu/code/engineai_ros2_workspace/install/interface_protocol/share/interface_protocol/environment/ament_prefix_path.sh
-- Installing: /home/ubuntu/code/engineai_ros2_workspace/install/interface_protocol/share/interface_protocol/environment/ament_prefix_path.dsv
-- Installing: /home/ubuntu/code/engineai_ros2_workspace/install/interface_protocol/share/interface_protocol/environment/path.sh
-- Installing: /home/ubuntu/code/engineai_ros2_workspace/install/interface_protocol/share/interface_protocol/environment/path.dsv
-- Installing: /home/ubuntu/code/engineai_ros2_workspace/install/interface_protocol/share/interface_protocol/local_setup.bash
-- Installing: /home/ubuntu/code/engineai_ros2_workspace/install/interface_protocol/share/interface_protocol/local_setup.sh
-- Installing: /home/ubuntu/code/engineai_ros2_workspace/install/interface_protocol/share/interface_protocol/local_setup.zsh
-- Installing: /home/ubuntu/code/engineai_ros2_workspace/install/interface_protocol/share/interface_protocol/local_setup.dsv
-- Installing: /home/ubuntu/code/engineai_ros2_workspace/install/interface_protocol/share/interface_protocol/package.dsv
-- Installing: /home/ubuntu/code/engineai_ros2_workspace/install/interface_protocol/share/ament_index/resource_index/packages/interface_protocol
-- Installing: /home/ubuntu/code/engineai_ros2_workspace/install/interface_protocol/share/interface_protocol/cmake/export_interface_protocol__rosidl_generator_cExport.cmake
-- Installing: /home/ubuntu/code/engineai_ros2_workspace/install/interface_protocol/share/interface_protocol/cmake/export_interface_protocol__rosidl_generator_cExport-release.cmake
-- Installing: /home/ubuntu/code/engineai_ros2_workspace/install/interface_protocol/share/interface_protocol/cmake/export_interface_protocol__rosidl_typesupport_fastrtps_cExport.cmake
-- Installing: /home/ubuntu/code/engineai_ros2_workspace/install/interface_protocol/share/interface_protocol/cmake/export_interface_protocol__rosidl_typesupport_fastrtps_cExport-release.cmake
-- Installing: /home/ubuntu/code/engineai_ros2_workspace/install/interface_protocol/share/interface_protocol/cmake/interface_protocol__rosidl_typesupport_introspection_cExport.cmake
-- Installing: /home/ubuntu/code/engineai_ros2_workspace/install/interface_protocol/share/interface_protocol/cmake/interface_protocol__rosidl_typesupport_introspection_cExport-release.cmake
-- Installing: /home/ubuntu/code/engineai_ros2_workspace/install/interface_protocol/share/interface_protocol/cmake/interface_protocol__rosidl_typesupport_cExport.cmake
-- Installing: /home/ubuntu/code/engineai_ros2_workspace/install/interface_protocol/share/interface_protocol/cmake/interface_protocol__rosidl_typesupport_cExport-release.cmake
-- Installing: /home/ubuntu/code/engineai_ros2_workspace/install/interface_protocol/share/interface_protocol/cmake/export_interface_protocol__rosidl_generator_cppExport.cmake
-- Installing: /home/ubuntu/code/engineai_ros2_workspace/install/interface_protocol/share/interface_protocol/cmake/export_interface_protocol__rosidl_typesupport_fastrtps_cppExport.cmake
-- Installing: /home/ubuntu/code/engineai_ros2_workspace/install/interface_protocol/share/interface_protocol/cmake/export_interface_protocol__rosidl_typesupport_fastrtps_cppExport-release.cmake
-- Installing: /home/ubuntu/code/engineai_ros2_workspace/install/interface_protocol/share/interface_protocol/cmake/interface_protocol__rosidl_typesupport_introspection_cppExport.cmake
-- Installing: /home/ubuntu/code/engineai_ros2_workspace/install/interface_protocol/share/interface_protocol/cmake/interface_protocol__rosidl_typesupport_introspection_cppExport-release.cmake
-- Installing: /home/ubuntu/code/engineai_ros2_workspace/install/interface_protocol/share/interface_protocol/cmake/interface_protocol__rosidl_typesupport_cppExport.cmake
-- Installing: /home/ubuntu/code/engineai_ros2_workspace/install/interface_protocol/share/interface_protocol/cmake/interface_protocol__rosidl_typesupport_cppExport-release.cmake
-- Installing: /home/ubuntu/code/engineai_ros2_workspace/install/interface_protocol/share/interface_protocol/cmake/export_interface_protocol__rosidl_generator_pyExport.cmake
-- Installing: /home/ubuntu/code/engineai_ros2_workspace/install/interface_protocol/share/interface_protocol/cmake/export_interface_protocol__rosidl_generator_pyExport-release.cmake
-- Installing: /home/ubuntu/code/engineai_ros2_workspace/install/interface_protocol/share/interface_protocol/cmake/rosidl_cmake-extras.cmake
-- Installing: /home/ubuntu/code/engineai_ros2_workspace/install/interface_protocol/share/interface_protocol/cmake/ament_cmake_export_dependencies-extras.cmake
-- Installing: /home/ubuntu/code/engineai_ros2_workspace/install/interface_protocol/share/interface_protocol/cmake/ament_cmake_export_include_directories-extras.cmake
-- Installing: /home/ubuntu/code/engineai_ros2_workspace/install/interface_protocol/share/interface_protocol/cmake/ament_cmake_export_libraries-extras.cmake
-- Installing: /home/ubuntu/code/engineai_ros2_workspace/install/interface_protocol/share/interface_protocol/cmake/ament_cmake_export_targets-extras.cmake
-- Installing: /home/ubuntu/code/engineai_ros2_workspace/install/interface_protocol/share/interface_protocol/cmake/rosidl_cmake_export_typesupport_targets-extras.cmake
-- Installing: /home/ubuntu/code/engineai_ros2_workspace/install/interface_protocol/share/interface_protocol/cmake/rosidl_cmake_export_typesupport_libraries-extras.cmake
-- Installing: /home/ubuntu/code/engineai_ros2_workspace/install/interface_protocol/share/interface_protocol/cmake/interface_protocolConfig.cmake
-- Installing: /home/ubuntu/code/engineai_ros2_workspace/install/interface_protocol/share/interface_protocol/cmake/interface_protocolConfig-version.cmake
-- Installing: /home/ubuntu/code/engineai_ros2_workspace/install/interface_protocol/share/interface_protocol/package.xml
